05/31/2024-11:20:57 AM: (files_management.py): INFO: init_logger Line: 268 - Started
05/31/2024-11:22:39 AM: (files_management.py): INFO: logger_dataset Line: 282 - ================== Study information ==================
05/31/2024-11:22:39 AM: (files_management.py): INFO: logger_dataset Line: 284 - __________________ Dataset information __________________
05/31/2024-11:22:39 AM: (files_management.py): INFO: logger_dataset Line: 288 - Number of samples: 9125
05/31/2024-11:22:39 AM: (files_management.py): INFO: logger_dataset Line: 289 - Dimensions of input: (15, 15, 9)
05/31/2024-11:22:39 AM: (files_management.py): INFO: logger_dataset Line: 294 - Overall label distribution: 0: 5433 (59.54%), 1: 3692 (40.46%)
05/31/2024-11:22:39 AM: (files_management.py): INFO: logger_dataset Line: 295 - Massives: ['ARAVIS' 'BAUGES' 'BEAUFORTAIN' 'BELLEDONNE' 'CHARTEUSE'
 'GRANDES-ROUSSES' 'HTE-MAURIE' 'HTE-TARENT' 'MAURIENNE' 'MONT-BLANC'
 'THABOR' 'VANOISE' 'VERCORS']
05/31/2024-11:22:39 AM: (files_management.py): INFO: logger_dataset Line: 296 - Samples per massif:
05/31/2024-11:22:39 AM: (files_management.py): INFO: logger_dataset Line: 304 -   ARAVIS: 994 samples (Targets: 0: 630 (63.38%), 1: 364 (36.62%))
05/31/2024-11:22:39 AM: (files_management.py): INFO: logger_dataset Line: 304 -   BAUGES: 857 samples (Targets: 0: 557 (64.99%), 1: 300 (35.01%))
05/31/2024-11:22:39 AM: (files_management.py): INFO: logger_dataset Line: 304 -   BEAUFORTAIN: 1275 samples (Targets: 0: 840 (65.88%), 1: 435 (34.12%))
05/31/2024-11:22:39 AM: (files_management.py): INFO: logger_dataset Line: 304 -   BELLEDONNE: 901 samples (Targets: 0: 431 (47.84%), 1: 470 (52.16%))
05/31/2024-11:22:39 AM: (files_management.py): INFO: logger_dataset Line: 304 -   CHARTEUSE: 809 samples (Targets: 0: 485 (59.95%), 1: 324 (40.05%))
05/31/2024-11:22:39 AM: (files_management.py): INFO: logger_dataset Line: 304 -   GRANDES-ROUSSES: 347 samples (Targets: 0: 185 (53.31%), 1: 162 (46.69%))
05/31/2024-11:22:39 AM: (files_management.py): INFO: logger_dataset Line: 304 -   HTE-MAURIE: 312 samples (Targets: 0: 186 (59.62%), 1: 126 (40.38%))
05/31/2024-11:22:39 AM: (files_management.py): INFO: logger_dataset Line: 304 -   HTE-TARENT: 338 samples (Targets: 0: 133 (39.35%), 1: 205 (60.65%))
05/31/2024-11:22:39 AM: (files_management.py): INFO: logger_dataset Line: 304 -   MAURIENNE: 1084 samples (Targets: 0: 743 (68.54%), 1: 341 (31.46%))
05/31/2024-11:22:39 AM: (files_management.py): INFO: logger_dataset Line: 304 -   MONT-BLANC: 561 samples (Targets: 0: 266 (47.42%), 1: 295 (52.58%))
05/31/2024-11:22:39 AM: (files_management.py): INFO: logger_dataset Line: 304 -   THABOR: 93 samples (Targets: 0: 71 (76.34%), 1: 22 (23.66%))
05/31/2024-11:22:39 AM: (files_management.py): INFO: logger_dataset Line: 304 -   VANOISE: 1357 samples (Targets: 0: 793 (58.44%), 1: 564 (41.56%))
05/31/2024-11:22:39 AM: (files_management.py): INFO: logger_dataset Line: 304 -   VERCORS: 197 samples (Targets: 0: 113 (57.36%), 1: 84 (42.64%))
05/31/2024-11:22:39 AM: (files_management.py): INFO: logger_dataset Line: 306 - __________________ Models information __________________
05/31/2024-11:22:39 AM: (files_management.py): INFO: logger_dataset Line: 310 - Pipeline configurations:
05/31/2024-11:22:39 AM: (files_management.py): INFO: logger_dataset Line: 312 -   Pipeline: KNN_direct
05/31/2024-11:22:39 AM: (files_management.py): INFO: logger_dataset Line: 314 -     - Step: Hist_SAR
05/31/2024-11:22:39 AM: (files_management.py): INFO: logger_dataset Line: 314 -     - Step: KNeighborsClassifier
05/31/2024-11:22:39 AM: (files_management.py): INFO: logger_dataset Line: 319 -       - Parameters:
05/31/2024-11:22:39 AM: (files_management.py): INFO: logger_dataset Line: 321 -         - n_neighbors: 50
05/31/2024-11:22:39 AM: (files_management.py): INFO: logger_dataset Line: 319 -       - Parameters:
05/31/2024-11:22:39 AM: (files_management.py): INFO: logger_dataset Line: 321 -         - n_jobs: -1
05/31/2024-11:22:39 AM: (files_management.py): INFO: logger_dataset Line: 312 -   Pipeline: RandomForest_direct
05/31/2024-11:22:39 AM: (files_management.py): INFO: logger_dataset Line: 314 -     - Step: Hist_SAR
05/31/2024-11:22:39 AM: (files_management.py): INFO: logger_dataset Line: 314 -     - Step: RandomForestClassifier
05/31/2024-11:22:39 AM: (files_management.py): INFO: logger_dataset Line: 319 -       - Parameters:
05/31/2024-11:22:39 AM: (files_management.py): INFO: logger_dataset Line: 321 -         - n_estimators: 200
05/31/2024-11:22:39 AM: (files_management.py): INFO: logger_dataset Line: 319 -       - Parameters:
05/31/2024-11:22:39 AM: (files_management.py): INFO: logger_dataset Line: 321 -         - criterion: entropy
05/31/2024-11:22:39 AM: (files_management.py): INFO: logger_dataset Line: 319 -       - Parameters:
05/31/2024-11:22:39 AM: (files_management.py): INFO: logger_dataset Line: 321 -         - n_jobs: -1
05/31/2024-11:22:39 AM: (files_management.py): INFO: logger_dataset Line: 312 -   Pipeline: MLP_direct
05/31/2024-11:22:39 AM: (files_management.py): INFO: logger_dataset Line: 314 -     - Step: Hist_SAR
05/31/2024-11:22:39 AM: (files_management.py): INFO: logger_dataset Line: 314 -     - Step: MLPClassifier
05/31/2024-11:22:39 AM: (files_management.py): INFO: logger_dataset Line: 319 -       - Parameters:
05/31/2024-11:22:39 AM: (files_management.py): INFO: logger_dataset Line: 321 -         - alpha: 0.01
05/31/2024-11:22:39 AM: (files_management.py): INFO: logger_dataset Line: 312 -   Pipeline: SVMrbf_direct
05/31/2024-11:22:39 AM: (files_management.py): INFO: logger_dataset Line: 314 -     - Step: Hist_SAR
05/31/2024-11:22:39 AM: (files_management.py): INFO: logger_dataset Line: 314 -     - Step: SVC
05/31/2024-11:22:39 AM: (files_management.py): INFO: logger_dataset Line: 319 -       - Parameters:
05/31/2024-11:22:39 AM: (files_management.py): INFO: logger_dataset Line: 321 -         - kernel: rbf
05/31/2024-11:22:39 AM: (files_management.py): INFO: logger_dataset Line: 319 -       - Parameters:
05/31/2024-11:22:39 AM: (files_management.py): INFO: logger_dataset Line: 321 -         - probability: 1
05/31/2024-11:22:39 AM: (files_management.py): INFO: logger_dataset Line: 312 -   Pipeline: LogisticR_direct
05/31/2024-11:22:39 AM: (files_management.py): INFO: logger_dataset Line: 314 -     - Step: Hist_SAR
05/31/2024-11:22:39 AM: (files_management.py): INFO: logger_dataset Line: 314 -     - Step: LogisticRegression
05/31/2024-11:22:39 AM: (files_management.py): INFO: logger_dataset Line: 312 -   Pipeline: AdaBoost_direct
05/31/2024-11:22:39 AM: (files_management.py): INFO: logger_dataset Line: 314 -     - Step: Hist_SAR
05/31/2024-11:22:39 AM: (files_management.py): INFO: logger_dataset Line: 314 -     - Step: AdaBoostClassifier
05/31/2024-11:22:39 AM: (files_management.py): INFO: logger_dataset Line: 319 -       - Parameters:
05/31/2024-11:22:39 AM: (files_management.py): INFO: logger_dataset Line: 321 -         - n_estimators: 200
05/31/2024-11:22:39 AM: (files_management.py): INFO: logger_dataset Line: 322 - __________________ Folds information __________________
05/31/2024-11:22:39 AM: (files_management.py): INFO: logger_fold Line: 328 - ------------------Fold : 0 ------------------
05/31/2024-11:22:39 AM: (files_management.py): INFO: logger_fold Line: 329 -     - Distribution class train: (array([0, 1]), array([4205, 3027]))
05/31/2024-11:22:39 AM: (files_management.py): INFO: logger_fold Line: 330 -     - Distribution class test: (array([0, 1]), array([1228,  665]))
05/31/2024-11:22:39 AM: (files_management.py): INFO: logger_fold Line: 331 -     - Train size: 79.25%
05/31/2024-11:22:39 AM: (files_management.py): INFO: logger_fold Line: 332 -     - Massif in train ['ARAVIS' 'BAUGES' 'BEAUFORTAIN' 'BELLEDONNE' 'GRANDES-ROUSSES'
 'HTE-MAURIE' 'HTE-TARENT' 'MONT-BLANC' 'THABOR' 'VANOISE' 'VERCORS']
05/31/2024-11:22:39 AM: (files_management.py): INFO: logger_fold Line: 333 -     - Massif in test ['CHARTEUSE' 'MAURIENNE']
05/31/2024-11:22:39 AM: (files_management.py): INFO: logger_fold Line: 328 - ------------------Fold : 1 ------------------
05/31/2024-11:22:39 AM: (files_management.py): INFO: logger_fold Line: 329 -     - Distribution class train: (array([0, 1]), array([4327, 2962]))
05/31/2024-11:22:39 AM: (files_management.py): INFO: logger_fold Line: 330 -     - Distribution class test: (array([0, 1]), array([1106,  730]))
05/31/2024-11:22:39 AM: (files_management.py): INFO: logger_fold Line: 331 -     - Train size: 79.88%
05/31/2024-11:22:39 AM: (files_management.py): INFO: logger_fold Line: 332 -     - Massif in train ['ARAVIS' 'BAUGES' 'BELLEDONNE' 'CHARTEUSE' 'GRANDES-ROUSSES' 'HTE-MAURIE'
 'HTE-TARENT' 'MAURIENNE' 'THABOR' 'VANOISE' 'VERCORS']
05/31/2024-11:22:39 AM: (files_management.py): INFO: logger_fold Line: 333 -     - Massif in test ['BEAUFORTAIN' 'MONT-BLANC']
05/31/2024-11:22:39 AM: (files_management.py): INFO: logger_fold Line: 328 - ------------------Fold : 2 ------------------
05/31/2024-11:22:39 AM: (files_management.py): INFO: logger_fold Line: 329 -     - Distribution class train: (array([0, 1]), array([4318, 3004]))
05/31/2024-11:22:39 AM: (files_management.py): INFO: logger_fold Line: 330 -     - Distribution class test: (array([0, 1]), array([1115,  688]))
05/31/2024-11:22:39 AM: (files_management.py): INFO: logger_fold Line: 331 -     - Train size: 80.24%
05/31/2024-11:22:39 AM: (files_management.py): INFO: logger_fold Line: 332 -     - Massif in train ['BAUGES' 'BEAUFORTAIN' 'BELLEDONNE' 'GRANDES-ROUSSES' 'HTE-MAURIE'
 'HTE-TARENT' 'MAURIENNE' 'MONT-BLANC' 'THABOR' 'VANOISE' 'VERCORS']
05/31/2024-11:22:39 AM: (files_management.py): INFO: logger_fold Line: 333 -     - Massif in test ['ARAVIS' 'CHARTEUSE']
05/31/2024-11:22:39 AM: (files_management.py): INFO: logger_fold Line: 328 - ------------------Fold : 3 ------------------
05/31/2024-11:22:39 AM: (files_management.py): INFO: logger_fold Line: 329 -     - Distribution class train: (array([0, 1]), array([4246, 3028]))
05/31/2024-11:22:39 AM: (files_management.py): INFO: logger_fold Line: 330 -     - Distribution class test: (array([0, 1]), array([1187,  664]))
05/31/2024-11:22:39 AM: (files_management.py): INFO: logger_fold Line: 331 -     - Train size: 79.72%
05/31/2024-11:22:39 AM: (files_management.py): INFO: logger_fold Line: 332 -     - Massif in train ['BEAUFORTAIN' 'BELLEDONNE' 'CHARTEUSE' 'GRANDES-ROUSSES' 'HTE-MAURIE'
 'HTE-TARENT' 'MAURIENNE' 'MONT-BLANC' 'THABOR' 'VANOISE' 'VERCORS']
05/31/2024-11:22:39 AM: (files_management.py): INFO: logger_fold Line: 333 -     - Massif in test ['ARAVIS' 'BAUGES']
05/31/2024-11:22:39 AM: (files_management.py): INFO: logger_fold Line: 328 - ------------------Fold : 4 ------------------
05/31/2024-11:22:39 AM: (files_management.py): INFO: logger_fold Line: 329 -     - Distribution class train: (array([0, 1]), array([4445, 2922]))
05/31/2024-11:22:39 AM: (files_management.py): INFO: logger_fold Line: 330 -     - Distribution class test: (array([0, 1]), array([988, 770]))
05/31/2024-11:22:39 AM: (files_management.py): INFO: logger_fold Line: 331 -     - Train size: 80.73%
05/31/2024-11:22:39 AM: (files_management.py): INFO: logger_fold Line: 332 -     - Massif in train ['ARAVIS' 'BEAUFORTAIN' 'CHARTEUSE' 'GRANDES-ROUSSES' 'HTE-MAURIE'
 'HTE-TARENT' 'MAURIENNE' 'MONT-BLANC' 'THABOR' 'VANOISE' 'VERCORS']
05/31/2024-11:22:39 AM: (files_management.py): INFO: logger_fold Line: 333 -     - Massif in test ['BAUGES' 'BELLEDONNE']
05/31/2024-11:22:39 AM: (files_management.py): INFO: logger_fold Line: 328 - ------------------Fold : 5 ------------------
05/31/2024-11:22:39 AM: (files_management.py): INFO: logger_fold Line: 329 -     - Distribution class train: (array([0, 1]), array([4311, 2972]))
05/31/2024-11:22:39 AM: (files_management.py): INFO: logger_fold Line: 330 -     - Distribution class test: (array([0, 1]), array([1122,  720]))
05/31/2024-11:22:39 AM: (files_management.py): INFO: logger_fold Line: 331 -     - Train size: 79.81%
05/31/2024-11:22:39 AM: (files_management.py): INFO: logger_fold Line: 332 -     - Massif in train ['ARAVIS' 'BAUGES' 'BEAUFORTAIN' 'BELLEDONNE' 'CHARTEUSE'
 'GRANDES-ROUSSES' 'HTE-MAURIE' 'HTE-TARENT' 'THABOR' 'VANOISE']
05/31/2024-11:22:39 AM: (files_management.py): INFO: logger_fold Line: 333 -     - Massif in test ['MAURIENNE' 'MONT-BLANC' 'VERCORS']
05/31/2024-11:22:39 AM: (files_management.py): INFO: logger_fold Line: 328 - ------------------Fold : 6 ------------------
05/31/2024-11:22:39 AM: (files_management.py): INFO: logger_fold Line: 329 -     - Distribution class train: (array([0, 1]), array([4394, 2839]))
05/31/2024-11:22:39 AM: (files_management.py): INFO: logger_fold Line: 330 -     - Distribution class test: (array([0, 1]), array([1039,  853]))
05/31/2024-11:22:39 AM: (files_management.py): INFO: logger_fold Line: 331 -     - Train size: 79.27%
05/31/2024-11:22:39 AM: (files_management.py): INFO: logger_fold Line: 332 -     - Massif in train ['ARAVIS' 'BAUGES' 'BEAUFORTAIN' 'BELLEDONNE' 'CHARTEUSE'
 'GRANDES-ROUSSES' 'HTE-MAURIE' 'MAURIENNE' 'MONT-BLANC' 'THABOR']
05/31/2024-11:22:39 AM: (files_management.py): INFO: logger_fold Line: 333 -     - Massif in test ['HTE-TARENT' 'VANOISE' 'VERCORS']
05/31/2024-11:22:39 AM: (files_management.py): INFO: logger_fold Line: 328 - ------------------Fold : 7 ------------------
05/31/2024-11:22:39 AM: (files_management.py): INFO: logger_fold Line: 329 -     - Distribution class train: (array([0, 1]), array([4371, 3020]))
05/31/2024-11:22:39 AM: (files_management.py): INFO: logger_fold Line: 330 -     - Distribution class test: (array([0, 1]), array([1062,  672]))
05/31/2024-11:22:39 AM: (files_management.py): INFO: logger_fold Line: 331 -     - Train size: 81.00%
05/31/2024-11:22:39 AM: (files_management.py): INFO: logger_fold Line: 332 -     - Massif in train ['ARAVIS' 'BAUGES' 'BEAUFORTAIN' 'BELLEDONNE' 'CHARTEUSE'
 'GRANDES-ROUSSES' 'MONT-BLANC' 'THABOR' 'VANOISE' 'VERCORS']
05/31/2024-11:22:39 AM: (files_management.py): INFO: logger_fold Line: 333 -     - Massif in test ['HTE-MAURIE' 'HTE-TARENT' 'MAURIENNE']
05/31/2024-11:22:39 AM: (files_management.py): INFO: logger_fold Line: 328 - ------------------Fold : 8 ------------------
05/31/2024-11:22:39 AM: (files_management.py): INFO: logger_fold Line: 329 -     - Distribution class train: (array([0, 1]), array([4372, 2984]))
05/31/2024-11:22:39 AM: (files_management.py): INFO: logger_fold Line: 330 -     - Distribution class test: (array([0, 1]), array([1061,  708]))
05/31/2024-11:22:39 AM: (files_management.py): INFO: logger_fold Line: 331 -     - Train size: 80.61%
05/31/2024-11:22:39 AM: (files_management.py): INFO: logger_fold Line: 332 -     - Massif in train ['ARAVIS' 'BAUGES' 'BEAUFORTAIN' 'BELLEDONNE' 'CHARTEUSE' 'HTE-MAURIE'
 'MONT-BLANC' 'THABOR' 'VANOISE' 'VERCORS']
05/31/2024-11:22:39 AM: (files_management.py): INFO: logger_fold Line: 333 -     - Massif in test ['GRANDES-ROUSSES' 'HTE-TARENT' 'MAURIENNE']
05/31/2024-11:22:39 AM: (files_management.py): INFO: logger_fold Line: 328 - ------------------Fold : 9 ------------------
05/31/2024-11:22:39 AM: (files_management.py): INFO: logger_fold Line: 329 -     - Distribution class train: (array([0, 1]), array([4353, 3034]))
05/31/2024-11:22:39 AM: (files_management.py): INFO: logger_fold Line: 330 -     - Distribution class test: (array([0, 1]), array([1080,  658]))
05/31/2024-11:22:39 AM: (files_management.py): INFO: logger_fold Line: 331 -     - Train size: 80.95%
05/31/2024-11:22:39 AM: (files_management.py): INFO: logger_fold Line: 332 -     - Massif in train ['ARAVIS' 'BAUGES' 'BEAUFORTAIN' 'BELLEDONNE' 'CHARTEUSE'
 'GRANDES-ROUSSES' 'HTE-MAURIE' 'HTE-TARENT' 'VANOISE' 'VERCORS']
05/31/2024-11:22:39 AM: (files_management.py): INFO: logger_fold Line: 333 -     - Massif in test ['MAURIENNE' 'MONT-BLANC' 'THABOR']
