06/14/2024-10:34:19 AM: (files_management.py): INFO: init_logger Line: 280 - Started
06/14/2024-10:34:19 AM: (learning_models.py): INFO: predict_dataset Line: 72 - ================== Fitting model LogisticR_direct ==================
06/14/2024-10:34:24 AM: (files_management.py): INFO: save_metrics Line: 372 - __________________ Fold 0 with LogisticR_direct __________________
06/14/2024-10:34:24 AM: (files_management.py): INFO: save_metrics Line: 383 -  f1_score_macro : 84.88
06/14/2024-10:34:24 AM: (files_management.py): INFO: save_metrics Line: 383 -  f1_score_weighted : 86.11
06/14/2024-10:34:24 AM: (files_management.py): INFO: save_metrics Line: 383 -  f1_score_multiclass : 
[88.99 80.77]
06/14/2024-10:34:24 AM: (files_management.py): INFO: save_metrics Line: 383 -  accuracy_score : 86.00
06/14/2024-10:34:24 AM: (files_management.py): INFO: save_metrics Line: 383 -  precision_score_macro : 84.39
06/14/2024-10:34:24 AM: (files_management.py): INFO: save_metrics Line: 383 -  recall_score_macro : 85.54
06/14/2024-10:34:24 AM: (files_management.py): INFO: save_metrics Line: 383 -  roc_auc_score : 85.54
06/14/2024-10:34:24 AM: (files_management.py): INFO: save_metrics Line: 383 -  log_loss : 31.68
06/14/2024-10:34:24 AM: (files_management.py): INFO: save_metrics Line: 383 -  kappa_score : 69.79
06/14/2024-10:34:24 AM: (files_management.py): INFO: save_metrics Line: 383 -  confusion_matrix :          0        1
0  87.0736  12.9264
1  16.0000  84.0000
06/14/2024-10:34:24 AM: (files_management.py): INFO: save_metrics Line: 383 -  training_time : 1.14
06/14/2024-10:34:24 AM: (files_management.py): INFO: save_metrics Line: 383 -  prediction_time : 1.60
06/14/2024-10:34:24 AM: (files_management.py): INFO: save_metrics Line: 372 - __________________ Fold 1 with LogisticR_direct __________________
06/14/2024-10:34:24 AM: (files_management.py): INFO: save_metrics Line: 383 -  f1_score_macro : 79.38
06/14/2024-10:34:24 AM: (files_management.py): INFO: save_metrics Line: 383 -  f1_score_weighted : 80.28
06/14/2024-10:34:24 AM: (files_management.py): INFO: save_metrics Line: 383 -  f1_score_multiclass : 
[84.07 74.69]
06/14/2024-10:34:24 AM: (files_management.py): INFO: save_metrics Line: 383 -  accuracy_score : 80.45
06/14/2024-10:34:24 AM: (files_management.py): INFO: save_metrics Line: 383 -  precision_score_macro : 79.99
06/14/2024-10:34:24 AM: (files_management.py): INFO: save_metrics Line: 383 -  recall_score_macro : 78.99
06/14/2024-10:34:24 AM: (files_management.py): INFO: save_metrics Line: 383 -  roc_auc_score : 78.99
06/14/2024-10:34:24 AM: (files_management.py): INFO: save_metrics Line: 383 -  log_loss : 40.85
06/14/2024-10:34:24 AM: (files_management.py): INFO: save_metrics Line: 383 -  kappa_score : 58.82
06/14/2024-10:34:24 AM: (files_management.py): INFO: save_metrics Line: 383 -  confusion_matrix :          0        1
0  86.5591  13.4409
1  28.5714  71.4286
06/14/2024-10:34:24 AM: (files_management.py): INFO: save_metrics Line: 383 -  training_time : 1.13
06/14/2024-10:34:24 AM: (files_management.py): INFO: save_metrics Line: 383 -  prediction_time : 0.60
06/14/2024-10:34:24 AM: (files_management.py): INFO: save_metrics Line: 372 - __________________ Fold 2 with LogisticR_direct __________________
06/14/2024-10:34:24 AM: (files_management.py): INFO: save_metrics Line: 383 -  f1_score_macro : 80.11
06/14/2024-10:34:24 AM: (files_management.py): INFO: save_metrics Line: 383 -  f1_score_weighted : 82.75
06/14/2024-10:34:24 AM: (files_management.py): INFO: save_metrics Line: 383 -  f1_score_multiclass : 
[87.23 72.99]
06/14/2024-10:34:24 AM: (files_management.py): INFO: save_metrics Line: 383 -  accuracy_score : 82.66
06/14/2024-10:34:24 AM: (files_management.py): INFO: save_metrics Line: 383 -  precision_score_macro : 79.81
06/14/2024-10:34:24 AM: (files_management.py): INFO: save_metrics Line: 383 -  recall_score_macro : 80.45
06/14/2024-10:34:24 AM: (files_management.py): INFO: save_metrics Line: 383 -  roc_auc_score : 80.45
06/14/2024-10:34:24 AM: (files_management.py): INFO: save_metrics Line: 383 -  log_loss : 40.03
06/14/2024-10:34:24 AM: (files_management.py): INFO: save_metrics Line: 383 -  kappa_score : 60.22
06/14/2024-10:34:24 AM: (files_management.py): INFO: save_metrics Line: 383 -  confusion_matrix :          0        1
0  86.4065  13.5935
1  25.5132  74.4868
06/14/2024-10:34:24 AM: (files_management.py): INFO: save_metrics Line: 383 -  training_time : 1.12
06/14/2024-10:34:24 AM: (files_management.py): INFO: save_metrics Line: 383 -  prediction_time : 1.70
06/14/2024-10:34:24 AM: (files_management.py): INFO: save_metrics Line: 372 - __________________ Fold 3 with LogisticR_direct __________________
06/14/2024-10:34:24 AM: (files_management.py): INFO: save_metrics Line: 383 -  f1_score_macro : 76.13
06/14/2024-10:34:24 AM: (files_management.py): INFO: save_metrics Line: 383 -  f1_score_weighted : 76.29
06/14/2024-10:34:24 AM: (files_management.py): INFO: save_metrics Line: 383 -  f1_score_multiclass : 
[78.53 73.72]
06/14/2024-10:34:24 AM: (files_management.py): INFO: save_metrics Line: 383 -  accuracy_score : 76.37
06/14/2024-10:34:24 AM: (files_management.py): INFO: save_metrics Line: 383 -  precision_score_macro : 76.40
06/14/2024-10:34:24 AM: (files_management.py): INFO: save_metrics Line: 383 -  recall_score_macro : 76.03
06/14/2024-10:34:24 AM: (files_management.py): INFO: save_metrics Line: 383 -  roc_auc_score : 76.03
06/14/2024-10:34:24 AM: (files_management.py): INFO: save_metrics Line: 383 -  log_loss : 48.52
06/14/2024-10:34:24 AM: (files_management.py): INFO: save_metrics Line: 383 -  kappa_score : 52.31
06/14/2024-10:34:24 AM: (files_management.py): INFO: save_metrics Line: 383 -  confusion_matrix :          0        1
0  81.0811  18.9189
1  29.0123  70.9877
06/14/2024-10:34:24 AM: (files_management.py): INFO: save_metrics Line: 383 -  training_time : 0.75
06/14/2024-10:34:24 AM: (files_management.py): INFO: save_metrics Line: 383 -  prediction_time : 0.79
06/14/2024-10:34:24 AM: (files_management.py): INFO: save_metrics Line: 372 - __________________ Fold 4 with LogisticR_direct __________________
06/14/2024-10:34:24 AM: (files_management.py): INFO: save_metrics Line: 383 -  f1_score_macro : 80.42
06/14/2024-10:34:24 AM: (files_management.py): INFO: save_metrics Line: 383 -  f1_score_weighted : 81.76
06/14/2024-10:34:24 AM: (files_management.py): INFO: save_metrics Line: 383 -  f1_score_multiclass : 
[84.65 76.2 ]
06/14/2024-10:34:24 AM: (files_management.py): INFO: save_metrics Line: 383 -  accuracy_score : 81.33
06/14/2024-10:34:24 AM: (files_management.py): INFO: save_metrics Line: 383 -  precision_score_macro : 79.91
06/14/2024-10:34:24 AM: (files_management.py): INFO: save_metrics Line: 383 -  recall_score_macro : 82.84
06/14/2024-10:34:24 AM: (files_management.py): INFO: save_metrics Line: 383 -  roc_auc_score : 82.84
06/14/2024-10:34:24 AM: (files_management.py): INFO: save_metrics Line: 383 -  log_loss : 43.86
06/14/2024-10:34:24 AM: (files_management.py): INFO: save_metrics Line: 383 -  kappa_score : 61.27
06/14/2024-10:34:24 AM: (files_management.py): INFO: save_metrics Line: 383 -  confusion_matrix :          0        1
0  78.0952  21.9048
1  12.4138  87.5862
06/14/2024-10:34:24 AM: (files_management.py): INFO: save_metrics Line: 383 -  training_time : 1.07
06/14/2024-10:34:24 AM: (files_management.py): INFO: save_metrics Line: 383 -  prediction_time : 2.04
06/14/2024-10:34:24 AM: (files_management.py): INFO: save_metrics Line: 372 - __________________ Fold 5 with LogisticR_direct __________________
06/14/2024-10:34:24 AM: (files_management.py): INFO: save_metrics Line: 383 -  f1_score_macro : 89.22
06/14/2024-10:34:24 AM: (files_management.py): INFO: save_metrics Line: 383 -  f1_score_weighted : 89.24
06/14/2024-10:34:24 AM: (files_management.py): INFO: save_metrics Line: 383 -  f1_score_multiclass : 
[88.79 89.65]
06/14/2024-10:34:24 AM: (files_management.py): INFO: save_metrics Line: 383 -  accuracy_score : 89.23
06/14/2024-10:34:24 AM: (files_management.py): INFO: save_metrics Line: 383 -  precision_score_macro : 89.21
06/14/2024-10:34:24 AM: (files_management.py): INFO: save_metrics Line: 383 -  recall_score_macro : 89.23
06/14/2024-10:34:24 AM: (files_management.py): INFO: save_metrics Line: 383 -  roc_auc_score : 89.23
06/14/2024-10:34:24 AM: (files_management.py): INFO: save_metrics Line: 383 -  log_loss : 27.40
06/14/2024-10:34:24 AM: (files_management.py): INFO: save_metrics Line: 383 -  kappa_score : 78.43
06/14/2024-10:34:24 AM: (files_management.py): INFO: save_metrics Line: 383 -  confusion_matrix :          0        1
0  89.0951  10.9049
1  10.6383  89.3617
06/14/2024-10:34:24 AM: (files_management.py): INFO: save_metrics Line: 383 -  training_time : 1.02
06/14/2024-10:34:24 AM: (files_management.py): INFO: save_metrics Line: 383 -  prediction_time : 1.39
06/14/2024-10:34:24 AM: (files_management.py): INFO: save_metrics Line: 372 - __________________ Fold 6 with LogisticR_direct __________________
06/14/2024-10:34:24 AM: (files_management.py): INFO: save_metrics Line: 383 -  f1_score_macro : 76.25
06/14/2024-10:34:24 AM: (files_management.py): INFO: save_metrics Line: 383 -  f1_score_weighted : 77.43
06/14/2024-10:34:24 AM: (files_management.py): INFO: save_metrics Line: 383 -  f1_score_multiclass : 
[80.65 71.85]
06/14/2024-10:34:24 AM: (files_management.py): INFO: save_metrics Line: 383 -  accuracy_score : 77.06
06/14/2024-10:34:24 AM: (files_management.py): INFO: save_metrics Line: 383 -  precision_score_macro : 75.96
06/14/2024-10:34:24 AM: (files_management.py): INFO: save_metrics Line: 383 -  recall_score_macro : 77.67
06/14/2024-10:34:24 AM: (files_management.py): INFO: save_metrics Line: 383 -  roc_auc_score : 77.67
06/14/2024-10:34:24 AM: (files_management.py): INFO: save_metrics Line: 383 -  log_loss : 53.03
06/14/2024-10:34:24 AM: (files_management.py): INFO: save_metrics Line: 383 -  kappa_score : 52.83
06/14/2024-10:34:24 AM: (files_management.py): INFO: save_metrics Line: 383 -  confusion_matrix :          0        1
0  75.3968  24.6032
1  20.0549  79.9451
06/14/2024-10:34:24 AM: (files_management.py): INFO: save_metrics Line: 383 -  training_time : 0.97
06/14/2024-10:34:24 AM: (files_management.py): INFO: save_metrics Line: 383 -  prediction_time : 1.60
06/14/2024-10:34:24 AM: (files_management.py): INFO: save_metrics Line: 372 - __________________ Fold 7 with LogisticR_direct __________________
06/14/2024-10:34:24 AM: (files_management.py): INFO: save_metrics Line: 383 -  f1_score_macro : 83.85
06/14/2024-10:34:24 AM: (files_management.py): INFO: save_metrics Line: 383 -  f1_score_weighted : 84.46
06/14/2024-10:34:24 AM: (files_management.py): INFO: save_metrics Line: 383 -  f1_score_multiclass : 
[86.9  80.79]
06/14/2024-10:34:24 AM: (files_management.py): INFO: save_metrics Line: 383 -  accuracy_score : 84.43
06/14/2024-10:34:24 AM: (files_management.py): INFO: save_metrics Line: 383 -  precision_score_macro : 83.73
06/14/2024-10:34:24 AM: (files_management.py): INFO: save_metrics Line: 383 -  recall_score_macro : 83.99
06/14/2024-10:34:24 AM: (files_management.py): INFO: save_metrics Line: 383 -  roc_auc_score : 83.99
06/14/2024-10:34:24 AM: (files_management.py): INFO: save_metrics Line: 383 -  log_loss : 39.04
06/14/2024-10:34:24 AM: (files_management.py): INFO: save_metrics Line: 383 -  kappa_score : 67.70
06/14/2024-10:34:24 AM: (files_management.py): INFO: save_metrics Line: 383 -  confusion_matrix :          0        1
0  86.1856  13.8144
1  18.2099  81.7901
06/14/2024-10:34:24 AM: (files_management.py): INFO: save_metrics Line: 383 -  training_time : 0.99
06/14/2024-10:34:24 AM: (files_management.py): INFO: save_metrics Line: 383 -  prediction_time : 1.36
06/14/2024-10:34:24 AM: (files_management.py): INFO: save_metrics Line: 372 - __________________ Fold 8 with LogisticR_direct __________________
06/14/2024-10:34:24 AM: (files_management.py): INFO: save_metrics Line: 383 -  f1_score_macro : 82.82
06/14/2024-10:34:24 AM: (files_management.py): INFO: save_metrics Line: 383 -  f1_score_weighted : 83.21
06/14/2024-10:34:24 AM: (files_management.py): INFO: save_metrics Line: 383 -  f1_score_multiclass : 
[85.1  80.54]
06/14/2024-10:34:24 AM: (files_management.py): INFO: save_metrics Line: 383 -  accuracy_score : 83.12
06/14/2024-10:34:24 AM: (files_management.py): INFO: save_metrics Line: 383 -  precision_score_macro : 82.61
06/14/2024-10:34:24 AM: (files_management.py): INFO: save_metrics Line: 383 -  recall_score_macro : 83.26
06/14/2024-10:34:24 AM: (files_management.py): INFO: save_metrics Line: 383 -  roc_auc_score : 83.26
06/14/2024-10:34:24 AM: (files_management.py): INFO: save_metrics Line: 383 -  log_loss : 40.16
06/14/2024-10:34:24 AM: (files_management.py): INFO: save_metrics Line: 383 -  kappa_score : 65.69
06/14/2024-10:34:24 AM: (files_management.py): INFO: save_metrics Line: 383 -  confusion_matrix :          0        1
0  82.4716  17.5284
1  15.9574  84.0426
06/14/2024-10:34:24 AM: (files_management.py): INFO: save_metrics Line: 383 -  training_time : 0.90
06/14/2024-10:34:24 AM: (files_management.py): INFO: save_metrics Line: 383 -  prediction_time : 2.28
06/14/2024-10:34:24 AM: (files_management.py): INFO: save_metrics Line: 372 - __________________ Fold 9 with LogisticR_direct __________________
06/14/2024-10:34:24 AM: (files_management.py): INFO: save_metrics Line: 383 -  f1_score_macro : 80.21
06/14/2024-10:34:24 AM: (files_management.py): INFO: save_metrics Line: 383 -  f1_score_weighted : 80.19
06/14/2024-10:34:24 AM: (files_management.py): INFO: save_metrics Line: 383 -  f1_score_multiclass : 
[80.56 79.85]
06/14/2024-10:34:24 AM: (files_management.py): INFO: save_metrics Line: 383 -  accuracy_score : 80.21
06/14/2024-10:34:24 AM: (files_management.py): INFO: save_metrics Line: 383 -  precision_score_macro : 80.67
06/14/2024-10:34:24 AM: (files_management.py): INFO: save_metrics Line: 383 -  recall_score_macro : 80.52
06/14/2024-10:34:24 AM: (files_management.py): INFO: save_metrics Line: 383 -  roc_auc_score : 80.52
06/14/2024-10:34:24 AM: (files_management.py): INFO: save_metrics Line: 383 -  log_loss : 39.45
06/14/2024-10:34:24 AM: (files_management.py): INFO: save_metrics Line: 383 -  kappa_score : 60.61
06/14/2024-10:34:24 AM: (files_management.py): INFO: save_metrics Line: 383 -  confusion_matrix :          0        1
0  86.4662  13.5338
1  25.4237  74.5763
06/14/2024-10:34:24 AM: (files_management.py): INFO: save_metrics Line: 383 -  training_time : 0.86
06/14/2024-10:34:24 AM: (files_management.py): INFO: save_metrics Line: 383 -  prediction_time : 1.00
06/14/2024-10:34:24 AM: (files_management.py): INFO: save_metrics Line: 372 - __________________ Fold 10 with LogisticR_direct __________________
06/14/2024-10:34:24 AM: (files_management.py): INFO: save_metrics Line: 383 -  f1_score_macro : 79.22
06/14/2024-10:34:24 AM: (files_management.py): INFO: save_metrics Line: 383 -  f1_score_weighted : 79.81
06/14/2024-10:34:24 AM: (files_management.py): INFO: save_metrics Line: 383 -  f1_score_multiclass : 
[76.45 81.98]
06/14/2024-10:34:24 AM: (files_management.py): INFO: save_metrics Line: 383 -  accuracy_score : 79.59
06/14/2024-10:34:24 AM: (files_management.py): INFO: save_metrics Line: 383 -  precision_score_macro : 79.10
06/14/2024-10:34:24 AM: (files_management.py): INFO: save_metrics Line: 383 -  recall_score_macro : 80.40
06/14/2024-10:34:24 AM: (files_management.py): INFO: save_metrics Line: 383 -  roc_auc_score : 80.40
06/14/2024-10:34:24 AM: (files_management.py): INFO: save_metrics Line: 383 -  log_loss : 49.89
06/14/2024-10:34:24 AM: (files_management.py): INFO: save_metrics Line: 383 -  kappa_score : 58.70
06/14/2024-10:34:24 AM: (files_management.py): INFO: save_metrics Line: 383 -  confusion_matrix :          0        1
0  84.2105  15.7895
1  23.4146  76.5854
06/14/2024-10:34:24 AM: (files_management.py): INFO: save_metrics Line: 383 -  training_time : 0.85
06/14/2024-10:34:24 AM: (files_management.py): INFO: save_metrics Line: 383 -  prediction_time : 0.65
06/14/2024-10:34:24 AM: (files_management.py): INFO: save_metrics Line: 372 - __________________ Fold 11 with LogisticR_direct __________________
06/14/2024-10:34:24 AM: (files_management.py): INFO: save_metrics Line: 383 -  f1_score_macro : 68.52
06/14/2024-10:34:24 AM: (files_management.py): INFO: save_metrics Line: 383 -  f1_score_weighted : 68.59
06/14/2024-10:34:24 AM: (files_management.py): INFO: save_metrics Line: 383 -  f1_score_multiclass : 
[69.   68.04]
06/14/2024-10:34:24 AM: (files_management.py): INFO: save_metrics Line: 383 -  accuracy_score : 68.53
06/14/2024-10:34:24 AM: (files_management.py): INFO: save_metrics Line: 383 -  precision_score_macro : 69.66
06/14/2024-10:34:24 AM: (files_management.py): INFO: save_metrics Line: 383 -  recall_score_macro : 69.82
06/14/2024-10:34:24 AM: (files_management.py): INFO: save_metrics Line: 383 -  roc_auc_score : 69.82
06/14/2024-10:34:24 AM: (files_management.py): INFO: save_metrics Line: 383 -  log_loss : 66.03
06/14/2024-10:34:24 AM: (files_management.py): INFO: save_metrics Line: 383 -  kappa_score : 38.12
06/14/2024-10:34:24 AM: (files_management.py): INFO: save_metrics Line: 383 -  confusion_matrix :          0        1
0  61.0619  38.9381
1  21.4286  78.5714
06/14/2024-10:34:24 AM: (files_management.py): INFO: save_metrics Line: 383 -  training_time : 0.85
06/14/2024-10:34:24 AM: (files_management.py): INFO: save_metrics Line: 383 -  prediction_time : 0.41
06/14/2024-10:34:24 AM: (files_management.py): INFO: save_metrics Line: 372 - __________________ Fold 12 with LogisticR_direct __________________
06/14/2024-10:34:24 AM: (files_management.py): INFO: save_metrics Line: 383 -  f1_score_macro : 75.98
06/14/2024-10:34:24 AM: (files_management.py): INFO: save_metrics Line: 383 -  f1_score_weighted : 81.56
06/14/2024-10:34:24 AM: (files_management.py): INFO: save_metrics Line: 383 -  f1_score_multiclass : 
[86.57 65.38]
06/14/2024-10:34:24 AM: (files_management.py): INFO: save_metrics Line: 383 -  accuracy_score : 80.65
06/14/2024-10:34:24 AM: (files_management.py): INFO: save_metrics Line: 383 -  precision_score_macro : 74.37
06/14/2024-10:34:24 AM: (files_management.py): INFO: save_metrics Line: 383 -  recall_score_macro : 79.48
06/14/2024-10:34:24 AM: (files_management.py): INFO: save_metrics Line: 383 -  roc_auc_score : 79.48
06/14/2024-10:34:24 AM: (files_management.py): INFO: save_metrics Line: 383 -  log_loss : 47.74
06/14/2024-10:34:24 AM: (files_management.py): INFO: save_metrics Line: 383 -  kappa_score : 52.39
06/14/2024-10:34:24 AM: (files_management.py): INFO: save_metrics Line: 383 -  confusion_matrix :          0        1
0  81.6901  18.3099
1  22.7273  77.2727
06/14/2024-10:34:24 AM: (files_management.py): INFO: save_metrics Line: 383 -  training_time : 0.85
06/14/2024-10:34:24 AM: (files_management.py): INFO: save_metrics Line: 383 -  prediction_time : 0.18
