06/14/2024-10:21:45 AM: (files_management.py): INFO: init_logger Line: 280 - Started
06/14/2024-10:21:45 AM: (learning_models.py): INFO: predict_dataset Line: 72 - ================== Fitting model LogisticR_direct ==================
06/14/2024-10:21:51 AM: (files_management.py): INFO: save_metrics Line: 372 - __________________ Fold 0 with LogisticR_direct __________________
06/14/2024-10:21:51 AM: (files_management.py): INFO: save_metrics Line: 383 -  f1_score_macro : 84.19
06/14/2024-10:21:51 AM: (files_management.py): INFO: save_metrics Line: 383 -  f1_score_weighted : 84.19
06/14/2024-10:21:51 AM: (files_management.py): INFO: save_metrics Line: 383 -  f1_score_multiclass : 
[84.25 84.13]
06/14/2024-10:21:51 AM: (files_management.py): INFO: save_metrics Line: 383 -  accuracy_score : 84.19
06/14/2024-10:21:51 AM: (files_management.py): INFO: save_metrics Line: 383 -  precision_score_macro : 84.27
06/14/2024-10:21:51 AM: (files_management.py): INFO: save_metrics Line: 383 -  recall_score_macro : 84.25
06/14/2024-10:21:51 AM: (files_management.py): INFO: save_metrics Line: 383 -  roc_auc_score : 84.25
06/14/2024-10:21:51 AM: (files_management.py): INFO: save_metrics Line: 383 -  log_loss : 34.98
06/14/2024-10:21:51 AM: (files_management.py): INFO: save_metrics Line: 383 -  kappa_score : 68.41
06/14/2024-10:21:51 AM: (files_management.py): INFO: save_metrics Line: 383 -  confusion_matrix :          0        1
0  86.7347  13.2653
1  18.2309  81.7691
06/14/2024-10:21:51 AM: (files_management.py): INFO: save_metrics Line: 383 -  training_time : 0.91
06/14/2024-10:21:51 AM: (files_management.py): INFO: save_metrics Line: 383 -  prediction_time : 2.82
06/14/2024-10:21:51 AM: (files_management.py): INFO: save_metrics Line: 372 - __________________ Fold 1 with LogisticR_direct __________________
06/14/2024-10:21:51 AM: (files_management.py): INFO: save_metrics Line: 383 -  f1_score_macro : 79.37
06/14/2024-10:21:51 AM: (files_management.py): INFO: save_metrics Line: 383 -  f1_score_weighted : 81.05
06/14/2024-10:21:51 AM: (files_management.py): INFO: save_metrics Line: 383 -  f1_score_multiclass : 
[85.38 73.36]
06/14/2024-10:21:51 AM: (files_management.py): INFO: save_metrics Line: 383 -  accuracy_score : 81.12
06/14/2024-10:21:51 AM: (files_management.py): INFO: save_metrics Line: 383 -  precision_score_macro : 79.64
06/14/2024-10:21:51 AM: (files_management.py): INFO: save_metrics Line: 383 -  recall_score_macro : 79.14
06/14/2024-10:21:51 AM: (files_management.py): INFO: save_metrics Line: 383 -  roc_auc_score : 79.14
06/14/2024-10:21:51 AM: (files_management.py): INFO: save_metrics Line: 383 -  log_loss : 42.18
06/14/2024-10:21:51 AM: (files_management.py): INFO: save_metrics Line: 383 -  kappa_score : 58.75
06/14/2024-10:21:51 AM: (files_management.py): INFO: save_metrics Line: 383 -  confusion_matrix :          0        1
0  86.2657  13.7343
1  27.9809  72.0191
06/14/2024-10:21:51 AM: (files_management.py): INFO: save_metrics Line: 383 -  training_time : 0.86
06/14/2024-10:21:51 AM: (files_management.py): INFO: save_metrics Line: 383 -  prediction_time : 2.89
06/14/2024-10:21:51 AM: (files_management.py): INFO: save_metrics Line: 372 - __________________ Fold 2 with LogisticR_direct __________________
06/14/2024-10:21:51 AM: (files_management.py): INFO: save_metrics Line: 383 -  f1_score_macro : 76.54
06/14/2024-10:21:51 AM: (files_management.py): INFO: save_metrics Line: 383 -  f1_score_weighted : 77.30
06/14/2024-10:21:51 AM: (files_management.py): INFO: save_metrics Line: 383 -  f1_score_multiclass : 
[80.28 72.8 ]
06/14/2024-10:21:51 AM: (files_management.py): INFO: save_metrics Line: 383 -  accuracy_score : 77.14
06/14/2024-10:21:51 AM: (files_management.py): INFO: save_metrics Line: 383 -  precision_score_macro : 76.31
06/14/2024-10:21:51 AM: (files_management.py): INFO: save_metrics Line: 383 -  recall_score_macro : 77.10
06/14/2024-10:21:51 AM: (files_management.py): INFO: save_metrics Line: 383 -  roc_auc_score : 77.10
06/14/2024-10:21:51 AM: (files_management.py): INFO: save_metrics Line: 383 -  log_loss : 52.55
06/14/2024-10:21:51 AM: (files_management.py): INFO: save_metrics Line: 383 -  kappa_score : 53.17
06/14/2024-10:21:51 AM: (files_management.py): INFO: save_metrics Line: 383 -  confusion_matrix :          0        1
0  77.2890  22.7110
1  23.0978  76.9022
06/14/2024-10:21:51 AM: (files_management.py): INFO: save_metrics Line: 383 -  training_time : 1.09
06/14/2024-10:21:51 AM: (files_management.py): INFO: save_metrics Line: 383 -  prediction_time : 2.83
06/14/2024-10:21:51 AM: (files_management.py): INFO: save_metrics Line: 372 - __________________ Fold 3 with LogisticR_direct __________________
06/14/2024-10:21:51 AM: (files_management.py): INFO: save_metrics Line: 383 -  f1_score_macro : 85.02
06/14/2024-10:21:51 AM: (files_management.py): INFO: save_metrics Line: 383 -  f1_score_weighted : 85.08
06/14/2024-10:21:51 AM: (files_management.py): INFO: save_metrics Line: 383 -  f1_score_multiclass : 
[84.31 85.73]
06/14/2024-10:21:51 AM: (files_management.py): INFO: save_metrics Line: 383 -  accuracy_score : 85.06
06/14/2024-10:21:51 AM: (files_management.py): INFO: save_metrics Line: 383 -  precision_score_macro : 85.00
06/14/2024-10:21:51 AM: (files_management.py): INFO: save_metrics Line: 383 -  recall_score_macro : 85.20
06/14/2024-10:21:51 AM: (files_management.py): INFO: save_metrics Line: 383 -  roc_auc_score : 85.20
06/14/2024-10:21:51 AM: (files_management.py): INFO: save_metrics Line: 383 -  log_loss : 35.17
06/14/2024-10:21:51 AM: (files_management.py): INFO: save_metrics Line: 383 -  kappa_score : 70.07
06/14/2024-10:21:51 AM: (files_management.py): INFO: save_metrics Line: 383 -  confusion_matrix :          0        1
0  87.1084  12.8916
1  16.7010  83.2990
06/14/2024-10:21:51 AM: (files_management.py): INFO: save_metrics Line: 383 -  training_time : 0.64
06/14/2024-10:21:51 AM: (files_management.py): INFO: save_metrics Line: 383 -  prediction_time : 2.86
06/14/2024-10:21:51 AM: (files_management.py): INFO: save_metrics Line: 372 - __________________ Fold 4 with LogisticR_direct __________________
06/14/2024-10:21:51 AM: (files_management.py): INFO: save_metrics Line: 383 -  f1_score_macro : 82.01
06/14/2024-10:21:51 AM: (files_management.py): INFO: save_metrics Line: 383 -  f1_score_weighted : 82.38
06/14/2024-10:21:51 AM: (files_management.py): INFO: save_metrics Line: 383 -  f1_score_multiclass : 
[84.74 79.28]
06/14/2024-10:21:51 AM: (files_management.py): INFO: save_metrics Line: 383 -  accuracy_score : 82.42
06/14/2024-10:21:51 AM: (files_management.py): INFO: save_metrics Line: 383 -  precision_score_macro : 82.19
06/14/2024-10:21:51 AM: (files_management.py): INFO: save_metrics Line: 383 -  recall_score_macro : 81.87
06/14/2024-10:21:51 AM: (files_management.py): INFO: save_metrics Line: 383 -  roc_auc_score : 81.87
06/14/2024-10:21:51 AM: (files_management.py): INFO: save_metrics Line: 383 -  log_loss : 40.32
06/14/2024-10:21:51 AM: (files_management.py): INFO: save_metrics Line: 383 -  kappa_score : 64.03
06/14/2024-10:21:51 AM: (files_management.py): INFO: save_metrics Line: 383 -  confusion_matrix :          0        1
0  85.9127  14.0873
1  22.1643  77.8357
06/14/2024-10:21:51 AM: (files_management.py): INFO: save_metrics Line: 383 -  training_time : 0.85
06/14/2024-10:21:51 AM: (files_management.py): INFO: save_metrics Line: 383 -  prediction_time : 3.01
06/14/2024-10:21:51 AM: (files_management.py): INFO: save_metrics Line: 372 - __________________ Fold 5 with LogisticR_direct __________________
06/14/2024-10:21:51 AM: (files_management.py): INFO: save_metrics Line: 383 -  f1_score_macro : 81.56
06/14/2024-10:21:51 AM: (files_management.py): INFO: save_metrics Line: 383 -  f1_score_weighted : 81.96
06/14/2024-10:21:51 AM: (files_management.py): INFO: save_metrics Line: 383 -  f1_score_multiclass : 
[84.35 78.77]
06/14/2024-10:21:51 AM: (files_management.py): INFO: save_metrics Line: 383 -  accuracy_score : 81.98
06/14/2024-10:21:51 AM: (files_management.py): INFO: save_metrics Line: 383 -  precision_score_macro : 81.66
06/14/2024-10:21:51 AM: (files_management.py): INFO: save_metrics Line: 383 -  recall_score_macro : 81.48
06/14/2024-10:21:51 AM: (files_management.py): INFO: save_metrics Line: 383 -  roc_auc_score : 81.48
06/14/2024-10:21:51 AM: (files_management.py): INFO: save_metrics Line: 383 -  log_loss : 37.86
06/14/2024-10:21:51 AM: (files_management.py): INFO: save_metrics Line: 383 -  kappa_score : 63.13
06/14/2024-10:21:51 AM: (files_management.py): INFO: save_metrics Line: 383 -  confusion_matrix :          0        1
0  85.0198  14.9802
1  22.0608  77.9392
06/14/2024-10:21:51 AM: (files_management.py): INFO: save_metrics Line: 383 -  training_time : 0.99
06/14/2024-10:21:51 AM: (files_management.py): INFO: save_metrics Line: 383 -  prediction_time : 2.64
06/14/2024-10:21:51 AM: (files_management.py): INFO: save_metrics Line: 372 - __________________ Fold 6 with LogisticR_direct __________________
06/14/2024-10:21:51 AM: (files_management.py): INFO: save_metrics Line: 383 -  f1_score_macro : 78.52
06/14/2024-10:21:51 AM: (files_management.py): INFO: save_metrics Line: 383 -  f1_score_weighted : 79.56
06/14/2024-10:21:51 AM: (files_management.py): INFO: save_metrics Line: 383 -  f1_score_multiclass : 
[82.44 74.6 ]
06/14/2024-10:21:51 AM: (files_management.py): INFO: save_metrics Line: 383 -  accuracy_score : 79.24
06/14/2024-10:21:51 AM: (files_management.py): INFO: save_metrics Line: 383 -  precision_score_macro : 78.19
06/14/2024-10:21:51 AM: (files_management.py): INFO: save_metrics Line: 383 -  recall_score_macro : 80.01
06/14/2024-10:21:51 AM: (files_management.py): INFO: save_metrics Line: 383 -  roc_auc_score : 80.01
06/14/2024-10:21:51 AM: (files_management.py): INFO: save_metrics Line: 383 -  log_loss : 47.86
06/14/2024-10:21:51 AM: (files_management.py): INFO: save_metrics Line: 383 -  kappa_score : 57.34
06/14/2024-10:21:51 AM: (files_management.py): INFO: save_metrics Line: 383 -  confusion_matrix :          0        1
0  77.0885  22.9115
1  17.0697  82.9303
06/14/2024-10:21:51 AM: (files_management.py): INFO: save_metrics Line: 383 -  training_time : 0.92
06/14/2024-10:21:51 AM: (files_management.py): INFO: save_metrics Line: 383 -  prediction_time : 3.06
06/14/2024-10:21:51 AM: (files_management.py): INFO: save_metrics Line: 372 - __________________ Fold 7 with LogisticR_direct __________________
06/14/2024-10:21:51 AM: (files_management.py): INFO: save_metrics Line: 383 -  f1_score_macro : 81.83
06/14/2024-10:21:51 AM: (files_management.py): INFO: save_metrics Line: 383 -  f1_score_weighted : 82.03
06/14/2024-10:21:51 AM: (files_management.py): INFO: save_metrics Line: 383 -  f1_score_multiclass : 
[83.55 80.1 ]
06/14/2024-10:21:51 AM: (files_management.py): INFO: save_metrics Line: 383 -  accuracy_score : 81.99
06/14/2024-10:21:51 AM: (files_management.py): INFO: save_metrics Line: 383 -  precision_score_macro : 81.74
06/14/2024-10:21:51 AM: (files_management.py): INFO: save_metrics Line: 383 -  recall_score_macro : 81.98
06/14/2024-10:21:51 AM: (files_management.py): INFO: save_metrics Line: 383 -  roc_auc_score : 81.98
06/14/2024-10:21:51 AM: (files_management.py): INFO: save_metrics Line: 383 -  log_loss : 42.77
06/14/2024-10:21:51 AM: (files_management.py): INFO: save_metrics Line: 383 -  kappa_score : 63.67
06/14/2024-10:21:51 AM: (files_management.py): INFO: save_metrics Line: 383 -  confusion_matrix :          0        1
0  82.0461  17.9539
1  18.0784  81.9216
06/14/2024-10:21:51 AM: (files_management.py): INFO: save_metrics Line: 383 -  training_time : 0.56
06/14/2024-10:21:51 AM: (files_management.py): INFO: save_metrics Line: 383 -  prediction_time : 2.11
