07/02/2024-01:41:47 PM: (files_management.py): INFO: init_logger Line: 297 - Started
07/02/2024-01:43:26 PM: (files_management.py): INFO: logger_dataset Line: 320 - ================== Study information ==================
07/02/2024-01:43:26 PM: (files_management.py): INFO: logger_dataset Line: 322 - __________________ Dataset information __________________
07/02/2024-01:43:26 PM: (files_management.py): INFO: logger_dataset Line: 326 - Number of samples: 9125
07/02/2024-01:43:26 PM: (files_management.py): INFO: logger_dataset Line: 327 - Dimensions of input: (15, 15, 9)
07/02/2024-01:43:26 PM: (files_management.py): INFO: logger_dataset Line: 332 - Overall label distribution: 0: 5433 (59.54%), 1: 3692 (40.46%)
07/02/2024-01:43:26 PM: (files_management.py): INFO: logger_dataset Line: 333 - Massives: ['ARAVIS' 'BAUGES' 'BEAUFORTAIN' 'BELLEDONNE' 'CHARTEUSE'
 'GRANDES-ROUSSES' 'HTE-MAURIE' 'HTE-TARENT' 'MAURIENNE' 'MONT-BLANC'
 'THABOR' 'VANOISE' 'VERCORS']
07/02/2024-01:43:26 PM: (files_management.py): INFO: logger_dataset Line: 334 - Samples per massif:
07/02/2024-01:43:26 PM: (files_management.py): INFO: logger_dataset Line: 342 -   ARAVIS: 994 samples (Targets: 0: 630 (63.38%), 1: 364 (36.62%))
07/02/2024-01:43:26 PM: (files_management.py): INFO: logger_dataset Line: 342 -   BAUGES: 857 samples (Targets: 0: 557 (64.99%), 1: 300 (35.01%))
07/02/2024-01:43:26 PM: (files_management.py): INFO: logger_dataset Line: 342 -   BEAUFORTAIN: 1275 samples (Targets: 0: 840 (65.88%), 1: 435 (34.12%))
07/02/2024-01:43:26 PM: (files_management.py): INFO: logger_dataset Line: 342 -   BELLEDONNE: 901 samples (Targets: 0: 431 (47.84%), 1: 470 (52.16%))
07/02/2024-01:43:26 PM: (files_management.py): INFO: logger_dataset Line: 342 -   CHARTEUSE: 809 samples (Targets: 0: 485 (59.95%), 1: 324 (40.05%))
07/02/2024-01:43:26 PM: (files_management.py): INFO: logger_dataset Line: 342 -   GRANDES-ROUSSES: 347 samples (Targets: 0: 185 (53.31%), 1: 162 (46.69%))
07/02/2024-01:43:26 PM: (files_management.py): INFO: logger_dataset Line: 342 -   HTE-MAURIE: 312 samples (Targets: 0: 186 (59.62%), 1: 126 (40.38%))
07/02/2024-01:43:26 PM: (files_management.py): INFO: logger_dataset Line: 342 -   HTE-TARENT: 338 samples (Targets: 0: 133 (39.35%), 1: 205 (60.65%))
07/02/2024-01:43:26 PM: (files_management.py): INFO: logger_dataset Line: 342 -   MAURIENNE: 1084 samples (Targets: 0: 743 (68.54%), 1: 341 (31.46%))
07/02/2024-01:43:26 PM: (files_management.py): INFO: logger_dataset Line: 342 -   MONT-BLANC: 561 samples (Targets: 0: 266 (47.42%), 1: 295 (52.58%))
07/02/2024-01:43:26 PM: (files_management.py): INFO: logger_dataset Line: 342 -   THABOR: 93 samples (Targets: 0: 71 (76.34%), 1: 22 (23.66%))
07/02/2024-01:43:26 PM: (files_management.py): INFO: logger_dataset Line: 342 -   VANOISE: 1357 samples (Targets: 0: 793 (58.44%), 1: 564 (41.56%))
07/02/2024-01:43:26 PM: (files_management.py): INFO: logger_dataset Line: 342 -   VERCORS: 197 samples (Targets: 0: 113 (57.36%), 1: 84 (42.64%))
07/02/2024-01:43:26 PM: (files_management.py): INFO: logger_dataset Line: 344 - __________________ Folds information __________________
07/02/2024-01:43:26 PM: (files_management.py): INFO: logger_fold Line: 370 - ------------------ Fold: 0 ------------------
07/02/2024-01:43:26 PM: (files_management.py): INFO: logger_fold Line: 383 -     - Distribution class train: 0: 4374 (59.98%), 1: 2919 (40.02%)
07/02/2024-01:43:26 PM: (files_management.py): INFO: logger_fold Line: 384 -     - Distribution class test: 0: 1059 (57.81%), 1: 773 (42.19%)
07/02/2024-01:43:26 PM: (files_management.py): INFO: logger_fold Line: 385 -     - Train size: 79.92%
07/02/2024-01:43:26 PM: (files_management.py): INFO: logger_fold Line: 386 -     - Massif in train: ['ARAVIS' 'BEAUFORTAIN' 'BELLEDONNE' 'CHARTEUSE' 'HTE-MAURIE' 'MAURIENNE'
 'MONT-BLANC' 'VANOISE']
07/02/2024-01:43:26 PM: (files_management.py): INFO: logger_fold Line: 387 -     - Massif in test: ['BAUGES' 'GRANDES-ROUSSES' 'HTE-TARENT' 'THABOR' 'VERCORS']
07/02/2024-01:43:26 PM: (files_management.py): INFO: logger_fold Line: 370 - ------------------ Fold: 1 ------------------
07/02/2024-01:43:26 PM: (files_management.py): INFO: logger_fold Line: 383 -     - Distribution class train: 0: 4404 (60.90%), 1: 2828 (39.10%)
07/02/2024-01:43:26 PM: (files_management.py): INFO: logger_fold Line: 384 -     - Distribution class test: 0: 1029 (54.36%), 1: 864 (45.64%)
07/02/2024-01:43:26 PM: (files_management.py): INFO: logger_fold Line: 385 -     - Train size: 79.25%
07/02/2024-01:43:26 PM: (files_management.py): INFO: logger_fold Line: 386 -     - Massif in train: ['BAUGES' 'BEAUFORTAIN' 'BELLEDONNE' 'CHARTEUSE' 'GRANDES-ROUSSES'
 'HTE-MAURIE' 'MAURIENNE' 'THABOR' 'VANOISE' 'VERCORS']
07/02/2024-01:43:26 PM: (files_management.py): INFO: logger_fold Line: 387 -     - Massif in test: ['ARAVIS' 'HTE-TARENT' 'MONT-BLANC']
07/02/2024-01:43:26 PM: (files_management.py): INFO: logger_fold Line: 370 - ------------------ Fold: 2 ------------------
07/02/2024-01:43:26 PM: (files_management.py): INFO: logger_fold Line: 383 -     - Distribution class train: 0: 4500 (62.08%), 1: 2749 (37.92%)
07/02/2024-01:43:26 PM: (files_management.py): INFO: logger_fold Line: 384 -     - Distribution class test: 0: 933 (49.73%), 1: 943 (50.27%)
07/02/2024-01:43:26 PM: (files_management.py): INFO: logger_fold Line: 385 -     - Train size: 79.44%
07/02/2024-01:43:26 PM: (files_management.py): INFO: logger_fold Line: 386 -     - Massif in train: ['ARAVIS' 'BAUGES' 'BEAUFORTAIN' 'CHARTEUSE' 'HTE-MAURIE' 'MAURIENNE'
 'MONT-BLANC' 'VANOISE']
07/02/2024-01:43:26 PM: (files_management.py): INFO: logger_fold Line: 387 -     - Massif in test: ['BELLEDONNE' 'GRANDES-ROUSSES' 'HTE-TARENT' 'THABOR' 'VERCORS']
07/02/2024-01:43:26 PM: (files_management.py): INFO: logger_fold Line: 370 - ------------------ Fold: 3 ------------------
07/02/2024-01:43:26 PM: (files_management.py): INFO: logger_fold Line: 383 -     - Distribution class train: 0: 4436 (61.44%), 1: 2784 (38.56%)
07/02/2024-01:43:26 PM: (files_management.py): INFO: logger_fold Line: 384 -     - Distribution class test: 0: 997 (52.34%), 1: 908 (47.66%)
07/02/2024-01:43:26 PM: (files_management.py): INFO: logger_fold Line: 385 -     - Train size: 79.12%
07/02/2024-01:43:26 PM: (files_management.py): INFO: logger_fold Line: 386 -     - Massif in train: ['ARAVIS' 'BAUGES' 'BEAUFORTAIN' 'BELLEDONNE' 'GRANDES-ROUSSES'
 'HTE-MAURIE' 'MAURIENNE' 'THABOR' 'VANOISE']
07/02/2024-01:43:26 PM: (files_management.py): INFO: logger_fold Line: 387 -     - Massif in test: ['CHARTEUSE' 'HTE-TARENT' 'MONT-BLANC' 'VERCORS']
07/02/2024-01:43:26 PM: (files_management.py): INFO: logger_fold Line: 370 - ------------------ Fold: 4 ------------------
07/02/2024-01:43:26 PM: (files_management.py): INFO: logger_fold Line: 383 -     - Distribution class train: 0: 4383 (59.53%), 1: 2980 (40.47%)
07/02/2024-01:43:26 PM: (files_management.py): INFO: logger_fold Line: 384 -     - Distribution class test: 0: 1050 (59.59%), 1: 712 (40.41%)
07/02/2024-01:43:26 PM: (files_management.py): INFO: logger_fold Line: 385 -     - Train size: 80.69%
07/02/2024-01:43:26 PM: (files_management.py): INFO: logger_fold Line: 386 -     - Massif in train: ['ARAVIS' 'BAUGES' 'BEAUFORTAIN' 'BELLEDONNE' 'CHARTEUSE'
 'GRANDES-ROUSSES' 'HTE-TARENT' 'MAURIENNE' 'MONT-BLANC' 'VERCORS']
07/02/2024-01:43:26 PM: (files_management.py): INFO: logger_fold Line: 387 -     - Massif in test: ['HTE-MAURIE' 'THABOR' 'VANOISE']
07/02/2024-01:43:26 PM: (files_management.py): INFO: logger_fold Line: 370 - ------------------ Fold: 5 ------------------
07/02/2024-01:43:26 PM: (files_management.py): INFO: logger_fold Line: 383 -     - Distribution class train: 0: 4300 (58.92%), 1: 2998 (41.08%)
07/02/2024-01:43:26 PM: (files_management.py): INFO: logger_fold Line: 384 -     - Distribution class test: 0: 1133 (62.01%), 1: 694 (37.99%)
07/02/2024-01:43:26 PM: (files_management.py): INFO: logger_fold Line: 385 -     - Train size: 79.98%
07/02/2024-01:43:26 PM: (files_management.py): INFO: logger_fold Line: 386 -     - Massif in train: ['ARAVIS' 'BAUGES' 'BEAUFORTAIN' 'BELLEDONNE' 'CHARTEUSE'
 'GRANDES-ROUSSES' 'MONT-BLANC' 'VANOISE' 'VERCORS']
07/02/2024-01:43:26 PM: (files_management.py): INFO: logger_fold Line: 387 -     - Massif in test: ['HTE-MAURIE' 'HTE-TARENT' 'MAURIENNE' 'THABOR']
07/02/2024-01:43:26 PM: (files_management.py): INFO: logger_fold Line: 370 - ------------------ Fold: 6 ------------------
07/02/2024-01:43:26 PM: (files_management.py): INFO: logger_fold Line: 383 -     - Distribution class train: 0: 4327 (59.36%), 1: 2962 (40.64%)
07/02/2024-01:43:26 PM: (files_management.py): INFO: logger_fold Line: 384 -     - Distribution class test: 0: 1106 (60.24%), 1: 730 (39.76%)
07/02/2024-01:43:26 PM: (files_management.py): INFO: logger_fold Line: 385 -     - Train size: 79.88%
07/02/2024-01:43:26 PM: (files_management.py): INFO: logger_fold Line: 386 -     - Massif in train: ['ARAVIS' 'BAUGES' 'BELLEDONNE' 'CHARTEUSE' 'GRANDES-ROUSSES' 'HTE-MAURIE'
 'HTE-TARENT' 'MAURIENNE' 'THABOR' 'VANOISE' 'VERCORS']
07/02/2024-01:43:26 PM: (files_management.py): INFO: logger_fold Line: 387 -     - Massif in test: ['BEAUFORTAIN' 'MONT-BLANC']
