06/14/2024-10:18:55 AM: (files_management.py): INFO: init_logger Line: 280 - Started
06/14/2024-10:20:34 AM: (files_management.py): INFO: logger_dataset Line: 303 - ================== Study information ==================
06/14/2024-10:20:34 AM: (files_management.py): INFO: logger_dataset Line: 305 - __________________ Dataset information __________________
06/14/2024-10:20:34 AM: (files_management.py): INFO: logger_dataset Line: 309 - Number of samples: 9125
06/14/2024-10:20:34 AM: (files_management.py): INFO: logger_dataset Line: 310 - Dimensions of input: (15, 15, 9)
06/14/2024-10:20:34 AM: (files_management.py): INFO: logger_dataset Line: 315 - Overall label distribution: 0: 5433 (59.54%), 1: 3692 (40.46%)
06/14/2024-10:20:34 AM: (files_management.py): INFO: logger_dataset Line: 316 - Massives: ['ARAVIS' 'BAUGES' 'BEAUFORTAIN' 'BELLEDONNE' 'CHARTEUSE'
 'GRANDES-ROUSSES' 'HTE-MAURIE' 'HTE-TARENT' 'MAURIENNE' 'MONT-BLANC'
 'THABOR' 'VANOISE' 'VERCORS']
06/14/2024-10:20:34 AM: (files_management.py): INFO: logger_dataset Line: 317 - Samples per massif:
06/14/2024-10:20:34 AM: (files_management.py): INFO: logger_dataset Line: 325 -   ARAVIS: 994 samples (Targets: 0: 630 (63.38%), 1: 364 (36.62%))
06/14/2024-10:20:34 AM: (files_management.py): INFO: logger_dataset Line: 325 -   BAUGES: 857 samples (Targets: 0: 557 (64.99%), 1: 300 (35.01%))
06/14/2024-10:20:34 AM: (files_management.py): INFO: logger_dataset Line: 325 -   BEAUFORTAIN: 1275 samples (Targets: 0: 840 (65.88%), 1: 435 (34.12%))
06/14/2024-10:20:34 AM: (files_management.py): INFO: logger_dataset Line: 325 -   BELLEDONNE: 901 samples (Targets: 0: 431 (47.84%), 1: 470 (52.16%))
06/14/2024-10:20:34 AM: (files_management.py): INFO: logger_dataset Line: 325 -   CHARTEUSE: 809 samples (Targets: 0: 485 (59.95%), 1: 324 (40.05%))
06/14/2024-10:20:34 AM: (files_management.py): INFO: logger_dataset Line: 325 -   GRANDES-ROUSSES: 347 samples (Targets: 0: 185 (53.31%), 1: 162 (46.69%))
06/14/2024-10:20:34 AM: (files_management.py): INFO: logger_dataset Line: 325 -   HTE-MAURIE: 312 samples (Targets: 0: 186 (59.62%), 1: 126 (40.38%))
06/14/2024-10:20:34 AM: (files_management.py): INFO: logger_dataset Line: 325 -   HTE-TARENT: 338 samples (Targets: 0: 133 (39.35%), 1: 205 (60.65%))
06/14/2024-10:20:34 AM: (files_management.py): INFO: logger_dataset Line: 325 -   MAURIENNE: 1084 samples (Targets: 0: 743 (68.54%), 1: 341 (31.46%))
06/14/2024-10:20:34 AM: (files_management.py): INFO: logger_dataset Line: 325 -   MONT-BLANC: 561 samples (Targets: 0: 266 (47.42%), 1: 295 (52.58%))
06/14/2024-10:20:34 AM: (files_management.py): INFO: logger_dataset Line: 325 -   THABOR: 93 samples (Targets: 0: 71 (76.34%), 1: 22 (23.66%))
06/14/2024-10:20:34 AM: (files_management.py): INFO: logger_dataset Line: 325 -   VANOISE: 1357 samples (Targets: 0: 793 (58.44%), 1: 564 (41.56%))
06/14/2024-10:20:34 AM: (files_management.py): INFO: logger_dataset Line: 325 -   VERCORS: 197 samples (Targets: 0: 113 (57.36%), 1: 84 (42.64%))
06/14/2024-10:20:34 AM: (files_management.py): INFO: logger_dataset Line: 327 - __________________ Folds information __________________
06/14/2024-10:20:34 AM: (files_management.py): INFO: logger_fold Line: 352 - ------------------ Fold: 0 ------------------
06/14/2024-10:20:34 AM: (files_management.py): INFO: logger_fold Line: 362 -     - Distribution class train: 0: 2765 (50.00%), 1: 2765 (50.00%)
06/14/2024-10:20:34 AM: (files_management.py): INFO: logger_fold Line: 363 -     - Distribution class test: 0: 882 (48.76%), 1: 927 (51.24%)
06/14/2024-10:20:34 AM: (files_management.py): INFO: logger_fold Line: 364 -     - Train size: 75.35%
06/14/2024-10:20:34 AM: (files_management.py): INFO: logger_fold Line: 365 -     - Massif in train: ['ARAVIS' 'BAUGES' 'BEAUFORTAIN' 'CHARTEUSE' 'HTE-MAURIE' 'HTE-TARENT'
 'MAURIENNE' 'THABOR' 'VANOISE' 'VERCORS']
06/14/2024-10:20:34 AM: (files_management.py): INFO: logger_fold Line: 366 -     - Massif in test: ['BELLEDONNE' 'GRANDES-ROUSSES' 'MONT-BLANC']
06/14/2024-10:20:34 AM: (files_management.py): INFO: logger_fold Line: 352 - ------------------ Fold: 1 ------------------
06/14/2024-10:20:34 AM: (files_management.py): INFO: logger_fold Line: 362 -     - Distribution class train: 0: 3063 (50.00%), 1: 3063 (50.00%)
06/14/2024-10:20:34 AM: (files_management.py): INFO: logger_fold Line: 363 -     - Distribution class test: 0: 1114 (63.91%), 1: 629 (36.09%)
06/14/2024-10:20:34 AM: (files_management.py): INFO: logger_fold Line: 364 -     - Train size: 77.85%
06/14/2024-10:20:34 AM: (files_management.py): INFO: logger_fold Line: 365 -     - Massif in train: ['ARAVIS' 'BAUGES' 'BEAUFORTAIN' 'BELLEDONNE' 'CHARTEUSE' 'HTE-TARENT'
 'MONT-BLANC' 'THABOR' 'VANOISE' 'VERCORS']
06/14/2024-10:20:34 AM: (files_management.py): INFO: logger_fold Line: 366 -     - Massif in test: ['GRANDES-ROUSSES' 'HTE-MAURIE' 'MAURIENNE']
06/14/2024-10:20:34 AM: (files_management.py): INFO: logger_fold Line: 352 - ------------------ Fold: 2 ------------------
06/14/2024-10:20:34 AM: (files_management.py): INFO: logger_fold Line: 362 -     - Distribution class train: 0: 2956 (50.00%), 1: 2956 (50.00%)
06/14/2024-10:20:34 AM: (files_management.py): INFO: logger_fold Line: 363 -     - Distribution class test: 0: 1114 (60.22%), 1: 736 (39.78%)
06/14/2024-10:20:34 AM: (files_management.py): INFO: logger_fold Line: 364 -     - Train size: 76.17%
06/14/2024-10:20:34 AM: (files_management.py): INFO: logger_fold Line: 365 -     - Massif in train: ['BAUGES' 'BEAUFORTAIN' 'BELLEDONNE' 'CHARTEUSE' 'HTE-TARENT' 'MAURIENNE'
 'MONT-BLANC' 'THABOR' 'VANOISE']
06/14/2024-10:20:34 AM: (files_management.py): INFO: logger_fold Line: 366 -     - Massif in test: ['ARAVIS' 'GRANDES-ROUSSES' 'HTE-MAURIE' 'VERCORS']
06/14/2024-10:20:34 AM: (files_management.py): INFO: logger_fold Line: 352 - ------------------ Fold: 3 ------------------
06/14/2024-10:20:34 AM: (files_management.py): INFO: logger_fold Line: 362 -     - Distribution class train: 0: 2722 (50.00%), 1: 2722 (50.00%)
06/14/2024-10:20:34 AM: (files_management.py): INFO: logger_fold Line: 363 -     - Distribution class test: 0: 830 (46.11%), 1: 970 (53.89%)
06/14/2024-10:20:34 AM: (files_management.py): INFO: logger_fold Line: 364 -     - Train size: 75.15%
06/14/2024-10:20:34 AM: (files_management.py): INFO: logger_fold Line: 365 -     - Massif in train: ['ARAVIS' 'BAUGES' 'BEAUFORTAIN' 'CHARTEUSE' 'GRANDES-ROUSSES'
 'HTE-MAURIE' 'MAURIENNE' 'THABOR' 'VANOISE' 'VERCORS']
06/14/2024-10:20:34 AM: (files_management.py): INFO: logger_fold Line: 366 -     - Massif in test: ['BELLEDONNE' 'HTE-TARENT' 'MONT-BLANC']
06/14/2024-10:20:34 AM: (files_management.py): INFO: logger_fold Line: 352 - ------------------ Fold: 4 ------------------
06/14/2024-10:20:34 AM: (files_management.py): INFO: logger_fold Line: 362 -     - Distribution class train: 0: 2925 (50.00%), 1: 2925 (50.00%)
06/14/2024-10:20:34 AM: (files_management.py): INFO: logger_fold Line: 363 -     - Distribution class test: 0: 1008 (56.79%), 1: 767 (43.21%)
06/14/2024-10:20:34 AM: (files_management.py): INFO: logger_fold Line: 364 -     - Train size: 76.72%
06/14/2024-10:20:34 AM: (files_management.py): INFO: logger_fold Line: 365 -     - Massif in train: ['ARAVIS' 'BAUGES' 'BEAUFORTAIN' 'BELLEDONNE' 'GRANDES-ROUSSES'
 'HTE-TARENT' 'MAURIENNE' 'VANOISE' 'VERCORS']
06/14/2024-10:20:34 AM: (files_management.py): INFO: logger_fold Line: 366 -     - Massif in test: ['CHARTEUSE' 'HTE-MAURIE' 'MONT-BLANC' 'THABOR']
06/14/2024-10:20:34 AM: (files_management.py): INFO: logger_fold Line: 352 - ------------------ Fold: 5 ------------------
06/14/2024-10:20:34 AM: (files_management.py): INFO: logger_fold Line: 362 -     - Distribution class train: 0: 2935 (50.00%), 1: 2935 (50.00%)
06/14/2024-10:20:34 AM: (files_management.py): INFO: logger_fold Line: 363 -     - Distribution class test: 0: 1008 (57.11%), 1: 757 (42.89%)
06/14/2024-10:20:34 AM: (files_management.py): INFO: logger_fold Line: 364 -     - Train size: 76.88%
06/14/2024-10:20:34 AM: (files_management.py): INFO: logger_fold Line: 365 -     - Massif in train: ['ARAVIS' 'BEAUFORTAIN' 'BELLEDONNE' 'CHARTEUSE' 'HTE-MAURIE' 'HTE-TARENT'
 'MAURIENNE' 'THABOR' 'VANOISE' 'VERCORS']
06/14/2024-10:20:34 AM: (files_management.py): INFO: logger_fold Line: 366 -     - Massif in test: ['BAUGES' 'GRANDES-ROUSSES' 'MONT-BLANC']
06/14/2024-10:20:34 AM: (files_management.py): INFO: logger_fold Line: 352 - ------------------ Fold: 6 ------------------
06/14/2024-10:20:34 AM: (files_management.py): INFO: logger_fold Line: 362 -     - Distribution class train: 0: 2989 (50.00%), 1: 2989 (50.00%)
06/14/2024-10:20:34 AM: (files_management.py): INFO: logger_fold Line: 363 -     - Distribution class test: 0: 1209 (63.23%), 1: 703 (36.77%)
06/14/2024-10:20:34 AM: (files_management.py): INFO: logger_fold Line: 364 -     - Train size: 75.77%
06/14/2024-10:20:34 AM: (files_management.py): INFO: logger_fold Line: 365 -     - Massif in train: ['ARAVIS' 'BAUGES' 'BELLEDONNE' 'CHARTEUSE' 'HTE-MAURIE' 'HTE-TARENT'
 'MAURIENNE' 'MONT-BLANC' 'VANOISE']
06/14/2024-10:20:34 AM: (files_management.py): INFO: logger_fold Line: 366 -     - Massif in test: ['BEAUFORTAIN' 'GRANDES-ROUSSES' 'THABOR' 'VERCORS']
06/14/2024-10:20:34 AM: (files_management.py): INFO: logger_fold Line: 352 - ------------------ Fold: 7 ------------------
06/14/2024-10:20:34 AM: (files_management.py): INFO: logger_fold Line: 362 -     - Distribution class train: 0: 2901 (50.00%), 1: 2901 (50.00%)
06/14/2024-10:20:34 AM: (files_management.py): INFO: logger_fold Line: 363 -     - Distribution class test: 0: 997 (55.76%), 1: 791 (44.24%)
06/14/2024-10:20:34 AM: (files_management.py): INFO: logger_fold Line: 364 -     - Train size: 76.44%
06/14/2024-10:20:34 AM: (files_management.py): INFO: logger_fold Line: 365 -     - Massif in train: ['ARAVIS' 'BAUGES' 'BEAUFORTAIN' 'BELLEDONNE' 'CHARTEUSE'
 'GRANDES-ROUSSES' 'HTE-MAURIE' 'MAURIENNE' 'MONT-BLANC' 'VERCORS']
06/14/2024-10:20:34 AM: (files_management.py): INFO: logger_fold Line: 366 -     - Massif in test: ['HTE-TARENT' 'THABOR' 'VANOISE']
