06/14/2024-10:48:03 AM: (files_management.py): INFO: init_logger Line: 280 - Started
06/14/2024-10:48:03 AM: (learning_models.py): INFO: predict_dataset Line: 72 - ================== Fitting model AdaBoost_direct ==================
06/14/2024-10:48:23 AM: (files_management.py): INFO: save_metrics Line: 372 - __________________ Fold 0 with AdaBoost_direct __________________
06/14/2024-10:48:23 AM: (files_management.py): INFO: save_metrics Line: 383 -  f1_score_macro : 75.64
06/14/2024-10:48:23 AM: (files_management.py): INFO: save_metrics Line: 383 -  f1_score_weighted : 76.76
06/14/2024-10:48:23 AM: (files_management.py): INFO: save_metrics Line: 383 -  f1_score_multiclass : 
[79.83 71.45]
06/14/2024-10:48:23 AM: (files_management.py): INFO: save_metrics Line: 383 -  accuracy_score : 76.36
06/14/2024-10:48:23 AM: (files_management.py): INFO: save_metrics Line: 383 -  precision_score_macro : 75.48
06/14/2024-10:48:23 AM: (files_management.py): INFO: save_metrics Line: 383 -  recall_score_macro : 77.29
06/14/2024-10:48:23 AM: (files_management.py): INFO: save_metrics Line: 383 -  roc_auc_score : 77.29
06/14/2024-10:48:23 AM: (files_management.py): INFO: save_metrics Line: 383 -  log_loss : 68.71
06/14/2024-10:48:23 AM: (files_management.py): INFO: save_metrics Line: 383 -  kappa_score : 51.73
06/14/2024-10:48:23 AM: (files_management.py): INFO: save_metrics Line: 383 -  confusion_matrix :          not_wet      wet
not_wet  73.8095  26.1905
wet      19.2308  80.7692
06/14/2024-10:48:23 AM: (files_management.py): INFO: save_metrics Line: 383 -  training_time : 8.98
06/14/2024-10:48:23 AM: (files_management.py): INFO: save_metrics Line: 383 -  prediction_time : 1.88
06/14/2024-10:48:23 AM: (files_management.py): INFO: save_metrics Line: 372 - __________________ Fold 1 with AdaBoost_direct __________________
06/14/2024-10:48:23 AM: (files_management.py): INFO: save_metrics Line: 383 -  f1_score_macro : 80.89
06/14/2024-10:48:23 AM: (files_management.py): INFO: save_metrics Line: 383 -  f1_score_weighted : 81.31
06/14/2024-10:48:23 AM: (files_management.py): INFO: save_metrics Line: 383 -  f1_score_multiclass : 
[83.34 78.44]
06/14/2024-10:48:23 AM: (files_management.py): INFO: save_metrics Line: 383 -  accuracy_score : 81.21
06/14/2024-10:48:23 AM: (files_management.py): INFO: save_metrics Line: 383 -  precision_score_macro : 80.70
06/14/2024-10:48:23 AM: (files_management.py): INFO: save_metrics Line: 383 -  recall_score_macro : 81.36
06/14/2024-10:48:23 AM: (files_management.py): INFO: save_metrics Line: 383 -  roc_auc_score : 81.36
06/14/2024-10:48:23 AM: (files_management.py): INFO: save_metrics Line: 383 -  log_loss : 68.69
06/14/2024-10:48:23 AM: (files_management.py): INFO: save_metrics Line: 383 -  kappa_score : 61.85
06/14/2024-10:48:23 AM: (files_management.py): INFO: save_metrics Line: 383 -  confusion_matrix :          not_wet      wet
not_wet  80.4540  19.5460
wet      17.7305  82.2695
06/14/2024-10:48:23 AM: (files_management.py): INFO: save_metrics Line: 383 -  training_time : 8.19
06/14/2024-10:48:23 AM: (files_management.py): INFO: save_metrics Line: 383 -  prediction_time : 2.39
06/14/2024-10:48:23 AM: (files_management.py): INFO: save_metrics Line: 372 - __________________ Fold 2 with AdaBoost_direct __________________
06/14/2024-10:48:23 AM: (files_management.py): INFO: save_metrics Line: 383 -  f1_score_macro : 79.28
06/14/2024-10:48:23 AM: (files_management.py): INFO: save_metrics Line: 383 -  f1_score_weighted : 79.82
06/14/2024-10:48:23 AM: (files_management.py): INFO: save_metrics Line: 383 -  f1_score_multiclass : 
[76.77 81.79]
06/14/2024-10:48:23 AM: (files_management.py): INFO: save_metrics Line: 383 -  accuracy_score : 79.59
06/14/2024-10:48:23 AM: (files_management.py): INFO: save_metrics Line: 383 -  precision_score_macro : 79.30
06/14/2024-10:48:23 AM: (files_management.py): INFO: save_metrics Line: 383 -  recall_score_macro : 80.66
06/14/2024-10:48:23 AM: (files_management.py): INFO: save_metrics Line: 383 -  roc_auc_score : 80.66
06/14/2024-10:48:23 AM: (files_management.py): INFO: save_metrics Line: 383 -  log_loss : 68.63
06/14/2024-10:48:23 AM: (files_management.py): INFO: save_metrics Line: 383 -  kappa_score : 58.91
06/14/2024-10:48:23 AM: (files_management.py): INFO: save_metrics Line: 383 -  confusion_matrix :          not_wet      wet
not_wet  85.7143  14.2857
wet      24.3902  75.6098
06/14/2024-10:48:23 AM: (files_management.py): INFO: save_metrics Line: 383 -  training_time : 9.40
06/14/2024-10:48:23 AM: (files_management.py): INFO: save_metrics Line: 383 -  prediction_time : 0.62
06/14/2024-10:48:23 AM: (files_management.py): INFO: save_metrics Line: 372 - __________________ Fold 3 with AdaBoost_direct __________________
06/14/2024-10:48:23 AM: (files_management.py): INFO: save_metrics Line: 383 -  f1_score_macro : 86.76
06/14/2024-10:48:23 AM: (files_management.py): INFO: save_metrics Line: 383 -  f1_score_weighted : 86.79
06/14/2024-10:48:23 AM: (files_management.py): INFO: save_metrics Line: 383 -  f1_score_multiclass : 
[86.11 87.41]
06/14/2024-10:48:23 AM: (files_management.py): INFO: save_metrics Line: 383 -  accuracy_score : 86.79
06/14/2024-10:48:23 AM: (files_management.py): INFO: save_metrics Line: 383 -  precision_score_macro : 86.78
06/14/2024-10:48:23 AM: (files_management.py): INFO: save_metrics Line: 383 -  recall_score_macro : 86.74
06/14/2024-10:48:23 AM: (files_management.py): INFO: save_metrics Line: 383 -  roc_auc_score : 86.74
06/14/2024-10:48:23 AM: (files_management.py): INFO: save_metrics Line: 383 -  log_loss : 68.43
06/14/2024-10:48:23 AM: (files_management.py): INFO: save_metrics Line: 383 -  kappa_score : 73.52
06/14/2024-10:48:23 AM: (files_management.py): INFO: save_metrics Line: 383 -  confusion_matrix :          not_wet      wet
not_wet  85.6148  14.3852
wet      12.1277  87.8723
06/14/2024-10:48:23 AM: (files_management.py): INFO: save_metrics Line: 383 -  training_time : 8.84
06/14/2024-10:48:23 AM: (files_management.py): INFO: save_metrics Line: 383 -  prediction_time : 1.56
06/14/2024-10:48:23 AM: (files_management.py): INFO: save_metrics Line: 372 - __________________ Fold 4 with AdaBoost_direct __________________
06/14/2024-10:48:23 AM: (files_management.py): INFO: save_metrics Line: 383 -  f1_score_macro : 84.68
06/14/2024-10:48:23 AM: (files_management.py): INFO: save_metrics Line: 383 -  f1_score_weighted : 85.97
06/14/2024-10:48:23 AM: (files_management.py): INFO: save_metrics Line: 383 -  f1_score_multiclass : 
[88.97 80.39]
06/14/2024-10:48:23 AM: (files_management.py): INFO: save_metrics Line: 383 -  accuracy_score : 85.88
06/14/2024-10:48:23 AM: (files_management.py): INFO: save_metrics Line: 383 -  precision_score_macro : 84.30
06/14/2024-10:48:23 AM: (files_management.py): INFO: save_metrics Line: 383 -  recall_score_macro : 85.14
06/14/2024-10:48:23 AM: (files_management.py): INFO: save_metrics Line: 383 -  roc_auc_score : 85.14
06/14/2024-10:48:23 AM: (files_management.py): INFO: save_metrics Line: 383 -  log_loss : 68.65
06/14/2024-10:48:23 AM: (files_management.py): INFO: save_metrics Line: 383 -  kappa_score : 69.37
06/14/2024-10:48:23 AM: (files_management.py): INFO: save_metrics Line: 383 -  confusion_matrix :          not_wet      wet
not_wet  87.6122  12.3878
wet      17.3333  82.6667
06/14/2024-10:48:23 AM: (files_management.py): INFO: save_metrics Line: 383 -  training_time : 8.90
06/14/2024-10:48:23 AM: (files_management.py): INFO: save_metrics Line: 383 -  prediction_time : 1.49
06/14/2024-10:48:23 AM: (files_management.py): INFO: save_metrics Line: 372 - __________________ Fold 5 with AdaBoost_direct __________________
06/14/2024-10:48:23 AM: (files_management.py): INFO: save_metrics Line: 383 -  f1_score_macro : 79.68
06/14/2024-10:48:23 AM: (files_management.py): INFO: save_metrics Line: 383 -  f1_score_weighted : 79.67
06/14/2024-10:48:23 AM: (files_management.py): INFO: save_metrics Line: 383 -  f1_score_multiclass : 
[79.86 79.5 ]
06/14/2024-10:48:23 AM: (files_management.py): INFO: save_metrics Line: 383 -  accuracy_score : 79.68
06/14/2024-10:48:23 AM: (files_management.py): INFO: save_metrics Line: 383 -  precision_score_macro : 80.00
06/14/2024-10:48:23 AM: (files_management.py): INFO: save_metrics Line: 383 -  recall_score_macro : 79.94
06/14/2024-10:48:23 AM: (files_management.py): INFO: save_metrics Line: 383 -  roc_auc_score : 79.94
06/14/2024-10:48:23 AM: (files_management.py): INFO: save_metrics Line: 383 -  log_loss : 68.70
06/14/2024-10:48:23 AM: (files_management.py): INFO: save_metrics Line: 383 -  kappa_score : 59.50
06/14/2024-10:48:23 AM: (files_management.py): INFO: save_metrics Line: 383 -  confusion_matrix :          not_wet      wet
not_wet  84.9624  15.0376
wet      25.0847  74.9153
06/14/2024-10:48:23 AM: (files_management.py): INFO: save_metrics Line: 383 -  training_time : 8.77
06/14/2024-10:48:23 AM: (files_management.py): INFO: save_metrics Line: 383 -  prediction_time : 0.96
06/14/2024-10:48:23 AM: (files_management.py): INFO: save_metrics Line: 372 - __________________ Fold 6 with AdaBoost_direct __________________
06/14/2024-10:48:23 AM: (files_management.py): INFO: save_metrics Line: 383 -  f1_score_macro : 78.03
06/14/2024-10:48:23 AM: (files_management.py): INFO: save_metrics Line: 383 -  f1_score_weighted : 79.42
06/14/2024-10:48:23 AM: (files_management.py): INFO: save_metrics Line: 383 -  f1_score_multiclass : 
[82.41 73.65]
06/14/2024-10:48:23 AM: (files_management.py): INFO: save_metrics Line: 383 -  accuracy_score : 78.90
06/14/2024-10:48:23 AM: (files_management.py): INFO: save_metrics Line: 383 -  precision_score_macro : 77.80
06/14/2024-10:48:23 AM: (files_management.py): INFO: save_metrics Line: 383 -  recall_score_macro : 80.72
06/14/2024-10:48:23 AM: (files_management.py): INFO: save_metrics Line: 383 -  roc_auc_score : 80.72
06/14/2024-10:48:23 AM: (files_management.py): INFO: save_metrics Line: 383 -  log_loss : 68.69
06/14/2024-10:48:23 AM: (files_management.py): INFO: save_metrics Line: 383 -  kappa_score : 56.69
06/14/2024-10:48:23 AM: (files_management.py): INFO: save_metrics Line: 383 -  confusion_matrix :          not_wet      wet
not_wet  75.0000  25.0000
wet      13.5632  86.4368
06/14/2024-10:48:23 AM: (files_management.py): INFO: save_metrics Line: 383 -  training_time : 8.54
06/14/2024-10:48:23 AM: (files_management.py): INFO: save_metrics Line: 383 -  prediction_time : 2.20
06/14/2024-10:48:23 AM: (files_management.py): INFO: save_metrics Line: 372 - __________________ Fold 7 with AdaBoost_direct __________________
06/14/2024-10:48:23 AM: (files_management.py): INFO: save_metrics Line: 383 -  f1_score_macro : 74.96
06/14/2024-10:48:23 AM: (files_management.py): INFO: save_metrics Line: 383 -  f1_score_weighted : 75.13
06/14/2024-10:48:23 AM: (files_management.py): INFO: save_metrics Line: 383 -  f1_score_multiclass : 
[77.49 72.44]
06/14/2024-10:48:23 AM: (files_management.py): INFO: save_metrics Line: 383 -  accuracy_score : 75.22
06/14/2024-10:48:23 AM: (files_management.py): INFO: save_metrics Line: 383 -  precision_score_macro : 75.23
06/14/2024-10:48:23 AM: (files_management.py): INFO: save_metrics Line: 383 -  recall_score_macro : 74.88
06/14/2024-10:48:23 AM: (files_management.py): INFO: save_metrics Line: 383 -  roc_auc_score : 74.88
06/14/2024-10:48:23 AM: (files_management.py): INFO: save_metrics Line: 383 -  log_loss : 68.66
06/14/2024-10:48:23 AM: (files_management.py): INFO: save_metrics Line: 383 -  kappa_score : 49.98
06/14/2024-10:48:23 AM: (files_management.py): INFO: save_metrics Line: 383 -  confusion_matrix :          not_wet      wet
not_wet  80.0000  20.0000
wet      30.2469  69.7531
06/14/2024-10:48:23 AM: (files_management.py): INFO: save_metrics Line: 383 -  training_time : 8.10
06/14/2024-10:48:23 AM: (files_management.py): INFO: save_metrics Line: 383 -  prediction_time : 0.75
06/14/2024-10:48:23 AM: (files_management.py): INFO: save_metrics Line: 372 - __________________ Fold 8 with AdaBoost_direct __________________
06/14/2024-10:48:23 AM: (files_management.py): INFO: save_metrics Line: 383 -  f1_score_macro : 79.17
06/14/2024-10:48:23 AM: (files_management.py): INFO: save_metrics Line: 383 -  f1_score_weighted : 81.73
06/14/2024-10:48:23 AM: (files_management.py): INFO: save_metrics Line: 383 -  f1_score_multiclass : 
[86.07 72.28]
06/14/2024-10:48:23 AM: (files_management.py): INFO: save_metrics Line: 383 -  accuracy_score : 81.46
06/14/2024-10:48:23 AM: (files_management.py): INFO: save_metrics Line: 383 -  precision_score_macro : 78.47
06/14/2024-10:48:23 AM: (files_management.py): INFO: save_metrics Line: 383 -  recall_score_macro : 80.21
06/14/2024-10:48:23 AM: (files_management.py): INFO: save_metrics Line: 383 -  roc_auc_score : 80.21
06/14/2024-10:48:23 AM: (files_management.py): INFO: save_metrics Line: 383 -  log_loss : 68.70
06/14/2024-10:48:23 AM: (files_management.py): INFO: save_metrics Line: 383 -  kappa_score : 58.42
06/14/2024-10:48:23 AM: (files_management.py): INFO: save_metrics Line: 383 -  confusion_matrix :          not_wet      wet
not_wet  83.5801  16.4199
wet      23.1672  76.8328
06/14/2024-10:48:23 AM: (files_management.py): INFO: save_metrics Line: 383 -  training_time : 8.33
06/14/2024-10:48:23 AM: (files_management.py): INFO: save_metrics Line: 383 -  prediction_time : 1.64
06/14/2024-10:48:23 AM: (files_management.py): INFO: save_metrics Line: 372 - __________________ Fold 9 with AdaBoost_direct __________________
06/14/2024-10:48:23 AM: (files_management.py): INFO: save_metrics Line: 383 -  f1_score_macro : 78.59
06/14/2024-10:48:23 AM: (files_management.py): INFO: save_metrics Line: 383 -  f1_score_weighted : 79.43
06/14/2024-10:48:23 AM: (files_management.py): INFO: save_metrics Line: 383 -  f1_score_multiclass : 
[82.98 74.19]
06/14/2024-10:48:23 AM: (files_management.py): INFO: save_metrics Line: 383 -  accuracy_score : 79.49
06/14/2024-10:48:23 AM: (files_management.py): INFO: save_metrics Line: 383 -  precision_score_macro : 78.76
06/14/2024-10:48:23 AM: (files_management.py): INFO: save_metrics Line: 383 -  recall_score_macro : 78.44
06/14/2024-10:48:23 AM: (files_management.py): INFO: save_metrics Line: 383 -  roc_auc_score : 78.44
06/14/2024-10:48:23 AM: (files_management.py): INFO: save_metrics Line: 383 -  log_loss : 68.79
06/14/2024-10:48:23 AM: (files_management.py): INFO: save_metrics Line: 383 -  kappa_score : 57.18
06/14/2024-10:48:23 AM: (files_management.py): INFO: save_metrics Line: 383 -  confusion_matrix :          not_wet      wet
not_wet  83.8710  16.1290
wet      26.9841  73.0159
06/14/2024-10:48:23 AM: (files_management.py): INFO: save_metrics Line: 383 -  training_time : 8.24
06/14/2024-10:48:23 AM: (files_management.py): INFO: save_metrics Line: 383 -  prediction_time : 0.55
06/14/2024-10:48:23 AM: (files_management.py): INFO: save_metrics Line: 372 - __________________ Fold 10 with AdaBoost_direct __________________
06/14/2024-10:48:23 AM: (files_management.py): INFO: save_metrics Line: 383 -  f1_score_macro : 83.21
06/14/2024-10:48:23 AM: (files_management.py): INFO: save_metrics Line: 383 -  f1_score_weighted : 83.84
06/14/2024-10:48:23 AM: (files_management.py): INFO: save_metrics Line: 383 -  f1_score_multiclass : 
[86.37 80.06]
06/14/2024-10:48:23 AM: (files_management.py): INFO: save_metrics Line: 383 -  accuracy_score : 83.81
06/14/2024-10:48:23 AM: (files_management.py): INFO: save_metrics Line: 383 -  precision_score_macro : 83.08
06/14/2024-10:48:23 AM: (files_management.py): INFO: save_metrics Line: 383 -  recall_score_macro : 83.37
06/14/2024-10:48:23 AM: (files_management.py): INFO: save_metrics Line: 383 -  roc_auc_score : 83.37
06/14/2024-10:48:23 AM: (files_management.py): INFO: save_metrics Line: 383 -  log_loss : 68.69
06/14/2024-10:48:23 AM: (files_management.py): INFO: save_metrics Line: 383 -  kappa_score : 66.43
06/14/2024-10:48:23 AM: (files_management.py): INFO: save_metrics Line: 383 -  confusion_matrix :          not_wet      wet
not_wet  85.5670  14.4330
wet      18.8272  81.1728
06/14/2024-10:48:23 AM: (files_management.py): INFO: save_metrics Line: 383 -  training_time : 8.20
06/14/2024-10:48:23 AM: (files_management.py): INFO: save_metrics Line: 383 -  prediction_time : 1.24
06/14/2024-10:48:23 AM: (files_management.py): INFO: save_metrics Line: 372 - __________________ Fold 11 with AdaBoost_direct __________________
06/14/2024-10:48:23 AM: (files_management.py): INFO: save_metrics Line: 383 -  f1_score_macro : 72.94
06/14/2024-10:48:23 AM: (files_management.py): INFO: save_metrics Line: 383 -  f1_score_weighted : 78.00
06/14/2024-10:48:23 AM: (files_management.py): INFO: save_metrics Line: 383 -  f1_score_multiclass : 
[82.54 63.33]
06/14/2024-10:48:23 AM: (files_management.py): INFO: save_metrics Line: 383 -  accuracy_score : 76.34
06/14/2024-10:48:23 AM: (files_management.py): INFO: save_metrics Line: 383 -  precision_score_macro : 72.27
06/14/2024-10:48:23 AM: (files_management.py): INFO: save_metrics Line: 383 -  recall_score_macro : 79.80
06/14/2024-10:48:23 AM: (files_management.py): INFO: save_metrics Line: 383 -  roc_auc_score : 79.80
06/14/2024-10:48:23 AM: (files_management.py): INFO: save_metrics Line: 383 -  log_loss : 68.95
06/14/2024-10:48:23 AM: (files_management.py): INFO: save_metrics Line: 383 -  kappa_score : 47.65
06/14/2024-10:48:23 AM: (files_management.py): INFO: save_metrics Line: 383 -  confusion_matrix :          not_wet      wet
not_wet  73.2394  26.7606
wet      13.6364  86.3636
06/14/2024-10:48:23 AM: (files_management.py): INFO: save_metrics Line: 383 -  training_time : 7.67
06/14/2024-10:48:23 AM: (files_management.py): INFO: save_metrics Line: 383 -  prediction_time : 0.22
06/14/2024-10:48:23 AM: (files_management.py): INFO: save_metrics Line: 372 - __________________ Fold 12 with AdaBoost_direct __________________
06/14/2024-10:48:23 AM: (files_management.py): INFO: save_metrics Line: 383 -  f1_score_macro : 69.02
06/14/2024-10:48:23 AM: (files_management.py): INFO: save_metrics Line: 383 -  f1_score_weighted : 69.12
06/14/2024-10:48:23 AM: (files_management.py): INFO: save_metrics Line: 383 -  f1_score_multiclass : 
[69.65 68.39]
06/14/2024-10:48:23 AM: (files_management.py): INFO: save_metrics Line: 383 -  accuracy_score : 69.04
06/14/2024-10:48:23 AM: (files_management.py): INFO: save_metrics Line: 383 -  precision_score_macro : 70.05
06/14/2024-10:48:23 AM: (files_management.py): INFO: save_metrics Line: 383 -  recall_score_macro : 70.26
06/14/2024-10:48:23 AM: (files_management.py): INFO: save_metrics Line: 383 -  roc_auc_score : 70.26
06/14/2024-10:48:23 AM: (files_management.py): INFO: save_metrics Line: 383 -  log_loss : 68.90
06/14/2024-10:48:23 AM: (files_management.py): INFO: save_metrics Line: 383 -  kappa_score : 39.03
06/14/2024-10:48:23 AM: (files_management.py): INFO: save_metrics Line: 383 -  confusion_matrix :          not_wet      wet
not_wet  61.9469  38.0531
wet      21.4286  78.5714
06/14/2024-10:48:23 AM: (files_management.py): INFO: save_metrics Line: 383 -  training_time : 7.84
06/14/2024-10:48:23 AM: (files_management.py): INFO: save_metrics Line: 383 -  prediction_time : 0.38
