06/14/2024-10:46:54 AM: (files_management.py): INFO: init_logger Line: 280 - Started
06/14/2024-10:46:54 AM: (learning_models.py): INFO: predict_dataset Line: 72 - ================== Fitting model RandomForest_direct ==================
06/14/2024-10:47:30 AM: (files_management.py): INFO: save_metrics Line: 372 - __________________ Fold 0 with RandomForest_direct __________________
06/14/2024-10:47:30 AM: (files_management.py): INFO: save_metrics Line: 383 -  f1_score_macro : 76.75
06/14/2024-10:47:30 AM: (files_management.py): INFO: save_metrics Line: 383 -  f1_score_weighted : 77.76
06/14/2024-10:47:30 AM: (files_management.py): INFO: save_metrics Line: 383 -  f1_score_multiclass : 
[80.52 72.99]
06/14/2024-10:47:30 AM: (files_management.py): INFO: save_metrics Line: 383 -  accuracy_score : 77.36
06/14/2024-10:47:30 AM: (files_management.py): INFO: save_metrics Line: 383 -  precision_score_macro : 76.70
06/14/2024-10:47:30 AM: (files_management.py): INFO: save_metrics Line: 383 -  recall_score_macro : 78.66
06/14/2024-10:47:30 AM: (files_management.py): INFO: save_metrics Line: 383 -  roc_auc_score : 78.66
06/14/2024-10:47:30 AM: (files_management.py): INFO: save_metrics Line: 383 -  log_loss : 48.48
06/14/2024-10:47:30 AM: (files_management.py): INFO: save_metrics Line: 383 -  kappa_score : 54.04
06/14/2024-10:47:30 AM: (files_management.py): INFO: save_metrics Line: 383 -  confusion_matrix :          not_wet      wet
not_wet  73.8095  26.1905
wet      16.4835  83.5165
06/14/2024-10:47:30 AM: (files_management.py): INFO: save_metrics Line: 383 -  training_time : 15.20
06/14/2024-10:47:30 AM: (files_management.py): INFO: save_metrics Line: 383 -  prediction_time : 1.68
06/14/2024-10:47:30 AM: (files_management.py): INFO: save_metrics Line: 372 - __________________ Fold 1 with RandomForest_direct __________________
06/14/2024-10:47:30 AM: (files_management.py): INFO: save_metrics Line: 383 -  f1_score_macro : 82.26
06/14/2024-10:47:30 AM: (files_management.py): INFO: save_metrics Line: 383 -  f1_score_weighted : 82.58
06/14/2024-10:47:30 AM: (files_management.py): INFO: save_metrics Line: 383 -  f1_score_multiclass : 
[84.13 80.4 ]
06/14/2024-10:47:30 AM: (files_management.py): INFO: save_metrics Line: 383 -  accuracy_score : 82.46
06/14/2024-10:47:30 AM: (files_management.py): INFO: save_metrics Line: 383 -  precision_score_macro : 82.16
06/14/2024-10:47:30 AM: (files_management.py): INFO: save_metrics Line: 383 -  recall_score_macro : 83.05
06/14/2024-10:47:30 AM: (files_management.py): INFO: save_metrics Line: 383 -  roc_auc_score : 83.05
06/14/2024-10:47:30 AM: (files_management.py): INFO: save_metrics Line: 383 -  log_loss : 39.93
06/14/2024-10:47:30 AM: (files_management.py): INFO: save_metrics Line: 383 -  kappa_score : 64.67
06/14/2024-10:47:30 AM: (files_management.py): INFO: save_metrics Line: 383 -  confusion_matrix :          not_wet      wet
not_wet  79.5712  20.4288
wet      13.4752  86.5248
06/14/2024-10:47:30 AM: (files_management.py): INFO: save_metrics Line: 383 -  training_time : 15.66
06/14/2024-10:47:30 AM: (files_management.py): INFO: save_metrics Line: 383 -  prediction_time : 2.17
06/14/2024-10:47:30 AM: (files_management.py): INFO: save_metrics Line: 372 - __________________ Fold 2 with RandomForest_direct __________________
06/14/2024-10:47:30 AM: (files_management.py): INFO: save_metrics Line: 383 -  f1_score_macro : 80.10
06/14/2024-10:47:30 AM: (files_management.py): INFO: save_metrics Line: 383 -  f1_score_weighted : 80.68
06/14/2024-10:47:30 AM: (files_management.py): INFO: save_metrics Line: 383 -  f1_score_multiclass : 
[77.4  82.81]
06/14/2024-10:47:30 AM: (files_management.py): INFO: save_metrics Line: 383 -  accuracy_score : 80.47
06/14/2024-10:47:30 AM: (files_management.py): INFO: save_metrics Line: 383 -  precision_score_macro : 79.95
06/14/2024-10:47:30 AM: (files_management.py): INFO: save_metrics Line: 383 -  recall_score_macro : 81.26
06/14/2024-10:47:30 AM: (files_management.py): INFO: save_metrics Line: 383 -  roc_auc_score : 81.26
06/14/2024-10:47:30 AM: (files_management.py): INFO: save_metrics Line: 383 -  log_loss : 48.54
06/14/2024-10:47:30 AM: (files_management.py): INFO: save_metrics Line: 383 -  kappa_score : 60.45
06/14/2024-10:47:30 AM: (files_management.py): INFO: save_metrics Line: 383 -  confusion_matrix :          not_wet      wet
not_wet  84.9624  15.0376
wet      22.4390  77.5610
06/14/2024-10:47:30 AM: (files_management.py): INFO: save_metrics Line: 383 -  training_time : 16.83
06/14/2024-10:47:30 AM: (files_management.py): INFO: save_metrics Line: 383 -  prediction_time : 0.63
06/14/2024-10:47:30 AM: (files_management.py): INFO: save_metrics Line: 372 - __________________ Fold 3 with RandomForest_direct __________________
06/14/2024-10:47:30 AM: (files_management.py): INFO: save_metrics Line: 383 -  f1_score_macro : 89.42
06/14/2024-10:47:30 AM: (files_management.py): INFO: save_metrics Line: 383 -  f1_score_weighted : 89.45
06/14/2024-10:47:30 AM: (files_management.py): INFO: save_metrics Line: 383 -  f1_score_multiclass : 
[88.81 90.03]
06/14/2024-10:47:30 AM: (files_management.py): INFO: save_metrics Line: 383 -  accuracy_score : 89.46
06/14/2024-10:47:30 AM: (files_management.py): INFO: save_metrics Line: 383 -  precision_score_macro : 89.51
06/14/2024-10:47:30 AM: (files_management.py): INFO: save_metrics Line: 383 -  recall_score_macro : 89.37
06/14/2024-10:47:30 AM: (files_management.py): INFO: save_metrics Line: 383 -  roc_auc_score : 89.37
06/14/2024-10:47:30 AM: (files_management.py): INFO: save_metrics Line: 383 -  log_loss : 29.13
06/14/2024-10:47:30 AM: (files_management.py): INFO: save_metrics Line: 383 -  kappa_score : 78.85
06/14/2024-10:47:30 AM: (files_management.py): INFO: save_metrics Line: 383 -  confusion_matrix :          not_wet      wet
not_wet  87.4710  12.5290
wet       8.7234  91.2766
06/14/2024-10:47:30 AM: (files_management.py): INFO: save_metrics Line: 383 -  training_time : 13.77
06/14/2024-10:47:30 AM: (files_management.py): INFO: save_metrics Line: 383 -  prediction_time : 2.12
06/14/2024-10:47:30 AM: (files_management.py): INFO: save_metrics Line: 372 - __________________ Fold 4 with RandomForest_direct __________________
06/14/2024-10:47:30 AM: (files_management.py): INFO: save_metrics Line: 383 -  f1_score_macro : 86.55
06/14/2024-10:47:30 AM: (files_management.py): INFO: save_metrics Line: 383 -  f1_score_weighted : 87.56
06/14/2024-10:47:30 AM: (files_management.py): INFO: save_metrics Line: 383 -  f1_score_multiclass : 
[89.93 83.18]
06/14/2024-10:47:30 AM: (files_management.py): INFO: save_metrics Line: 383 -  accuracy_score : 87.40
06/14/2024-10:47:30 AM: (files_management.py): INFO: save_metrics Line: 383 -  precision_score_macro : 85.83
06/14/2024-10:47:30 AM: (files_management.py): INFO: save_metrics Line: 383 -  recall_score_macro : 87.77
06/14/2024-10:47:30 AM: (files_management.py): INFO: save_metrics Line: 383 -  roc_auc_score : 87.77
06/14/2024-10:47:30 AM: (files_management.py): INFO: save_metrics Line: 383 -  log_loss : 30.87
06/14/2024-10:47:30 AM: (files_management.py): INFO: save_metrics Line: 383 -  kappa_score : 73.17
06/14/2024-10:47:30 AM: (files_management.py): INFO: save_metrics Line: 383 -  confusion_matrix :          not_wet     wet
not_wet   86.535  13.465
wet       11.000  89.000
06/14/2024-10:47:30 AM: (files_management.py): INFO: save_metrics Line: 383 -  training_time : 16.08
06/14/2024-10:47:30 AM: (files_management.py): INFO: save_metrics Line: 383 -  prediction_time : 1.42
06/14/2024-10:47:30 AM: (files_management.py): INFO: save_metrics Line: 372 - __________________ Fold 5 with RandomForest_direct __________________
06/14/2024-10:47:30 AM: (files_management.py): INFO: save_metrics Line: 383 -  f1_score_macro : 82.53
06/14/2024-10:47:30 AM: (files_management.py): INFO: save_metrics Line: 383 -  f1_score_weighted : 82.54
06/14/2024-10:47:30 AM: (files_management.py): INFO: save_metrics Line: 383 -  f1_score_multiclass : 
[82.44 82.62]
06/14/2024-10:47:30 AM: (files_management.py): INFO: save_metrics Line: 383 -  accuracy_score : 82.53
06/14/2024-10:47:30 AM: (files_management.py): INFO: save_metrics Line: 383 -  precision_score_macro : 82.69
06/14/2024-10:47:30 AM: (files_management.py): INFO: save_metrics Line: 383 -  recall_score_macro : 82.72
06/14/2024-10:47:30 AM: (files_management.py): INFO: save_metrics Line: 383 -  roc_auc_score : 82.72
06/14/2024-10:47:30 AM: (files_management.py): INFO: save_metrics Line: 383 -  log_loss : 38.59
06/14/2024-10:47:30 AM: (files_management.py): INFO: save_metrics Line: 383 -  kappa_score : 65.14
06/14/2024-10:47:30 AM: (files_management.py): INFO: save_metrics Line: 383 -  confusion_matrix :          not_wet      wet
not_wet  86.4662  13.5338
wet      21.0169  78.9831
06/14/2024-10:47:30 AM: (files_management.py): INFO: save_metrics Line: 383 -  training_time : 16.30
06/14/2024-10:47:30 AM: (files_management.py): INFO: save_metrics Line: 383 -  prediction_time : 0.84
06/14/2024-10:47:30 AM: (files_management.py): INFO: save_metrics Line: 372 - __________________ Fold 6 with RandomForest_direct __________________
06/14/2024-10:47:30 AM: (files_management.py): INFO: save_metrics Line: 383 -  f1_score_macro : 79.93
06/14/2024-10:47:30 AM: (files_management.py): INFO: save_metrics Line: 383 -  f1_score_weighted : 81.12
06/14/2024-10:47:30 AM: (files_management.py): INFO: save_metrics Line: 383 -  f1_score_multiclass : 
[83.67 76.18]
06/14/2024-10:47:30 AM: (files_management.py): INFO: save_metrics Line: 383 -  accuracy_score : 80.63
06/14/2024-10:47:30 AM: (files_management.py): INFO: save_metrics Line: 383 -  precision_score_macro : 79.84
06/14/2024-10:47:30 AM: (files_management.py): INFO: save_metrics Line: 383 -  recall_score_macro : 83.08
06/14/2024-10:47:30 AM: (files_management.py): INFO: save_metrics Line: 383 -  roc_auc_score : 83.08
06/14/2024-10:47:30 AM: (files_management.py): INFO: save_metrics Line: 383 -  log_loss : 41.12
06/14/2024-10:47:30 AM: (files_management.py): INFO: save_metrics Line: 383 -  kappa_score : 60.56
06/14/2024-10:47:30 AM: (files_management.py): INFO: save_metrics Line: 383 -  confusion_matrix :          not_wet      wet
not_wet  75.3571  24.6429
wet       9.1954  90.8046
06/14/2024-10:47:30 AM: (files_management.py): INFO: save_metrics Line: 383 -  training_time : 15.20
06/14/2024-10:47:30 AM: (files_management.py): INFO: save_metrics Line: 383 -  prediction_time : 2.13
06/14/2024-10:47:30 AM: (files_management.py): INFO: save_metrics Line: 372 - __________________ Fold 7 with RandomForest_direct __________________
06/14/2024-10:47:30 AM: (files_management.py): INFO: save_metrics Line: 383 -  f1_score_macro : 78.30
06/14/2024-10:47:30 AM: (files_management.py): INFO: save_metrics Line: 383 -  f1_score_weighted : 78.39
06/14/2024-10:47:30 AM: (files_management.py): INFO: save_metrics Line: 383 -  f1_score_multiclass : 
[79.67 76.92]
06/14/2024-10:47:30 AM: (files_management.py): INFO: save_metrics Line: 383 -  accuracy_score : 78.39
06/14/2024-10:47:30 AM: (files_management.py): INFO: save_metrics Line: 383 -  precision_score_macro : 78.29
06/14/2024-10:47:30 AM: (files_management.py): INFO: save_metrics Line: 383 -  recall_score_macro : 78.31
06/14/2024-10:47:30 AM: (files_management.py): INFO: save_metrics Line: 383 -  roc_auc_score : 78.31
06/14/2024-10:47:30 AM: (files_management.py): INFO: save_metrics Line: 383 -  log_loss : 45.92
06/14/2024-10:47:30 AM: (files_management.py): INFO: save_metrics Line: 383 -  kappa_score : 56.60
06/14/2024-10:47:30 AM: (files_management.py): INFO: save_metrics Line: 383 -  confusion_matrix :          not_wet      wet
not_wet  79.4595  20.5405
wet      22.8395  77.1605
06/14/2024-10:47:30 AM: (files_management.py): INFO: save_metrics Line: 383 -  training_time : 17.30
06/14/2024-10:47:30 AM: (files_management.py): INFO: save_metrics Line: 383 -  prediction_time : 0.89
06/14/2024-10:47:30 AM: (files_management.py): INFO: save_metrics Line: 372 - __________________ Fold 8 with RandomForest_direct __________________
06/14/2024-10:47:30 AM: (files_management.py): INFO: save_metrics Line: 383 -  f1_score_macro : 80.61
06/14/2024-10:47:30 AM: (files_management.py): INFO: save_metrics Line: 383 -  f1_score_weighted : 82.95
06/14/2024-10:47:30 AM: (files_management.py): INFO: save_metrics Line: 383 -  f1_score_multiclass : 
[86.91 74.32]
06/14/2024-10:47:30 AM: (files_management.py): INFO: save_metrics Line: 383 -  accuracy_score : 82.66
06/14/2024-10:47:30 AM: (files_management.py): INFO: save_metrics Line: 383 -  precision_score_macro : 79.80
06/14/2024-10:47:30 AM: (files_management.py): INFO: save_metrics Line: 383 -  recall_score_macro : 81.87
06/14/2024-10:47:30 AM: (files_management.py): INFO: save_metrics Line: 383 -  roc_auc_score : 81.87
06/14/2024-10:47:30 AM: (files_management.py): INFO: save_metrics Line: 383 -  log_loss : 38.10
06/14/2024-10:47:30 AM: (files_management.py): INFO: save_metrics Line: 383 -  kappa_score : 61.32
06/14/2024-10:47:30 AM: (files_management.py): INFO: save_metrics Line: 383 -  confusion_matrix :          not_wet      wet
not_wet  83.9838  16.0162
wet      20.2346  79.7654
06/14/2024-10:47:30 AM: (files_management.py): INFO: save_metrics Line: 383 -  training_time : 16.51
06/14/2024-10:47:30 AM: (files_management.py): INFO: save_metrics Line: 383 -  prediction_time : 1.70
06/14/2024-10:47:30 AM: (files_management.py): INFO: save_metrics Line: 372 - __________________ Fold 9 with RandomForest_direct __________________
06/14/2024-10:47:30 AM: (files_management.py): INFO: save_metrics Line: 383 -  f1_score_macro : 78.83
06/14/2024-10:47:30 AM: (files_management.py): INFO: save_metrics Line: 383 -  f1_score_weighted : 79.71
06/14/2024-10:47:30 AM: (files_management.py): INFO: save_metrics Line: 383 -  f1_score_multiclass : 
[83.38 74.29]
06/14/2024-10:47:30 AM: (files_management.py): INFO: save_metrics Line: 383 -  accuracy_score : 79.81
06/14/2024-10:47:30 AM: (files_management.py): INFO: save_metrics Line: 383 -  precision_score_macro : 79.17
06/14/2024-10:47:30 AM: (files_management.py): INFO: save_metrics Line: 383 -  recall_score_macro : 78.58
06/14/2024-10:47:30 AM: (files_management.py): INFO: save_metrics Line: 383 -  roc_auc_score : 78.58
06/14/2024-10:47:30 AM: (files_management.py): INFO: save_metrics Line: 383 -  log_loss : 40.53
06/14/2024-10:47:30 AM: (files_management.py): INFO: save_metrics Line: 383 -  kappa_score : 57.69
06/14/2024-10:47:30 AM: (files_management.py): INFO: save_metrics Line: 383 -  confusion_matrix :          not_wet      wet
not_wet  84.9462  15.0538
wet      27.7778  72.2222
06/14/2024-10:47:30 AM: (files_management.py): INFO: save_metrics Line: 383 -  training_time : 17.87
06/14/2024-10:47:30 AM: (files_management.py): INFO: save_metrics Line: 383 -  prediction_time : 0.61
06/14/2024-10:47:30 AM: (files_management.py): INFO: save_metrics Line: 372 - __________________ Fold 10 with RandomForest_direct __________________
06/14/2024-10:47:30 AM: (files_management.py): INFO: save_metrics Line: 383 -  f1_score_macro : 84.89
06/14/2024-10:47:30 AM: (files_management.py): INFO: save_metrics Line: 383 -  f1_score_weighted : 85.38
06/14/2024-10:47:30 AM: (files_management.py): INFO: save_metrics Line: 383 -  f1_score_multiclass : 
[87.35 82.42]
06/14/2024-10:47:30 AM: (files_management.py): INFO: save_metrics Line: 383 -  accuracy_score : 85.29
06/14/2024-10:47:30 AM: (files_management.py): INFO: save_metrics Line: 383 -  precision_score_macro : 84.58
06/14/2024-10:47:30 AM: (files_management.py): INFO: save_metrics Line: 383 -  recall_score_macro : 85.43
06/14/2024-10:47:30 AM: (files_management.py): INFO: save_metrics Line: 383 -  roc_auc_score : 85.43
06/14/2024-10:47:30 AM: (files_management.py): INFO: save_metrics Line: 383 -  log_loss : 36.23
06/14/2024-10:47:30 AM: (files_management.py): INFO: save_metrics Line: 383 -  kappa_score : 69.82
06/14/2024-10:47:30 AM: (files_management.py): INFO: save_metrics Line: 383 -  confusion_matrix :          not_wet      wet
not_wet  84.7423  15.2577
wet      13.8889  86.1111
06/14/2024-10:47:30 AM: (files_management.py): INFO: save_metrics Line: 383 -  training_time : 16.85
06/14/2024-10:47:30 AM: (files_management.py): INFO: save_metrics Line: 383 -  prediction_time : 1.49
06/14/2024-10:47:30 AM: (files_management.py): INFO: save_metrics Line: 372 - __________________ Fold 11 with RandomForest_direct __________________
06/14/2024-10:47:30 AM: (files_management.py): INFO: save_metrics Line: 383 -  f1_score_macro : 71.90
06/14/2024-10:47:30 AM: (files_management.py): INFO: save_metrics Line: 383 -  f1_score_weighted : 77.79
06/14/2024-10:47:30 AM: (files_management.py): INFO: save_metrics Line: 383 -  f1_score_multiclass : 
[83.08 60.71]
06/14/2024-10:47:30 AM: (files_management.py): INFO: save_metrics Line: 383 -  accuracy_score : 76.34
06/14/2024-10:47:30 AM: (files_management.py): INFO: save_metrics Line: 383 -  precision_score_macro : 70.76
06/14/2024-10:47:30 AM: (files_management.py): INFO: save_metrics Line: 383 -  recall_score_macro : 76.66
06/14/2024-10:47:30 AM: (files_management.py): INFO: save_metrics Line: 383 -  roc_auc_score : 76.66
06/14/2024-10:47:30 AM: (files_management.py): INFO: save_metrics Line: 383 -  log_loss : 47.95
06/14/2024-10:47:30 AM: (files_management.py): INFO: save_metrics Line: 383 -  kappa_score : 44.88
06/14/2024-10:47:30 AM: (files_management.py): INFO: save_metrics Line: 383 -  confusion_matrix :          not_wet      wet
not_wet  76.0563  23.9437
wet      22.7273  77.2727
06/14/2024-10:47:30 AM: (files_management.py): INFO: save_metrics Line: 383 -  training_time : 18.10
06/14/2024-10:47:30 AM: (files_management.py): INFO: save_metrics Line: 383 -  prediction_time : 0.20
06/14/2024-10:47:30 AM: (files_management.py): INFO: save_metrics Line: 372 - __________________ Fold 12 with RandomForest_direct __________________
06/14/2024-10:47:30 AM: (files_management.py): INFO: save_metrics Line: 383 -  f1_score_macro : 69.03
06/14/2024-10:47:30 AM: (files_management.py): INFO: save_metrics Line: 383 -  f1_score_weighted : 69.08
06/14/2024-10:47:30 AM: (files_management.py): INFO: save_metrics Line: 383 -  f1_score_multiclass : 
[69.35 68.72]
06/14/2024-10:47:30 AM: (files_management.py): INFO: save_metrics Line: 383 -  accuracy_score : 69.04
06/14/2024-10:47:30 AM: (files_management.py): INFO: save_metrics Line: 383 -  precision_score_macro : 70.30
06/14/2024-10:47:30 AM: (files_management.py): INFO: save_metrics Line: 383 -  recall_score_macro : 70.41
06/14/2024-10:47:30 AM: (files_management.py): INFO: save_metrics Line: 383 -  roc_auc_score : 70.41
06/14/2024-10:47:30 AM: (files_management.py): INFO: save_metrics Line: 383 -  log_loss : 61.22
06/14/2024-10:47:30 AM: (files_management.py): INFO: save_metrics Line: 383 -  kappa_score : 39.21
06/14/2024-10:47:30 AM: (files_management.py): INFO: save_metrics Line: 383 -  confusion_matrix :          not_wet      wet
not_wet  61.0619  38.9381
wet      20.2381  79.7619
06/14/2024-10:47:30 AM: (files_management.py): INFO: save_metrics Line: 383 -  training_time : 18.23
06/14/2024-10:47:30 AM: (files_management.py): INFO: save_metrics Line: 383 -  prediction_time : 0.32
