07/02/2024-01:45:26 PM: (files_management.py): INFO: init_logger Line: 297 - Started
07/02/2024-01:45:26 PM: (learning_models.py): INFO: predict_dataset Line: 54 - ================== Fitting model LogisticR_direct ==================
07/02/2024-01:45:45 PM: (files_management.py): INFO: save_metrics Line: 395 - __________________ Fold 0 with LogisticR_direct __________________
07/02/2024-01:45:45 PM: (files_management.py): INFO: save_metrics Line: 406 -  f1_score_macro : 79.55
07/02/2024-01:45:45 PM: (files_management.py): INFO: save_metrics Line: 406 -  f1_score_weighted : 80.18
07/02/2024-01:45:45 PM: (files_management.py): INFO: save_metrics Line: 406 -  f1_score_multiclass : 
[83.59 75.51]
07/02/2024-01:45:45 PM: (files_management.py): INFO: save_metrics Line: 406 -  accuracy_score : 80.35
07/02/2024-01:45:45 PM: (files_management.py): INFO: save_metrics Line: 406 -  precision_score_macro : 80.21
07/02/2024-01:45:45 PM: (files_management.py): INFO: save_metrics Line: 406 -  recall_score_macro : 79.19
07/02/2024-01:45:45 PM: (files_management.py): INFO: save_metrics Line: 406 -  roc_auc_score : 79.19
07/02/2024-01:45:45 PM: (files_management.py): INFO: save_metrics Line: 406 -  log_loss : 43.32
07/02/2024-01:45:45 PM: (files_management.py): INFO: save_metrics Line: 406 -  kappa_score : 59.17
07/02/2024-01:45:45 PM: (files_management.py): INFO: save_metrics Line: 406 -  confusion_matrix :          0        1
0  86.5911  13.4089
1  28.2018  71.7982
07/02/2024-01:45:45 PM: (files_management.py): INFO: save_metrics Line: 406 -  training_time : 13.57
07/02/2024-01:45:45 PM: (files_management.py): INFO: save_metrics Line: 406 -  prediction_time : 2.91
07/02/2024-01:45:45 PM: (files_management.py): INFO: save_metrics Line: 395 - __________________ Fold 1 with LogisticR_direct __________________
07/02/2024-01:45:45 PM: (files_management.py): INFO: save_metrics Line: 406 -  f1_score_macro : 77.75
07/02/2024-01:45:45 PM: (files_management.py): INFO: save_metrics Line: 406 -  f1_score_weighted : 78.00
07/02/2024-01:45:45 PM: (files_management.py): INFO: save_metrics Line: 406 -  f1_score_multiclass : 
[80.65 74.85]
07/02/2024-01:45:45 PM: (files_management.py): INFO: save_metrics Line: 406 -  accuracy_score : 78.13
07/02/2024-01:45:45 PM: (files_management.py): INFO: save_metrics Line: 406 -  precision_score_macro : 78.23
07/02/2024-01:45:45 PM: (files_management.py): INFO: save_metrics Line: 406 -  recall_score_macro : 77.58
07/02/2024-01:45:45 PM: (files_management.py): INFO: save_metrics Line: 406 -  roc_auc_score : 77.58
07/02/2024-01:45:45 PM: (files_management.py): INFO: save_metrics Line: 406 -  log_loss : 48.85
07/02/2024-01:45:45 PM: (files_management.py): INFO: save_metrics Line: 406 -  kappa_score : 55.59
07/02/2024-01:45:45 PM: (files_management.py): INFO: save_metrics Line: 406 -  confusion_matrix :          0        1
0  83.8678  16.1322
1  28.7037  71.2963
07/02/2024-01:45:45 PM: (files_management.py): INFO: save_metrics Line: 406 -  training_time : 13.46
07/02/2024-01:45:45 PM: (files_management.py): INFO: save_metrics Line: 406 -  prediction_time : 3.00
07/02/2024-01:45:45 PM: (files_management.py): INFO: save_metrics Line: 395 - __________________ Fold 2 with LogisticR_direct __________________
07/02/2024-01:45:45 PM: (files_management.py): INFO: save_metrics Line: 406 -  f1_score_macro : 81.49
07/02/2024-01:45:45 PM: (files_management.py): INFO: save_metrics Line: 406 -  f1_score_weighted : 81.48
07/02/2024-01:45:45 PM: (files_management.py): INFO: save_metrics Line: 406 -  f1_score_multiclass : 
[82.6  80.39]
07/02/2024-01:45:45 PM: (files_management.py): INFO: save_metrics Line: 406 -  accuracy_score : 81.56
07/02/2024-01:45:45 PM: (files_management.py): INFO: save_metrics Line: 406 -  precision_score_macro : 82.09
07/02/2024-01:45:45 PM: (files_management.py): INFO: save_metrics Line: 406 -  recall_score_macro : 81.59
07/02/2024-01:45:45 PM: (files_management.py): INFO: save_metrics Line: 406 -  roc_auc_score : 81.59
07/02/2024-01:45:45 PM: (files_management.py): INFO: save_metrics Line: 406 -  log_loss : 41.41
07/02/2024-01:45:45 PM: (files_management.py): INFO: save_metrics Line: 406 -  kappa_score : 63.14
07/02/2024-01:45:45 PM: (files_management.py): INFO: save_metrics Line: 406 -  confusion_matrix :          0        1
0  87.9957  12.0043
1  24.8144  75.1856
07/02/2024-01:45:45 PM: (files_management.py): INFO: save_metrics Line: 406 -  training_time : 13.67
07/02/2024-01:45:45 PM: (files_management.py): INFO: save_metrics Line: 406 -  prediction_time : 3.01
07/02/2024-01:45:45 PM: (files_management.py): INFO: save_metrics Line: 395 - __________________ Fold 3 with LogisticR_direct __________________
07/02/2024-01:45:45 PM: (files_management.py): INFO: save_metrics Line: 406 -  f1_score_macro : 79.12
07/02/2024-01:45:45 PM: (files_management.py): INFO: save_metrics Line: 406 -  f1_score_weighted : 79.23
07/02/2024-01:45:45 PM: (files_management.py): INFO: save_metrics Line: 406 -  f1_score_multiclass : 
[81.65 76.58]
07/02/2024-01:45:45 PM: (files_management.py): INFO: save_metrics Line: 406 -  accuracy_score : 79.42
07/02/2024-01:45:45 PM: (files_management.py): INFO: save_metrics Line: 406 -  precision_score_macro : 80.12
07/02/2024-01:45:45 PM: (files_management.py): INFO: save_metrics Line: 406 -  recall_score_macro : 79.03
07/02/2024-01:45:45 PM: (files_management.py): INFO: save_metrics Line: 406 -  roc_auc_score : 79.03
07/02/2024-01:45:45 PM: (files_management.py): INFO: save_metrics Line: 406 -  log_loss : 45.65
07/02/2024-01:45:45 PM: (files_management.py): INFO: save_metrics Line: 406 -  kappa_score : 58.47
07/02/2024-01:45:45 PM: (files_management.py): INFO: save_metrics Line: 406 -  confusion_matrix :          0        1
0  87.4624  12.5376
1  29.4053  70.5947
07/02/2024-01:45:45 PM: (files_management.py): INFO: save_metrics Line: 406 -  training_time : 13.42
07/02/2024-01:45:45 PM: (files_management.py): INFO: save_metrics Line: 406 -  prediction_time : 2.96
07/02/2024-01:45:45 PM: (files_management.py): INFO: save_metrics Line: 395 - __________________ Fold 4 with LogisticR_direct __________________
07/02/2024-01:45:45 PM: (files_management.py): INFO: save_metrics Line: 406 -  f1_score_macro : 81.92
07/02/2024-01:45:45 PM: (files_management.py): INFO: save_metrics Line: 406 -  f1_score_weighted : 82.69
07/02/2024-01:45:45 PM: (files_management.py): INFO: save_metrics Line: 406 -  f1_score_multiclass : 
[85.91 77.93]
07/02/2024-01:45:45 PM: (files_management.py): INFO: save_metrics Line: 406 -  accuracy_score : 82.80
07/02/2024-01:45:45 PM: (files_management.py): INFO: save_metrics Line: 406 -  precision_score_macro : 82.43
07/02/2024-01:45:45 PM: (files_management.py): INFO: save_metrics Line: 406 -  recall_score_macro : 81.57
07/02/2024-01:45:45 PM: (files_management.py): INFO: save_metrics Line: 406 -  roc_auc_score : 81.57
07/02/2024-01:45:45 PM: (files_management.py): INFO: save_metrics Line: 406 -  log_loss : 40.29
07/02/2024-01:45:45 PM: (files_management.py): INFO: save_metrics Line: 406 -  kappa_score : 63.88
07/02/2024-01:45:45 PM: (files_management.py): INFO: save_metrics Line: 406 -  confusion_matrix :          0        1
0  88.0000  12.0000
1  24.8596  75.1404
07/02/2024-01:45:45 PM: (files_management.py): INFO: save_metrics Line: 406 -  training_time : 13.75
07/02/2024-01:45:45 PM: (files_management.py): INFO: save_metrics Line: 406 -  prediction_time : 2.81
07/02/2024-01:45:45 PM: (files_management.py): INFO: save_metrics Line: 395 - __________________ Fold 5 with LogisticR_direct __________________
07/02/2024-01:45:45 PM: (files_management.py): INFO: save_metrics Line: 406 -  f1_score_macro : 79.20
07/02/2024-01:45:45 PM: (files_management.py): INFO: save_metrics Line: 406 -  f1_score_weighted : 80.69
07/02/2024-01:45:45 PM: (files_management.py): INFO: save_metrics Line: 406 -  f1_score_multiclass : 
[85.43 72.97]
07/02/2024-01:45:45 PM: (files_management.py): INFO: save_metrics Line: 406 -  accuracy_score : 81.06
07/02/2024-01:45:45 PM: (files_management.py): INFO: save_metrics Line: 406 -  precision_score_macro : 80.70
07/02/2024-01:45:45 PM: (files_management.py): INFO: save_metrics Line: 406 -  recall_score_macro : 78.39
07/02/2024-01:45:45 PM: (files_management.py): INFO: save_metrics Line: 406 -  roc_auc_score : 78.39
07/02/2024-01:45:45 PM: (files_management.py): INFO: save_metrics Line: 406 -  log_loss : 42.88
07/02/2024-01:45:45 PM: (files_management.py): INFO: save_metrics Line: 406 -  kappa_score : 58.55
07/02/2024-01:45:45 PM: (files_management.py): INFO: save_metrics Line: 406 -  confusion_matrix :          0        1
0  89.4969  10.5031
1  32.7089  67.2911
07/02/2024-01:45:45 PM: (files_management.py): INFO: save_metrics Line: 406 -  training_time : 13.64
07/02/2024-01:45:45 PM: (files_management.py): INFO: save_metrics Line: 406 -  prediction_time : 2.84
07/02/2024-01:45:45 PM: (files_management.py): INFO: save_metrics Line: 395 - __________________ Fold 6 with LogisticR_direct __________________
07/02/2024-01:45:45 PM: (files_management.py): INFO: save_metrics Line: 406 -  f1_score_macro : 80.54
07/02/2024-01:45:45 PM: (files_management.py): INFO: save_metrics Line: 406 -  f1_score_weighted : 81.39
07/02/2024-01:45:45 PM: (files_management.py): INFO: save_metrics Line: 406 -  f1_score_multiclass : 
[84.7  76.37]
07/02/2024-01:45:45 PM: (files_management.py): INFO: save_metrics Line: 406 -  accuracy_score : 81.43
07/02/2024-01:45:45 PM: (files_management.py): INFO: save_metrics Line: 406 -  precision_score_macro : 80.67
07/02/2024-01:45:45 PM: (files_management.py): INFO: save_metrics Line: 406 -  recall_score_macro : 80.42
07/02/2024-01:45:45 PM: (files_management.py): INFO: save_metrics Line: 406 -  roc_auc_score : 80.42
07/02/2024-01:45:45 PM: (files_management.py): INFO: save_metrics Line: 406 -  log_loss : 40.24
07/02/2024-01:45:45 PM: (files_management.py): INFO: save_metrics Line: 406 -  kappa_score : 61.07
07/02/2024-01:45:45 PM: (files_management.py): INFO: save_metrics Line: 406 -  confusion_matrix :          0        1
0  85.3526  14.6474
1  24.5205  75.4795
07/02/2024-01:45:45 PM: (files_management.py): INFO: save_metrics Line: 406 -  training_time : 13.65
07/02/2024-01:45:45 PM: (files_management.py): INFO: save_metrics Line: 406 -  prediction_time : 2.91
