06/14/2024-10:21:51 AM: (files_management.py): INFO: init_logger Line: 280 - Started
06/14/2024-10:21:51 AM: (learning_models.py): INFO: predict_dataset Line: 72 - ================== Fitting model AdaBoost_direct ==================
06/14/2024-10:22:09 AM: (files_management.py): INFO: save_metrics Line: 372 - __________________ Fold 0 with AdaBoost_direct __________________
06/14/2024-10:22:09 AM: (files_management.py): INFO: save_metrics Line: 383 -  f1_score_macro : 83.08
06/14/2024-10:22:09 AM: (files_management.py): INFO: save_metrics Line: 383 -  f1_score_weighted : 83.09
06/14/2024-10:22:09 AM: (files_management.py): INFO: save_metrics Line: 383 -  f1_score_multiclass : 
[82.85 83.32]
06/14/2024-10:22:09 AM: (files_management.py): INFO: save_metrics Line: 383 -  accuracy_score : 83.08
06/14/2024-10:22:09 AM: (files_management.py): INFO: save_metrics Line: 383 -  precision_score_macro : 83.08
06/14/2024-10:22:09 AM: (files_management.py): INFO: save_metrics Line: 383 -  recall_score_macro : 83.10
06/14/2024-10:22:09 AM: (files_management.py): INFO: save_metrics Line: 383 -  roc_auc_score : 83.10
06/14/2024-10:22:09 AM: (files_management.py): INFO: save_metrics Line: 383 -  log_loss : 68.63
06/14/2024-10:22:09 AM: (files_management.py): INFO: save_metrics Line: 383 -  kappa_score : 66.17
06/14/2024-10:22:09 AM: (files_management.py): INFO: save_metrics Line: 383 -  confusion_matrix :          0        1
0  83.7868  16.2132
1  17.5836  82.4164
06/14/2024-10:22:09 AM: (files_management.py): INFO: save_metrics Line: 383 -  training_time : 7.84
06/14/2024-10:22:09 AM: (files_management.py): INFO: save_metrics Line: 383 -  prediction_time : 3.33
06/14/2024-10:22:09 AM: (files_management.py): INFO: save_metrics Line: 372 - __________________ Fold 1 with AdaBoost_direct __________________
06/14/2024-10:22:09 AM: (files_management.py): INFO: save_metrics Line: 383 -  f1_score_macro : 77.64
06/14/2024-10:22:09 AM: (files_management.py): INFO: save_metrics Line: 383 -  f1_score_weighted : 79.39
06/14/2024-10:22:09 AM: (files_management.py): INFO: save_metrics Line: 383 -  f1_score_multiclass : 
[83.92 71.35]
06/14/2024-10:22:09 AM: (files_management.py): INFO: save_metrics Line: 383 -  accuracy_score : 79.40
06/14/2024-10:22:09 AM: (files_management.py): INFO: save_metrics Line: 383 -  precision_score_macro : 77.69
06/14/2024-10:22:09 AM: (files_management.py): INFO: save_metrics Line: 383 -  recall_score_macro : 77.59
06/14/2024-10:22:09 AM: (files_management.py): INFO: save_metrics Line: 383 -  roc_auc_score : 77.59
06/14/2024-10:22:09 AM: (files_management.py): INFO: save_metrics Line: 383 -  log_loss : 68.68
06/14/2024-10:22:09 AM: (files_management.py): INFO: save_metrics Line: 383 -  kappa_score : 55.27
06/14/2024-10:22:09 AM: (files_management.py): INFO: save_metrics Line: 383 -  confusion_matrix :          0        1
0  84.1113  15.8887
1  28.9348  71.0652
06/14/2024-10:22:09 AM: (files_management.py): INFO: save_metrics Line: 383 -  training_time : 8.73
06/14/2024-10:22:09 AM: (files_management.py): INFO: save_metrics Line: 383 -  prediction_time : 3.12
06/14/2024-10:22:09 AM: (files_management.py): INFO: save_metrics Line: 372 - __________________ Fold 2 with AdaBoost_direct __________________
06/14/2024-10:22:09 AM: (files_management.py): INFO: save_metrics Line: 383 -  f1_score_macro : 75.71
06/14/2024-10:22:09 AM: (files_management.py): INFO: save_metrics Line: 383 -  f1_score_weighted : 76.50
06/14/2024-10:22:09 AM: (files_management.py): INFO: save_metrics Line: 383 -  f1_score_multiclass : 
[79.57 71.85]
06/14/2024-10:22:09 AM: (files_management.py): INFO: save_metrics Line: 383 -  accuracy_score : 76.32
06/14/2024-10:22:09 AM: (files_management.py): INFO: save_metrics Line: 383 -  precision_score_macro : 75.49
06/14/2024-10:22:09 AM: (files_management.py): INFO: save_metrics Line: 383 -  recall_score_macro : 76.26
06/14/2024-10:22:09 AM: (files_management.py): INFO: save_metrics Line: 383 -  roc_auc_score : 76.26
06/14/2024-10:22:09 AM: (files_management.py): INFO: save_metrics Line: 383 -  log_loss : 68.66
06/14/2024-10:22:09 AM: (files_management.py): INFO: save_metrics Line: 383 -  kappa_score : 51.52
06/14/2024-10:22:09 AM: (files_management.py): INFO: save_metrics Line: 383 -  confusion_matrix :          0        1
0  76.5709  23.4291
1  24.0489  75.9511
06/14/2024-10:22:09 AM: (files_management.py): INFO: save_metrics Line: 383 -  training_time : 8.45
06/14/2024-10:22:09 AM: (files_management.py): INFO: save_metrics Line: 383 -  prediction_time : 3.31
06/14/2024-10:22:09 AM: (files_management.py): INFO: save_metrics Line: 372 - __________________ Fold 3 with AdaBoost_direct __________________
06/14/2024-10:22:09 AM: (files_management.py): INFO: save_metrics Line: 383 -  f1_score_macro : 83.40
06/14/2024-10:22:09 AM: (files_management.py): INFO: save_metrics Line: 383 -  f1_score_weighted : 83.47
06/14/2024-10:22:09 AM: (files_management.py): INFO: save_metrics Line: 383 -  f1_score_multiclass : 
[82.59 84.22]
06/14/2024-10:22:09 AM: (files_management.py): INFO: save_metrics Line: 383 -  accuracy_score : 83.44
06/14/2024-10:22:09 AM: (files_management.py): INFO: save_metrics Line: 383 -  precision_score_macro : 83.38
06/14/2024-10:22:09 AM: (files_management.py): INFO: save_metrics Line: 383 -  recall_score_macro : 83.57
06/14/2024-10:22:09 AM: (files_management.py): INFO: save_metrics Line: 383 -  roc_auc_score : 83.57
06/14/2024-10:22:09 AM: (files_management.py): INFO: save_metrics Line: 383 -  log_loss : 68.54
06/14/2024-10:22:09 AM: (files_management.py): INFO: save_metrics Line: 383 -  kappa_score : 66.84
06/14/2024-10:22:09 AM: (files_management.py): INFO: save_metrics Line: 383 -  confusion_matrix :          0        1
0  85.1807  14.8193
1  18.0412  81.9588
06/14/2024-10:22:09 AM: (files_management.py): INFO: save_metrics Line: 383 -  training_time : 8.02
06/14/2024-10:22:09 AM: (files_management.py): INFO: save_metrics Line: 383 -  prediction_time : 2.96
06/14/2024-10:22:09 AM: (files_management.py): INFO: save_metrics Line: 372 - __________________ Fold 4 with AdaBoost_direct __________________
06/14/2024-10:22:09 AM: (files_management.py): INFO: save_metrics Line: 383 -  f1_score_macro : 79.91
06/14/2024-10:22:09 AM: (files_management.py): INFO: save_metrics Line: 383 -  f1_score_weighted : 80.33
06/14/2024-10:22:09 AM: (files_management.py): INFO: save_metrics Line: 383 -  f1_score_multiclass : 
[83.02 76.8 ]
06/14/2024-10:22:09 AM: (files_management.py): INFO: save_metrics Line: 383 -  accuracy_score : 80.39
06/14/2024-10:22:09 AM: (files_management.py): INFO: save_metrics Line: 383 -  precision_score_macro : 80.13
06/14/2024-10:22:09 AM: (files_management.py): INFO: save_metrics Line: 383 -  recall_score_macro : 79.76
06/14/2024-10:22:09 AM: (files_management.py): INFO: save_metrics Line: 383 -  roc_auc_score : 79.76
06/14/2024-10:22:09 AM: (files_management.py): INFO: save_metrics Line: 383 -  log_loss : 68.71
06/14/2024-10:22:09 AM: (files_management.py): INFO: save_metrics Line: 383 -  kappa_score : 59.84
06/14/2024-10:22:09 AM: (files_management.py): INFO: save_metrics Line: 383 -  confusion_matrix :          0        1
0  84.4246  15.5754
1  24.9022  75.0978
06/14/2024-10:22:09 AM: (files_management.py): INFO: save_metrics Line: 383 -  training_time : 8.08
06/14/2024-10:22:09 AM: (files_management.py): INFO: save_metrics Line: 383 -  prediction_time : 3.19
06/14/2024-10:22:09 AM: (files_management.py): INFO: save_metrics Line: 372 - __________________ Fold 5 with AdaBoost_direct __________________
06/14/2024-10:22:09 AM: (files_management.py): INFO: save_metrics Line: 383 -  f1_score_macro : 80.58
06/14/2024-10:22:09 AM: (files_management.py): INFO: save_metrics Line: 383 -  f1_score_weighted : 80.99
06/14/2024-10:22:09 AM: (files_management.py): INFO: save_metrics Line: 383 -  f1_score_multiclass : 
[83.51 77.65]
06/14/2024-10:22:09 AM: (files_management.py): INFO: save_metrics Line: 383 -  accuracy_score : 81.02
06/14/2024-10:22:09 AM: (files_management.py): INFO: save_metrics Line: 383 -  precision_score_macro : 80.67
06/14/2024-10:22:09 AM: (files_management.py): INFO: save_metrics Line: 383 -  recall_score_macro : 80.50
06/14/2024-10:22:09 AM: (files_management.py): INFO: save_metrics Line: 383 -  roc_auc_score : 80.50
06/14/2024-10:22:09 AM: (files_management.py): INFO: save_metrics Line: 383 -  log_loss : 68.54
06/14/2024-10:22:09 AM: (files_management.py): INFO: save_metrics Line: 383 -  kappa_score : 61.16
06/14/2024-10:22:09 AM: (files_management.py): INFO: save_metrics Line: 383 -  confusion_matrix :          0        1
0  84.1270  15.8730
1  23.1176  76.8824
06/14/2024-10:22:09 AM: (files_management.py): INFO: save_metrics Line: 383 -  training_time : 8.38
06/14/2024-10:22:09 AM: (files_management.py): INFO: save_metrics Line: 383 -  prediction_time : 2.89
06/14/2024-10:22:09 AM: (files_management.py): INFO: save_metrics Line: 372 - __________________ Fold 6 with AdaBoost_direct __________________
06/14/2024-10:22:09 AM: (files_management.py): INFO: save_metrics Line: 383 -  f1_score_macro : 76.60
06/14/2024-10:22:09 AM: (files_management.py): INFO: save_metrics Line: 383 -  f1_score_weighted : 77.67
06/14/2024-10:22:09 AM: (files_management.py): INFO: save_metrics Line: 383 -  f1_score_multiclass : 
[80.64 72.57]
06/14/2024-10:22:09 AM: (files_management.py): INFO: save_metrics Line: 383 -  accuracy_score : 77.30
06/14/2024-10:22:09 AM: (files_management.py): INFO: save_metrics Line: 383 -  precision_score_macro : 76.41
06/14/2024-10:22:09 AM: (files_management.py): INFO: save_metrics Line: 383 -  recall_score_macro : 78.21
06/14/2024-10:22:09 AM: (files_management.py): INFO: save_metrics Line: 383 -  roc_auc_score : 78.21
06/14/2024-10:22:09 AM: (files_management.py): INFO: save_metrics Line: 383 -  log_loss : 68.70
06/14/2024-10:22:09 AM: (files_management.py): INFO: save_metrics Line: 383 -  kappa_score : 53.61
06/14/2024-10:22:09 AM: (files_management.py): INFO: save_metrics Line: 383 -  confusion_matrix :          0        1
0  74.7725  25.2275
1  18.3499  81.6501
06/14/2024-10:22:09 AM: (files_management.py): INFO: save_metrics Line: 383 -  training_time : 8.82
06/14/2024-10:22:09 AM: (files_management.py): INFO: save_metrics Line: 383 -  prediction_time : 3.13
06/14/2024-10:22:09 AM: (files_management.py): INFO: save_metrics Line: 372 - __________________ Fold 7 with AdaBoost_direct __________________
06/14/2024-10:22:09 AM: (files_management.py): INFO: save_metrics Line: 383 -  f1_score_macro : 80.94
06/14/2024-10:22:09 AM: (files_management.py): INFO: save_metrics Line: 383 -  f1_score_weighted : 81.14
06/14/2024-10:22:09 AM: (files_management.py): INFO: save_metrics Line: 383 -  f1_score_multiclass : 
[82.65 79.24]
06/14/2024-10:22:09 AM: (files_management.py): INFO: save_metrics Line: 383 -  accuracy_score : 81.10
06/14/2024-10:22:09 AM: (files_management.py): INFO: save_metrics Line: 383 -  precision_score_macro : 80.85
06/14/2024-10:22:09 AM: (files_management.py): INFO: save_metrics Line: 383 -  recall_score_macro : 81.14
06/14/2024-10:22:09 AM: (files_management.py): INFO: save_metrics Line: 383 -  roc_auc_score : 81.14
06/14/2024-10:22:09 AM: (files_management.py): INFO: save_metrics Line: 383 -  log_loss : 68.59
06/14/2024-10:22:09 AM: (files_management.py): INFO: save_metrics Line: 383 -  kappa_score : 61.91
06/14/2024-10:22:09 AM: (files_management.py): INFO: save_metrics Line: 383 -  confusion_matrix :          0        1
0  80.7422  19.2578
1  18.4576  81.5424
06/14/2024-10:22:09 AM: (files_management.py): INFO: save_metrics Line: 383 -  training_time : 4.15
06/14/2024-10:22:09 AM: (files_management.py): INFO: save_metrics Line: 383 -  prediction_time : 2.56
