06/14/2024-10:47:58 AM: (files_management.py): INFO: init_logger Line: 280 - Started
06/14/2024-10:47:58 AM: (learning_models.py): INFO: predict_dataset Line: 72 - ================== Fitting model LogisticR_direct ==================
06/14/2024-10:48:03 AM: (files_management.py): INFO: save_metrics Line: 372 - __________________ Fold 0 with LogisticR_direct __________________
06/14/2024-10:48:03 AM: (files_management.py): INFO: save_metrics Line: 383 -  f1_score_macro : 76.04
06/14/2024-10:48:03 AM: (files_management.py): INFO: save_metrics Line: 383 -  f1_score_weighted : 77.23
06/14/2024-10:48:03 AM: (files_management.py): INFO: save_metrics Line: 383 -  f1_score_multiclass : 
[80.48 71.6 ]
06/14/2024-10:48:03 AM: (files_management.py): INFO: save_metrics Line: 383 -  accuracy_score : 76.86
06/14/2024-10:48:03 AM: (files_management.py): INFO: save_metrics Line: 383 -  precision_score_macro : 75.76
06/14/2024-10:48:03 AM: (files_management.py): INFO: save_metrics Line: 383 -  recall_score_macro : 77.45
06/14/2024-10:48:03 AM: (files_management.py): INFO: save_metrics Line: 383 -  roc_auc_score : 77.45
06/14/2024-10:48:03 AM: (files_management.py): INFO: save_metrics Line: 383 -  log_loss : 53.44
06/14/2024-10:48:03 AM: (files_management.py): INFO: save_metrics Line: 383 -  kappa_score : 52.42
06/14/2024-10:48:03 AM: (files_management.py): INFO: save_metrics Line: 383 -  confusion_matrix :          not_wet      wet
not_wet  75.2381  24.7619
wet      20.3297  79.6703
06/14/2024-10:48:03 AM: (files_management.py): INFO: save_metrics Line: 383 -  training_time : 1.06
06/14/2024-10:48:03 AM: (files_management.py): INFO: save_metrics Line: 383 -  prediction_time : 1.70
06/14/2024-10:48:03 AM: (files_management.py): INFO: save_metrics Line: 372 - __________________ Fold 1 with LogisticR_direct __________________
06/14/2024-10:48:03 AM: (files_management.py): INFO: save_metrics Line: 383 -  f1_score_macro : 82.31
06/14/2024-10:48:03 AM: (files_management.py): INFO: save_metrics Line: 383 -  f1_score_weighted : 82.70
06/14/2024-10:48:03 AM: (files_management.py): INFO: save_metrics Line: 383 -  f1_score_multiclass : 
[84.62 80.  ]
06/14/2024-10:48:03 AM: (files_management.py): INFO: save_metrics Line: 383 -  accuracy_score : 82.61
06/14/2024-10:48:03 AM: (files_management.py): INFO: save_metrics Line: 383 -  precision_score_macro : 82.10
06/14/2024-10:48:03 AM: (files_management.py): INFO: save_metrics Line: 383 -  recall_score_macro : 82.76
06/14/2024-10:48:03 AM: (files_management.py): INFO: save_metrics Line: 383 -  roc_auc_score : 82.76
06/14/2024-10:48:03 AM: (files_management.py): INFO: save_metrics Line: 383 -  log_loss : 40.47
06/14/2024-10:48:03 AM: (files_management.py): INFO: save_metrics Line: 383 -  kappa_score : 64.67
06/14/2024-10:48:03 AM: (files_management.py): INFO: save_metrics Line: 383 -  confusion_matrix :          not_wet      wet
not_wet  81.8411  18.1589
wet      16.3121  83.6879
06/14/2024-10:48:03 AM: (files_management.py): INFO: save_metrics Line: 383 -  training_time : 0.82
06/14/2024-10:48:03 AM: (files_management.py): INFO: save_metrics Line: 383 -  prediction_time : 2.31
06/14/2024-10:48:03 AM: (files_management.py): INFO: save_metrics Line: 372 - __________________ Fold 2 with LogisticR_direct __________________
06/14/2024-10:48:03 AM: (files_management.py): INFO: save_metrics Line: 383 -  f1_score_macro : 79.18
06/14/2024-10:48:03 AM: (files_management.py): INFO: save_metrics Line: 383 -  f1_score_weighted : 79.80
06/14/2024-10:48:03 AM: (files_management.py): INFO: save_metrics Line: 383 -  f1_score_multiclass : 
[76.29 82.08]
06/14/2024-10:48:03 AM: (files_management.py): INFO: save_metrics Line: 383 -  accuracy_score : 79.59
06/14/2024-10:48:03 AM: (files_management.py): INFO: save_metrics Line: 383 -  precision_score_macro : 79.02
06/14/2024-10:48:03 AM: (files_management.py): INFO: save_metrics Line: 383 -  recall_score_macro : 80.27
06/14/2024-10:48:03 AM: (files_management.py): INFO: save_metrics Line: 383 -  roc_auc_score : 80.27
06/14/2024-10:48:03 AM: (files_management.py): INFO: save_metrics Line: 383 -  log_loss : 49.87
06/14/2024-10:48:03 AM: (files_management.py): INFO: save_metrics Line: 383 -  kappa_score : 58.60
06/14/2024-10:48:03 AM: (files_management.py): INFO: save_metrics Line: 383 -  confusion_matrix :          not_wet      wet
not_wet  83.4586  16.5414
wet      22.9268  77.0732
06/14/2024-10:48:03 AM: (files_management.py): INFO: save_metrics Line: 383 -  training_time : 1.04
06/14/2024-10:48:03 AM: (files_management.py): INFO: save_metrics Line: 383 -  prediction_time : 0.58
06/14/2024-10:48:03 AM: (files_management.py): INFO: save_metrics Line: 372 - __________________ Fold 3 with LogisticR_direct __________________
06/14/2024-10:48:03 AM: (files_management.py): INFO: save_metrics Line: 383 -  f1_score_macro : 89.21
06/14/2024-10:48:03 AM: (files_management.py): INFO: save_metrics Line: 383 -  f1_score_weighted : 89.23
06/14/2024-10:48:03 AM: (files_management.py): INFO: save_metrics Line: 383 -  f1_score_multiclass : 
[88.68 89.74]
06/14/2024-10:48:03 AM: (files_management.py): INFO: save_metrics Line: 383 -  accuracy_score : 89.23
06/14/2024-10:48:03 AM: (files_management.py): INFO: save_metrics Line: 383 -  precision_score_macro : 89.23
06/14/2024-10:48:03 AM: (files_management.py): INFO: save_metrics Line: 383 -  recall_score_macro : 89.19
06/14/2024-10:48:03 AM: (files_management.py): INFO: save_metrics Line: 383 -  roc_auc_score : 89.19
06/14/2024-10:48:03 AM: (files_management.py): INFO: save_metrics Line: 383 -  log_loss : 27.70
06/14/2024-10:48:03 AM: (files_management.py): INFO: save_metrics Line: 383 -  kappa_score : 78.42
06/14/2024-10:48:03 AM: (files_management.py): INFO: save_metrics Line: 383 -  confusion_matrix :          not_wet      wet
not_wet  88.1671  11.8329
wet       9.7872  90.2128
06/14/2024-10:48:03 AM: (files_management.py): INFO: save_metrics Line: 383 -  training_time : 0.95
06/14/2024-10:48:03 AM: (files_management.py): INFO: save_metrics Line: 383 -  prediction_time : 1.53
06/14/2024-10:48:03 AM: (files_management.py): INFO: save_metrics Line: 372 - __________________ Fold 4 with LogisticR_direct __________________
06/14/2024-10:48:03 AM: (files_management.py): INFO: save_metrics Line: 383 -  f1_score_macro : 83.82
06/14/2024-10:48:03 AM: (files_management.py): INFO: save_metrics Line: 383 -  f1_score_weighted : 85.10
06/14/2024-10:48:03 AM: (files_management.py): INFO: save_metrics Line: 383 -  f1_score_multiclass : 
[88.09 79.56]
06/14/2024-10:48:03 AM: (files_management.py): INFO: save_metrics Line: 383 -  accuracy_score : 84.95
06/14/2024-10:48:03 AM: (files_management.py): INFO: save_metrics Line: 383 -  precision_score_macro : 83.26
06/14/2024-10:48:03 AM: (files_management.py): INFO: save_metrics Line: 383 -  recall_score_macro : 84.65
06/14/2024-10:48:03 AM: (files_management.py): INFO: save_metrics Line: 383 -  roc_auc_score : 84.65
06/14/2024-10:48:03 AM: (files_management.py): INFO: save_metrics Line: 383 -  log_loss : 32.38
06/14/2024-10:48:03 AM: (files_management.py): INFO: save_metrics Line: 383 -  kappa_score : 67.69
06/14/2024-10:48:03 AM: (files_management.py): INFO: save_metrics Line: 383 -  confusion_matrix :          not_wet      wet
not_wet  85.6373  14.3627
wet      16.3333  83.6667
06/14/2024-10:48:03 AM: (files_management.py): INFO: save_metrics Line: 383 -  training_time : 1.04
06/14/2024-10:48:03 AM: (files_management.py): INFO: save_metrics Line: 383 -  prediction_time : 1.40
06/14/2024-10:48:03 AM: (files_management.py): INFO: save_metrics Line: 372 - __________________ Fold 5 with LogisticR_direct __________________
06/14/2024-10:48:03 AM: (files_management.py): INFO: save_metrics Line: 383 -  f1_score_macro : 80.91
06/14/2024-10:48:03 AM: (files_management.py): INFO: save_metrics Line: 383 -  f1_score_weighted : 80.88
06/14/2024-10:48:03 AM: (files_management.py): INFO: save_metrics Line: 383 -  f1_score_multiclass : 
[81.46 80.37]
06/14/2024-10:48:03 AM: (files_management.py): INFO: save_metrics Line: 383 -  accuracy_score : 80.93
06/14/2024-10:48:03 AM: (files_management.py): INFO: save_metrics Line: 383 -  precision_score_macro : 81.58
06/14/2024-10:48:03 AM: (files_management.py): INFO: save_metrics Line: 383 -  recall_score_macro : 81.29
06/14/2024-10:48:03 AM: (files_management.py): INFO: save_metrics Line: 383 -  roc_auc_score : 81.29
06/14/2024-10:48:03 AM: (files_management.py): INFO: save_metrics Line: 383 -  log_loss : 38.48
06/14/2024-10:48:03 AM: (files_management.py): INFO: save_metrics Line: 383 -  kappa_score : 62.07
06/14/2024-10:48:03 AM: (files_management.py): INFO: save_metrics Line: 383 -  confusion_matrix :          not_wet      wet
not_wet  88.3459  11.6541
wet      25.7627  74.2373
06/14/2024-10:48:03 AM: (files_management.py): INFO: save_metrics Line: 383 -  training_time : 0.50
06/14/2024-10:48:03 AM: (files_management.py): INFO: save_metrics Line: 383 -  prediction_time : 1.08
06/14/2024-10:48:03 AM: (files_management.py): INFO: save_metrics Line: 372 - __________________ Fold 6 with LogisticR_direct __________________
06/14/2024-10:48:03 AM: (files_management.py): INFO: save_metrics Line: 383 -  f1_score_macro : 80.97
06/14/2024-10:48:03 AM: (files_management.py): INFO: save_metrics Line: 383 -  f1_score_weighted : 82.24
06/14/2024-10:48:03 AM: (files_management.py): INFO: save_metrics Line: 383 -  f1_score_multiclass : 
[84.95 76.98]
06/14/2024-10:48:03 AM: (files_management.py): INFO: save_metrics Line: 383 -  accuracy_score : 81.80
06/14/2024-10:48:03 AM: (files_management.py): INFO: save_metrics Line: 383 -  precision_score_macro : 80.51
06/14/2024-10:48:03 AM: (files_management.py): INFO: save_metrics Line: 383 -  recall_score_macro : 83.59
06/14/2024-10:48:03 AM: (files_management.py): INFO: save_metrics Line: 383 -  roc_auc_score : 83.59
06/14/2024-10:48:03 AM: (files_management.py): INFO: save_metrics Line: 383 -  log_loss : 43.53
06/14/2024-10:48:03 AM: (files_management.py): INFO: save_metrics Line: 383 -  kappa_score : 62.40
06/14/2024-10:48:03 AM: (files_management.py): INFO: save_metrics Line: 383 -  confusion_matrix :          not_wet      wet
not_wet  77.9762  22.0238
wet      10.8046  89.1954
06/14/2024-10:48:03 AM: (files_management.py): INFO: save_metrics Line: 383 -  training_time : 0.99
06/14/2024-10:48:03 AM: (files_management.py): INFO: save_metrics Line: 383 -  prediction_time : 2.13
06/14/2024-10:48:03 AM: (files_management.py): INFO: save_metrics Line: 372 - __________________ Fold 7 with LogisticR_direct __________________
06/14/2024-10:48:03 AM: (files_management.py): INFO: save_metrics Line: 383 -  f1_score_macro : 76.65
06/14/2024-10:48:03 AM: (files_management.py): INFO: save_metrics Line: 383 -  f1_score_weighted : 76.82
06/14/2024-10:48:03 AM: (files_management.py): INFO: save_metrics Line: 383 -  f1_score_multiclass : 
[79.27 74.03]
06/14/2024-10:48:03 AM: (files_management.py): INFO: save_metrics Line: 383 -  accuracy_score : 76.95
06/14/2024-10:48:03 AM: (files_management.py): INFO: save_metrics Line: 383 -  precision_score_macro : 77.10
06/14/2024-10:48:03 AM: (files_management.py): INFO: save_metrics Line: 383 -  recall_score_macro : 76.54
06/14/2024-10:48:03 AM: (files_management.py): INFO: save_metrics Line: 383 -  roc_auc_score : 76.54
06/14/2024-10:48:03 AM: (files_management.py): INFO: save_metrics Line: 383 -  log_loss : 48.37
06/14/2024-10:48:03 AM: (files_management.py): INFO: save_metrics Line: 383 -  kappa_score : 53.40
06/14/2024-10:48:03 AM: (files_management.py): INFO: save_metrics Line: 383 -  confusion_matrix :          not_wet      wet
not_wet  82.7027  17.2973
wet      29.6296  70.3704
06/14/2024-10:48:03 AM: (files_management.py): INFO: save_metrics Line: 383 -  training_time : 0.88
06/14/2024-10:48:03 AM: (files_management.py): INFO: save_metrics Line: 383 -  prediction_time : 0.63
06/14/2024-10:48:03 AM: (files_management.py): INFO: save_metrics Line: 372 - __________________ Fold 8 with LogisticR_direct __________________
06/14/2024-10:48:03 AM: (files_management.py): INFO: save_metrics Line: 383 -  f1_score_macro : 79.99
06/14/2024-10:48:03 AM: (files_management.py): INFO: save_metrics Line: 383 -  f1_score_weighted : 82.65
06/14/2024-10:48:03 AM: (files_management.py): INFO: save_metrics Line: 383 -  f1_score_multiclass : 
[87.17 72.81]
06/14/2024-10:48:03 AM: (files_management.py): INFO: save_metrics Line: 383 -  accuracy_score : 82.56
06/14/2024-10:48:03 AM: (files_management.py): INFO: save_metrics Line: 383 -  precision_score_macro : 79.71
06/14/2024-10:48:03 AM: (files_management.py): INFO: save_metrics Line: 383 -  recall_score_macro : 80.30
06/14/2024-10:48:03 AM: (files_management.py): INFO: save_metrics Line: 383 -  roc_auc_score : 80.30
06/14/2024-10:48:03 AM: (files_management.py): INFO: save_metrics Line: 383 -  log_loss : 40.17
06/14/2024-10:48:03 AM: (files_management.py): INFO: save_metrics Line: 383 -  kappa_score : 59.98
06/14/2024-10:48:03 AM: (files_management.py): INFO: save_metrics Line: 383 -  confusion_matrix :          not_wet      wet
not_wet  86.4065  13.5935
wet      25.8065  74.1935
06/14/2024-10:48:03 AM: (files_management.py): INFO: save_metrics Line: 383 -  training_time : 0.81
06/14/2024-10:48:03 AM: (files_management.py): INFO: save_metrics Line: 383 -  prediction_time : 1.82
06/14/2024-10:48:03 AM: (files_management.py): INFO: save_metrics Line: 372 - __________________ Fold 9 with LogisticR_direct __________________
06/14/2024-10:48:03 AM: (files_management.py): INFO: save_metrics Line: 383 -  f1_score_macro : 79.69
06/14/2024-10:48:03 AM: (files_management.py): INFO: save_metrics Line: 383 -  f1_score_weighted : 80.59
06/14/2024-10:48:03 AM: (files_management.py): INFO: save_metrics Line: 383 -  f1_score_multiclass : 
[84.38 75.  ]
06/14/2024-10:48:03 AM: (files_management.py): INFO: save_metrics Line: 383 -  accuracy_score : 80.77
06/14/2024-10:48:03 AM: (files_management.py): INFO: save_metrics Line: 383 -  precision_score_macro : 80.38
06/14/2024-10:48:03 AM: (files_management.py): INFO: save_metrics Line: 383 -  recall_score_macro : 79.26
06/14/2024-10:48:03 AM: (files_management.py): INFO: save_metrics Line: 383 -  roc_auc_score : 79.26
06/14/2024-10:48:03 AM: (files_management.py): INFO: save_metrics Line: 383 -  log_loss : 41.60
06/14/2024-10:48:03 AM: (files_management.py): INFO: save_metrics Line: 383 -  kappa_score : 59.44
06/14/2024-10:48:03 AM: (files_management.py): INFO: save_metrics Line: 383 -  confusion_matrix :          not_wet      wet
not_wet  87.0968  12.9032
wet      28.5714  71.4286
06/14/2024-10:48:03 AM: (files_management.py): INFO: save_metrics Line: 383 -  training_time : 0.87
06/14/2024-10:48:03 AM: (files_management.py): INFO: save_metrics Line: 383 -  prediction_time : 0.55
06/14/2024-10:48:03 AM: (files_management.py): INFO: save_metrics Line: 372 - __________________ Fold 10 with LogisticR_direct __________________
06/14/2024-10:48:03 AM: (files_management.py): INFO: save_metrics Line: 383 -  f1_score_macro : 84.39
06/14/2024-10:48:03 AM: (files_management.py): INFO: save_metrics Line: 383 -  f1_score_weighted : 84.96
06/14/2024-10:48:03 AM: (files_management.py): INFO: save_metrics Line: 383 -  f1_score_multiclass : 
[87.27 81.52]
06/14/2024-10:48:03 AM: (files_management.py): INFO: save_metrics Line: 383 -  accuracy_score : 84.92
06/14/2024-10:48:03 AM: (files_management.py): INFO: save_metrics Line: 383 -  precision_score_macro : 84.22
06/14/2024-10:48:03 AM: (files_management.py): INFO: save_metrics Line: 383 -  recall_score_macro : 84.61
06/14/2024-10:48:03 AM: (files_management.py): INFO: save_metrics Line: 383 -  roc_auc_score : 84.61
06/14/2024-10:48:03 AM: (files_management.py): INFO: save_metrics Line: 383 -  log_loss : 39.08
06/14/2024-10:48:03 AM: (files_management.py): INFO: save_metrics Line: 383 -  kappa_score : 68.79
06/14/2024-10:48:03 AM: (files_management.py): INFO: save_metrics Line: 383 -  confusion_matrix :          not_wet      wet
not_wet  86.1856  13.8144
wet      16.9753  83.0247
06/14/2024-10:48:03 AM: (files_management.py): INFO: save_metrics Line: 383 -  training_time : 0.85
06/14/2024-10:48:03 AM: (files_management.py): INFO: save_metrics Line: 383 -  prediction_time : 1.20
06/14/2024-10:48:03 AM: (files_management.py): INFO: save_metrics Line: 372 - __________________ Fold 11 with LogisticR_direct __________________
06/14/2024-10:48:03 AM: (files_management.py): INFO: save_metrics Line: 383 -  f1_score_macro : 79.12
06/14/2024-10:48:03 AM: (files_management.py): INFO: save_metrics Line: 383 -  f1_score_weighted : 83.74
06/14/2024-10:48:03 AM: (files_management.py): INFO: save_metrics Line: 383 -  f1_score_multiclass : 
[87.88 70.37]
06/14/2024-10:48:03 AM: (files_management.py): INFO: save_metrics Line: 383 -  accuracy_score : 82.80
06/14/2024-10:48:03 AM: (files_management.py): INFO: save_metrics Line: 383 -  precision_score_macro : 77.23
06/14/2024-10:48:03 AM: (files_management.py): INFO: save_metrics Line: 383 -  recall_score_macro : 84.03
06/14/2024-10:48:03 AM: (files_management.py): INFO: save_metrics Line: 383 -  roc_auc_score : 84.03
06/14/2024-10:48:03 AM: (files_management.py): INFO: save_metrics Line: 383 -  log_loss : 47.62
06/14/2024-10:48:03 AM: (files_management.py): INFO: save_metrics Line: 383 -  kappa_score : 58.83
06/14/2024-10:48:03 AM: (files_management.py): INFO: save_metrics Line: 383 -  confusion_matrix :          not_wet      wet
not_wet  81.6901  18.3099
wet      13.6364  86.3636
06/14/2024-10:48:03 AM: (files_management.py): INFO: save_metrics Line: 383 -  training_time : 0.78
06/14/2024-10:48:03 AM: (files_management.py): INFO: save_metrics Line: 383 -  prediction_time : 0.18
06/14/2024-10:48:03 AM: (files_management.py): INFO: save_metrics Line: 372 - __________________ Fold 12 with LogisticR_direct __________________
06/14/2024-10:48:03 AM: (files_management.py): INFO: save_metrics Line: 383 -  f1_score_macro : 68.53
06/14/2024-10:48:03 AM: (files_management.py): INFO: save_metrics Line: 383 -  f1_score_weighted : 68.55
06/14/2024-10:48:03 AM: (files_management.py): INFO: save_metrics Line: 383 -  f1_score_multiclass : 
[68.69 68.37]
06/14/2024-10:48:03 AM: (files_management.py): INFO: save_metrics Line: 383 -  accuracy_score : 68.53
06/14/2024-10:48:03 AM: (files_management.py): INFO: save_metrics Line: 383 -  precision_score_macro : 69.91
06/14/2024-10:48:03 AM: (files_management.py): INFO: save_metrics Line: 383 -  recall_score_macro : 69.97
06/14/2024-10:48:03 AM: (files_management.py): INFO: save_metrics Line: 383 -  roc_auc_score : 69.97
06/14/2024-10:48:03 AM: (files_management.py): INFO: save_metrics Line: 383 -  log_loss : 65.89
06/14/2024-10:48:03 AM: (files_management.py): INFO: save_metrics Line: 383 -  kappa_score : 38.30
06/14/2024-10:48:03 AM: (files_management.py): INFO: save_metrics Line: 383 -  confusion_matrix :          not_wet      wet
not_wet  60.1770  39.8230
wet      20.2381  79.7619
06/14/2024-10:48:03 AM: (files_management.py): INFO: save_metrics Line: 383 -  training_time : 0.81
06/14/2024-10:48:03 AM: (files_management.py): INFO: save_metrics Line: 383 -  prediction_time : 0.29
