06/14/2024-10:21:25 AM: (files_management.py): INFO: init_logger Line: 280 - Started
06/14/2024-10:21:25 AM: (learning_models.py): INFO: predict_dataset Line: 72 - ================== Fitting model MLP_direct ==================
06/14/2024-10:21:44 AM: (files_management.py): INFO: save_metrics Line: 372 - __________________ Fold 0 with MLP_direct __________________
06/14/2024-10:21:44 AM: (files_management.py): INFO: save_metrics Line: 383 -  f1_score_macro : 81.37
06/14/2024-10:21:44 AM: (files_management.py): INFO: save_metrics Line: 383 -  f1_score_weighted : 81.37
06/14/2024-10:21:44 AM: (files_management.py): INFO: save_metrics Line: 383 -  f1_score_multiclass : 
[81.04 81.69]
06/14/2024-10:21:44 AM: (files_management.py): INFO: save_metrics Line: 383 -  accuracy_score : 81.37
06/14/2024-10:21:44 AM: (files_management.py): INFO: save_metrics Line: 383 -  precision_score_macro : 81.36
06/14/2024-10:21:44 AM: (files_management.py): INFO: save_metrics Line: 383 -  recall_score_macro : 81.38
06/14/2024-10:21:44 AM: (files_management.py): INFO: save_metrics Line: 383 -  roc_auc_score : 81.38
06/14/2024-10:21:44 AM: (files_management.py): INFO: save_metrics Line: 383 -  log_loss : 66.31
06/14/2024-10:21:44 AM: (files_management.py): INFO: save_metrics Line: 383 -  kappa_score : 62.73
06/14/2024-10:21:44 AM: (files_management.py): INFO: save_metrics Line: 383 -  confusion_matrix :          0        1
0  81.6327  18.3673
1  18.8781  81.1219
06/14/2024-10:21:44 AM: (files_management.py): INFO: save_metrics Line: 383 -  training_time : 12.50
06/14/2024-10:21:44 AM: (files_management.py): INFO: save_metrics Line: 383 -  prediction_time : 2.93
06/14/2024-10:21:44 AM: (files_management.py): INFO: save_metrics Line: 372 - __________________ Fold 1 with MLP_direct __________________
06/14/2024-10:21:44 AM: (files_management.py): INFO: save_metrics Line: 383 -  f1_score_macro : 76.02
06/14/2024-10:21:44 AM: (files_management.py): INFO: save_metrics Line: 383 -  f1_score_weighted : 77.44
06/14/2024-10:21:44 AM: (files_management.py): INFO: save_metrics Line: 383 -  f1_score_multiclass : 
[81.13 70.9 ]
06/14/2024-10:21:44 AM: (files_management.py): INFO: save_metrics Line: 383 -  accuracy_score : 77.11
06/14/2024-10:21:44 AM: (files_management.py): INFO: save_metrics Line: 383 -  precision_score_macro : 75.61
06/14/2024-10:21:44 AM: (files_management.py): INFO: save_metrics Line: 383 -  recall_score_macro : 77.14
06/14/2024-10:21:44 AM: (files_management.py): INFO: save_metrics Line: 383 -  roc_auc_score : 77.14
06/14/2024-10:21:44 AM: (files_management.py): INFO: save_metrics Line: 383 -  log_loss : 75.49
06/14/2024-10:21:44 AM: (files_management.py): INFO: save_metrics Line: 383 -  kappa_score : 52.24
06/14/2024-10:21:44 AM: (files_management.py): INFO: save_metrics Line: 383 -  confusion_matrix :          0        1
0  77.0197  22.9803
1  22.7345  77.2655
06/14/2024-10:21:44 AM: (files_management.py): INFO: save_metrics Line: 383 -  training_time : 10.33
06/14/2024-10:21:44 AM: (files_management.py): INFO: save_metrics Line: 383 -  prediction_time : 3.53
06/14/2024-10:21:44 AM: (files_management.py): INFO: save_metrics Line: 372 - __________________ Fold 2 with MLP_direct __________________
06/14/2024-10:21:44 AM: (files_management.py): INFO: save_metrics Line: 383 -  f1_score_macro : 72.70
06/14/2024-10:21:44 AM: (files_management.py): INFO: save_metrics Line: 383 -  f1_score_weighted : 73.60
06/14/2024-10:21:44 AM: (files_management.py): INFO: save_metrics Line: 383 -  f1_score_multiclass : 
[77.09 68.3 ]
06/14/2024-10:21:44 AM: (files_management.py): INFO: save_metrics Line: 383 -  accuracy_score : 73.41
06/14/2024-10:21:44 AM: (files_management.py): INFO: save_metrics Line: 383 -  precision_score_macro : 72.51
06/14/2024-10:21:44 AM: (files_management.py): INFO: save_metrics Line: 383 -  recall_score_macro : 73.17
06/14/2024-10:21:44 AM: (files_management.py): INFO: save_metrics Line: 383 -  roc_auc_score : 73.17
06/14/2024-10:21:44 AM: (files_management.py): INFO: save_metrics Line: 383 -  log_loss : 120.15
06/14/2024-10:21:44 AM: (files_management.py): INFO: save_metrics Line: 383 -  kappa_score : 45.50
06/14/2024-10:21:44 AM: (files_management.py): INFO: save_metrics Line: 383 -  confusion_matrix :          0        1
0  74.3268  25.6732
1  27.9891  72.0109
06/14/2024-10:21:44 AM: (files_management.py): INFO: save_metrics Line: 383 -  training_time : 12.82
06/14/2024-10:21:44 AM: (files_management.py): INFO: save_metrics Line: 383 -  prediction_time : 3.00
06/14/2024-10:21:44 AM: (files_management.py): INFO: save_metrics Line: 372 - __________________ Fold 3 with MLP_direct __________________
06/14/2024-10:21:44 AM: (files_management.py): INFO: save_metrics Line: 383 -  f1_score_macro : 83.21
06/14/2024-10:21:44 AM: (files_management.py): INFO: save_metrics Line: 383 -  f1_score_weighted : 83.32
06/14/2024-10:21:44 AM: (files_management.py): INFO: save_metrics Line: 383 -  f1_score_multiclass : 
[81.77 84.65]
06/14/2024-10:21:44 AM: (files_management.py): INFO: save_metrics Line: 383 -  accuracy_score : 83.33
06/14/2024-10:21:44 AM: (files_management.py): INFO: save_metrics Line: 383 -  precision_score_macro : 83.26
06/14/2024-10:21:44 AM: (files_management.py): INFO: save_metrics Line: 383 -  recall_score_macro : 83.17
06/14/2024-10:21:44 AM: (files_management.py): INFO: save_metrics Line: 383 -  roc_auc_score : 83.17
06/14/2024-10:21:44 AM: (files_management.py): INFO: save_metrics Line: 383 -  log_loss : 59.66
06/14/2024-10:21:44 AM: (files_management.py): INFO: save_metrics Line: 383 -  kappa_score : 66.42
06/14/2024-10:21:44 AM: (files_management.py): INFO: save_metrics Line: 383 -  confusion_matrix :          0        1
0  81.0843  18.9157
1  14.7423  85.2577
06/14/2024-10:21:44 AM: (files_management.py): INFO: save_metrics Line: 383 -  training_time : 12.05
06/14/2024-10:21:44 AM: (files_management.py): INFO: save_metrics Line: 383 -  prediction_time : 2.93
06/14/2024-10:21:44 AM: (files_management.py): INFO: save_metrics Line: 372 - __________________ Fold 4 with MLP_direct __________________
06/14/2024-10:21:44 AM: (files_management.py): INFO: save_metrics Line: 383 -  f1_score_macro : 76.87
06/14/2024-10:21:44 AM: (files_management.py): INFO: save_metrics Line: 383 -  f1_score_weighted : 77.42
06/14/2024-10:21:44 AM: (files_management.py): INFO: save_metrics Line: 383 -  f1_score_multiclass : 
[80.92 72.81]
06/14/2024-10:21:44 AM: (files_management.py): INFO: save_metrics Line: 383 -  accuracy_score : 77.58
06/14/2024-10:21:44 AM: (files_management.py): INFO: save_metrics Line: 383 -  precision_score_macro : 77.38
06/14/2024-10:21:44 AM: (files_management.py): INFO: save_metrics Line: 383 -  recall_score_macro : 76.61
06/14/2024-10:21:44 AM: (files_management.py): INFO: save_metrics Line: 383 -  roc_auc_score : 76.61
06/14/2024-10:21:44 AM: (files_management.py): INFO: save_metrics Line: 383 -  log_loss : 74.52
06/14/2024-10:21:44 AM: (files_management.py): INFO: save_metrics Line: 383 -  kappa_score : 53.81
06/14/2024-10:21:44 AM: (files_management.py): INFO: save_metrics Line: 383 -  confusion_matrix :          0        1
0  83.7302  16.2698
1  30.5085  69.4915
06/14/2024-10:21:44 AM: (files_management.py): INFO: save_metrics Line: 383 -  training_time : 12.91
06/14/2024-10:21:44 AM: (files_management.py): INFO: save_metrics Line: 383 -  prediction_time : 2.84
06/14/2024-10:21:44 AM: (files_management.py): INFO: save_metrics Line: 372 - __________________ Fold 5 with MLP_direct __________________
06/14/2024-10:21:44 AM: (files_management.py): INFO: save_metrics Line: 383 -  f1_score_macro : 78.97
06/14/2024-10:21:44 AM: (files_management.py): INFO: save_metrics Line: 383 -  f1_score_weighted : 79.51
06/14/2024-10:21:44 AM: (files_management.py): INFO: save_metrics Line: 383 -  f1_score_multiclass : 
[82.78 75.16]
06/14/2024-10:21:44 AM: (files_management.py): INFO: save_metrics Line: 383 -  accuracy_score : 79.66
06/14/2024-10:21:44 AM: (files_management.py): INFO: save_metrics Line: 383 -  precision_score_macro : 79.53
06/14/2024-10:21:44 AM: (files_management.py): INFO: save_metrics Line: 383 -  recall_score_macro : 78.67
06/14/2024-10:21:44 AM: (files_management.py): INFO: save_metrics Line: 383 -  roc_auc_score : 78.67
06/14/2024-10:21:44 AM: (files_management.py): INFO: save_metrics Line: 383 -  log_loss : 63.88
06/14/2024-10:21:44 AM: (files_management.py): INFO: save_metrics Line: 383 -  kappa_score : 58.00
06/14/2024-10:21:44 AM: (files_management.py): INFO: save_metrics Line: 383 -  confusion_matrix :          0        1
0  85.6151  14.3849
1  28.2695  71.7305
06/14/2024-10:21:44 AM: (files_management.py): INFO: save_metrics Line: 383 -  training_time : 12.73
06/14/2024-10:21:44 AM: (files_management.py): INFO: save_metrics Line: 383 -  prediction_time : 2.90
06/14/2024-10:21:44 AM: (files_management.py): INFO: save_metrics Line: 372 - __________________ Fold 6 with MLP_direct __________________
06/14/2024-10:21:44 AM: (files_management.py): INFO: save_metrics Line: 383 -  f1_score_macro : 73.43
06/14/2024-10:21:44 AM: (files_management.py): INFO: save_metrics Line: 383 -  f1_score_weighted : 74.37
06/14/2024-10:21:44 AM: (files_management.py): INFO: save_metrics Line: 383 -  f1_score_multiclass : 
[76.97 69.89]
06/14/2024-10:21:44 AM: (files_management.py): INFO: save_metrics Line: 383 -  accuracy_score : 73.90
06/14/2024-10:21:44 AM: (files_management.py): INFO: save_metrics Line: 383 -  precision_score_macro : 73.87
06/14/2024-10:21:44 AM: (files_management.py): INFO: save_metrics Line: 383 -  recall_score_macro : 75.67
06/14/2024-10:21:44 AM: (files_management.py): INFO: save_metrics Line: 383 -  roc_auc_score : 75.67
06/14/2024-10:21:44 AM: (files_management.py): INFO: save_metrics Line: 383 -  log_loss : 112.64
06/14/2024-10:21:44 AM: (files_management.py): INFO: save_metrics Line: 383 -  kappa_score : 47.77
06/14/2024-10:21:44 AM: (files_management.py): INFO: save_metrics Line: 383 -  confusion_matrix :          0        1
0  68.9826  31.0174
1  17.6387  82.3613
06/14/2024-10:21:44 AM: (files_management.py): INFO: save_metrics Line: 383 -  training_time : 12.27
06/14/2024-10:21:44 AM: (files_management.py): INFO: save_metrics Line: 383 -  prediction_time : 3.34
06/14/2024-10:21:44 AM: (files_management.py): INFO: save_metrics Line: 372 - __________________ Fold 7 with MLP_direct __________________
06/14/2024-10:21:44 AM: (files_management.py): INFO: save_metrics Line: 383 -  f1_score_macro : 80.27
06/14/2024-10:21:44 AM: (files_management.py): INFO: save_metrics Line: 383 -  f1_score_weighted : 80.53
06/14/2024-10:21:44 AM: (files_management.py): INFO: save_metrics Line: 383 -  f1_score_multiclass : 
[82.57 77.97]
06/14/2024-10:21:44 AM: (files_management.py): INFO: save_metrics Line: 383 -  accuracy_score : 80.54
06/14/2024-10:21:44 AM: (files_management.py): INFO: save_metrics Line: 383 -  precision_score_macro : 80.28
06/14/2024-10:21:44 AM: (files_management.py): INFO: save_metrics Line: 383 -  recall_score_macro : 80.26
06/14/2024-10:21:44 AM: (files_management.py): INFO: save_metrics Line: 383 -  roc_auc_score : 80.26
06/14/2024-10:21:44 AM: (files_management.py): INFO: save_metrics Line: 383 -  log_loss : 51.74
06/14/2024-10:21:44 AM: (files_management.py): INFO: save_metrics Line: 383 -  kappa_score : 60.54
06/14/2024-10:21:44 AM: (files_management.py): INFO: save_metrics Line: 383 -  confusion_matrix :          0        1
0  82.6479  17.3521
1  22.1239  77.8761
06/14/2024-10:21:44 AM: (files_management.py): INFO: save_metrics Line: 383 -  training_time : 2.45
06/14/2024-10:21:44 AM: (files_management.py): INFO: save_metrics Line: 383 -  prediction_time : 2.12
