06/14/2024-10:47:30 AM: (files_management.py): INFO: init_logger Line: 280 - Started
06/14/2024-10:47:30 AM: (learning_models.py): INFO: predict_dataset Line: 72 - ================== Fitting model MLP_direct ==================
06/14/2024-10:47:56 AM: (files_management.py): INFO: save_metrics Line: 372 - __________________ Fold 0 with MLP_direct __________________
06/14/2024-10:47:56 AM: (files_management.py): INFO: save_metrics Line: 383 -  f1_score_macro : 76.09
06/14/2024-10:47:56 AM: (files_management.py): INFO: save_metrics Line: 383 -  f1_score_weighted : 77.24
06/14/2024-10:47:56 AM: (files_management.py): INFO: save_metrics Line: 383 -  f1_score_multiclass : 
[80.38 71.81]
06/14/2024-10:47:56 AM: (files_management.py): INFO: save_metrics Line: 383 -  accuracy_score : 76.86
06/14/2024-10:47:56 AM: (files_management.py): INFO: save_metrics Line: 383 -  precision_score_macro : 75.86
06/14/2024-10:47:56 AM: (files_management.py): INFO: save_metrics Line: 383 -  recall_score_macro : 77.63
06/14/2024-10:47:56 AM: (files_management.py): INFO: save_metrics Line: 383 -  roc_auc_score : 77.63
06/14/2024-10:47:56 AM: (files_management.py): INFO: save_metrics Line: 383 -  log_loss : 118.50
06/14/2024-10:47:56 AM: (files_management.py): INFO: save_metrics Line: 383 -  kappa_score : 52.57
06/14/2024-10:47:56 AM: (files_management.py): INFO: save_metrics Line: 383 -  confusion_matrix :          not_wet      wet
not_wet  74.7619  25.2381
wet      19.5055  80.4945
06/14/2024-10:47:56 AM: (files_management.py): INFO: save_metrics Line: 383 -  training_time : 12.82
06/14/2024-10:47:56 AM: (files_management.py): INFO: save_metrics Line: 383 -  prediction_time : 2.04
06/14/2024-10:47:56 AM: (files_management.py): INFO: save_metrics Line: 372 - __________________ Fold 1 with MLP_direct __________________
06/14/2024-10:47:56 AM: (files_management.py): INFO: save_metrics Line: 383 -  f1_score_macro : 79.38
06/14/2024-10:47:56 AM: (files_management.py): INFO: save_metrics Line: 383 -  f1_score_weighted : 79.79
06/14/2024-10:47:56 AM: (files_management.py): INFO: save_metrics Line: 383 -  f1_score_multiclass : 
[81.79 76.96]
06/14/2024-10:47:56 AM: (files_management.py): INFO: save_metrics Line: 383 -  accuracy_score : 79.66
06/14/2024-10:47:56 AM: (files_management.py): INFO: save_metrics Line: 383 -  precision_score_macro : 79.23
06/14/2024-10:47:56 AM: (files_management.py): INFO: save_metrics Line: 383 -  recall_score_macro : 79.96
06/14/2024-10:47:56 AM: (files_management.py): INFO: save_metrics Line: 383 -  roc_auc_score : 79.96
06/14/2024-10:47:56 AM: (files_management.py): INFO: save_metrics Line: 383 -  log_loss : 86.72
06/14/2024-10:47:56 AM: (files_management.py): INFO: save_metrics Line: 383 -  kappa_score : 58.87
06/14/2024-10:47:56 AM: (files_management.py): INFO: save_metrics Line: 383 -  confusion_matrix :          not_wet      wet
not_wet  78.1841  21.8159
wet      18.2624  81.7376
06/14/2024-10:47:56 AM: (files_management.py): INFO: save_metrics Line: 383 -  training_time : 13.42
06/14/2024-10:47:56 AM: (files_management.py): INFO: save_metrics Line: 383 -  prediction_time : 2.35
06/14/2024-10:47:56 AM: (files_management.py): INFO: save_metrics Line: 372 - __________________ Fold 2 with MLP_direct __________________
06/14/2024-10:47:56 AM: (files_management.py): INFO: save_metrics Line: 383 -  f1_score_macro : 80.10
06/14/2024-10:47:56 AM: (files_management.py): INFO: save_metrics Line: 383 -  f1_score_weighted : 80.68
06/14/2024-10:47:56 AM: (files_management.py): INFO: save_metrics Line: 383 -  f1_score_multiclass : 
[77.4  82.81]
06/14/2024-10:47:56 AM: (files_management.py): INFO: save_metrics Line: 383 -  accuracy_score : 80.47
06/14/2024-10:47:56 AM: (files_management.py): INFO: save_metrics Line: 383 -  precision_score_macro : 79.95
06/14/2024-10:47:56 AM: (files_management.py): INFO: save_metrics Line: 383 -  recall_score_macro : 81.26
06/14/2024-10:47:56 AM: (files_management.py): INFO: save_metrics Line: 383 -  roc_auc_score : 81.26
06/14/2024-10:47:56 AM: (files_management.py): INFO: save_metrics Line: 383 -  log_loss : 59.91
06/14/2024-10:47:56 AM: (files_management.py): INFO: save_metrics Line: 383 -  kappa_score : 60.45
06/14/2024-10:47:56 AM: (files_management.py): INFO: save_metrics Line: 383 -  confusion_matrix :          not_wet      wet
not_wet  84.9624  15.0376
wet      22.4390  77.5610
06/14/2024-10:47:56 AM: (files_management.py): INFO: save_metrics Line: 383 -  training_time : 3.47
06/14/2024-10:47:56 AM: (files_management.py): INFO: save_metrics Line: 383 -  prediction_time : 0.72
06/14/2024-10:47:56 AM: (files_management.py): INFO: save_metrics Line: 372 - __________________ Fold 3 with MLP_direct __________________
06/14/2024-10:47:56 AM: (files_management.py): INFO: save_metrics Line: 383 -  f1_score_macro : 83.91
06/14/2024-10:47:56 AM: (files_management.py): INFO: save_metrics Line: 383 -  f1_score_weighted : 83.90
06/14/2024-10:47:56 AM: (files_management.py): INFO: save_metrics Line: 383 -  f1_score_multiclass : 
[84.01 83.8 ]
06/14/2024-10:47:56 AM: (files_management.py): INFO: save_metrics Line: 383 -  accuracy_score : 83.91
06/14/2024-10:47:56 AM: (files_management.py): INFO: save_metrics Line: 383 -  precision_score_macro : 84.14
06/14/2024-10:47:56 AM: (files_management.py): INFO: save_metrics Line: 383 -  recall_score_macro : 84.09
06/14/2024-10:47:56 AM: (files_management.py): INFO: save_metrics Line: 383 -  roc_auc_score : 84.09
06/14/2024-10:47:56 AM: (files_management.py): INFO: save_metrics Line: 383 -  log_loss : 42.42
06/14/2024-10:47:56 AM: (files_management.py): INFO: save_metrics Line: 383 -  kappa_score : 67.89
06/14/2024-10:47:56 AM: (files_management.py): INFO: save_metrics Line: 383 -  confusion_matrix :          not_wet      wet
not_wet  88.3991  11.6009
wet      20.2128  79.7872
06/14/2024-10:47:56 AM: (files_management.py): INFO: save_metrics Line: 383 -  training_time : 9.09
06/14/2024-10:47:56 AM: (files_management.py): INFO: save_metrics Line: 383 -  prediction_time : 2.24
06/14/2024-10:47:56 AM: (files_management.py): INFO: save_metrics Line: 372 - __________________ Fold 4 with MLP_direct __________________
06/14/2024-10:47:56 AM: (files_management.py): INFO: save_metrics Line: 383 -  f1_score_macro : 80.44
06/14/2024-10:47:56 AM: (files_management.py): INFO: save_metrics Line: 383 -  f1_score_weighted : 81.85
06/14/2024-10:47:56 AM: (files_management.py): INFO: save_metrics Line: 383 -  f1_score_multiclass : 
[85.12 75.77]
06/14/2024-10:47:56 AM: (files_management.py): INFO: save_metrics Line: 383 -  accuracy_score : 81.56
06/14/2024-10:47:56 AM: (files_management.py): INFO: save_metrics Line: 383 -  precision_score_macro : 79.84
06/14/2024-10:47:56 AM: (files_management.py): INFO: save_metrics Line: 383 -  recall_score_macro : 81.74
06/14/2024-10:47:56 AM: (files_management.py): INFO: save_metrics Line: 383 -  roc_auc_score : 81.74
06/14/2024-10:47:56 AM: (files_management.py): INFO: save_metrics Line: 383 -  log_loss : 47.60
06/14/2024-10:47:56 AM: (files_management.py): INFO: save_metrics Line: 383 -  kappa_score : 61.04
06/14/2024-10:47:56 AM: (files_management.py): INFO: save_metrics Line: 383 -  confusion_matrix :          not_wet      wet
not_wet  81.1490  18.8510
wet      17.6667  82.3333
06/14/2024-10:47:56 AM: (files_management.py): INFO: save_metrics Line: 383 -  training_time : 14.11
06/14/2024-10:47:56 AM: (files_management.py): INFO: save_metrics Line: 383 -  prediction_time : 1.54
06/14/2024-10:47:56 AM: (files_management.py): INFO: save_metrics Line: 372 - __________________ Fold 5 with MLP_direct __________________
06/14/2024-10:47:56 AM: (files_management.py): INFO: save_metrics Line: 383 -  f1_score_macro : 77.33
06/14/2024-10:47:56 AM: (files_management.py): INFO: save_metrics Line: 383 -  f1_score_weighted : 77.28
06/14/2024-10:47:56 AM: (files_management.py): INFO: save_metrics Line: 383 -  f1_score_multiclass : 
[78.22 76.44]
06/14/2024-10:47:56 AM: (files_management.py): INFO: save_metrics Line: 383 -  accuracy_score : 77.36
06/14/2024-10:47:56 AM: (files_management.py): INFO: save_metrics Line: 383 -  precision_score_macro : 78.18
06/14/2024-10:47:56 AM: (files_management.py): INFO: save_metrics Line: 383 -  recall_score_macro : 77.77
06/14/2024-10:47:56 AM: (files_management.py): INFO: save_metrics Line: 383 -  roc_auc_score : 77.77
06/14/2024-10:47:56 AM: (files_management.py): INFO: save_metrics Line: 383 -  log_loss : 57.57
06/14/2024-10:47:56 AM: (files_management.py): INFO: save_metrics Line: 383 -  kappa_score : 55.03
06/14/2024-10:47:56 AM: (files_management.py): INFO: save_metrics Line: 383 -  confusion_matrix :          not_wet      wet
not_wet  85.7143  14.2857
wet      30.1695  69.8305
06/14/2024-10:47:56 AM: (files_management.py): INFO: save_metrics Line: 383 -  training_time : 14.10
06/14/2024-10:47:56 AM: (files_management.py): INFO: save_metrics Line: 383 -  prediction_time : 0.98
06/14/2024-10:47:56 AM: (files_management.py): INFO: save_metrics Line: 372 - __________________ Fold 6 with MLP_direct __________________
06/14/2024-10:47:56 AM: (files_management.py): INFO: save_metrics Line: 383 -  f1_score_macro : 75.72
06/14/2024-10:47:56 AM: (files_management.py): INFO: save_metrics Line: 383 -  f1_score_weighted : 77.33
06/14/2024-10:47:56 AM: (files_management.py): INFO: save_metrics Line: 383 -  f1_score_multiclass : 
[80.8  70.63]
06/14/2024-10:47:56 AM: (files_management.py): INFO: save_metrics Line: 383 -  accuracy_score : 76.78
06/14/2024-10:47:56 AM: (files_management.py): INFO: save_metrics Line: 383 -  precision_score_macro : 75.44
06/14/2024-10:47:56 AM: (files_management.py): INFO: save_metrics Line: 383 -  recall_score_macro : 78.00
06/14/2024-10:47:56 AM: (files_management.py): INFO: save_metrics Line: 383 -  roc_auc_score : 78.00
06/14/2024-10:47:56 AM: (files_management.py): INFO: save_metrics Line: 383 -  log_loss : 77.15
06/14/2024-10:47:56 AM: (files_management.py): INFO: save_metrics Line: 383 -  kappa_score : 52.03
06/14/2024-10:47:56 AM: (files_management.py): INFO: save_metrics Line: 383 -  confusion_matrix :          not_wet      wet
not_wet  74.1667  25.8333
wet      18.1609  81.8391
06/14/2024-10:47:56 AM: (files_management.py): INFO: save_metrics Line: 383 -  training_time : 14.14
06/14/2024-10:47:56 AM: (files_management.py): INFO: save_metrics Line: 383 -  prediction_time : 1.99
06/14/2024-10:47:56 AM: (files_management.py): INFO: save_metrics Line: 372 - __________________ Fold 7 with MLP_direct __________________
06/14/2024-10:47:56 AM: (files_management.py): INFO: save_metrics Line: 383 -  f1_score_macro : 74.17
06/14/2024-10:47:56 AM: (files_management.py): INFO: save_metrics Line: 383 -  f1_score_weighted : 74.40
06/14/2024-10:47:56 AM: (files_management.py): INFO: save_metrics Line: 383 -  f1_score_multiclass : 
[77.66 70.67]
06/14/2024-10:47:56 AM: (files_management.py): INFO: save_metrics Line: 383 -  accuracy_score : 74.64
06/14/2024-10:47:56 AM: (files_management.py): INFO: save_metrics Line: 383 -  precision_score_macro : 75.01
06/14/2024-10:47:56 AM: (files_management.py): INFO: save_metrics Line: 383 -  recall_score_macro : 74.07
06/14/2024-10:47:56 AM: (files_management.py): INFO: save_metrics Line: 383 -  roc_auc_score : 74.07
06/14/2024-10:47:56 AM: (files_management.py): INFO: save_metrics Line: 383 -  log_loss : 101.50
06/14/2024-10:47:56 AM: (files_management.py): INFO: save_metrics Line: 383 -  kappa_score : 48.58
06/14/2024-10:47:56 AM: (files_management.py): INFO: save_metrics Line: 383 -  confusion_matrix :          not_wet      wet
not_wet  82.7027  17.2973
wet      34.5679  65.4321
06/14/2024-10:47:56 AM: (files_management.py): INFO: save_metrics Line: 383 -  training_time : 13.54
06/14/2024-10:47:56 AM: (files_management.py): INFO: save_metrics Line: 383 -  prediction_time : 0.93
06/14/2024-10:47:56 AM: (files_management.py): INFO: save_metrics Line: 372 - __________________ Fold 8 with MLP_direct __________________
06/14/2024-10:47:56 AM: (files_management.py): INFO: save_metrics Line: 383 -  f1_score_macro : 78.00
06/14/2024-10:47:56 AM: (files_management.py): INFO: save_metrics Line: 383 -  f1_score_weighted : 80.27
06/14/2024-10:47:56 AM: (files_management.py): INFO: save_metrics Line: 383 -  f1_score_multiclass : 
[84.13 71.87]
06/14/2024-10:47:56 AM: (files_management.py): INFO: save_metrics Line: 383 -  accuracy_score : 79.70
06/14/2024-10:47:56 AM: (files_management.py): INFO: save_metrics Line: 383 -  precision_score_macro : 77.19
06/14/2024-10:47:56 AM: (files_management.py): INFO: save_metrics Line: 383 -  recall_score_macro : 80.44
06/14/2024-10:47:56 AM: (files_management.py): INFO: save_metrics Line: 383 -  roc_auc_score : 80.44
06/14/2024-10:47:56 AM: (files_management.py): INFO: save_metrics Line: 383 -  log_loss : 77.02
06/14/2024-10:47:56 AM: (files_management.py): INFO: save_metrics Line: 383 -  kappa_score : 56.40
06/14/2024-10:47:56 AM: (files_management.py): INFO: save_metrics Line: 383 -  confusion_matrix :          not_wet      wet
not_wet  78.4657  21.5343
wet      17.5953  82.4047
06/14/2024-10:47:56 AM: (files_management.py): INFO: save_metrics Line: 383 -  training_time : 11.75
06/14/2024-10:47:56 AM: (files_management.py): INFO: save_metrics Line: 383 -  prediction_time : 1.62
06/14/2024-10:47:56 AM: (files_management.py): INFO: save_metrics Line: 372 - __________________ Fold 9 with MLP_direct __________________
06/14/2024-10:47:56 AM: (files_management.py): INFO: save_metrics Line: 383 -  f1_score_macro : 78.31
06/14/2024-10:47:56 AM: (files_management.py): INFO: save_metrics Line: 383 -  f1_score_weighted : 78.73
06/14/2024-10:47:56 AM: (files_management.py): INFO: save_metrics Line: 383 -  f1_score_multiclass : 
[80.47 76.16]
06/14/2024-10:47:56 AM: (files_management.py): INFO: save_metrics Line: 383 -  accuracy_score : 78.53
06/14/2024-10:47:56 AM: (files_management.py): INFO: save_metrics Line: 383 -  precision_score_macro : 78.47
06/14/2024-10:47:56 AM: (files_management.py): INFO: save_metrics Line: 383 -  recall_score_macro : 79.56
06/14/2024-10:47:56 AM: (files_management.py): INFO: save_metrics Line: 383 -  roc_auc_score : 79.56
06/14/2024-10:47:56 AM: (files_management.py): INFO: save_metrics Line: 383 -  log_loss : 61.95
06/14/2024-10:47:56 AM: (files_management.py): INFO: save_metrics Line: 383 -  kappa_score : 57.00
06/14/2024-10:47:56 AM: (files_management.py): INFO: save_metrics Line: 383 -  confusion_matrix :          not_wet      wet
not_wet  74.1935  25.8065
wet      15.0794  84.9206
06/14/2024-10:47:56 AM: (files_management.py): INFO: save_metrics Line: 383 -  training_time : 9.61
06/14/2024-10:47:56 AM: (files_management.py): INFO: save_metrics Line: 383 -  prediction_time : 0.47
06/14/2024-10:47:56 AM: (files_management.py): INFO: save_metrics Line: 372 - __________________ Fold 10 with MLP_direct __________________
06/14/2024-10:47:56 AM: (files_management.py): INFO: save_metrics Line: 383 -  f1_score_macro : 79.51
06/14/2024-10:47:56 AM: (files_management.py): INFO: save_metrics Line: 383 -  f1_score_weighted : 80.45
06/14/2024-10:47:56 AM: (files_management.py): INFO: save_metrics Line: 383 -  f1_score_multiclass : 
[84.22 74.8 ]
06/14/2024-10:47:56 AM: (files_management.py): INFO: save_metrics Line: 383 -  accuracy_score : 80.59
06/14/2024-10:47:56 AM: (files_management.py): INFO: save_metrics Line: 383 -  precision_score_macro : 80.04
06/14/2024-10:47:56 AM: (files_management.py): INFO: save_metrics Line: 383 -  recall_score_macro : 79.15
06/14/2024-10:47:56 AM: (files_management.py): INFO: save_metrics Line: 383 -  roc_auc_score : 79.15
06/14/2024-10:47:56 AM: (files_management.py): INFO: save_metrics Line: 383 -  log_loss : 78.31
06/14/2024-10:47:56 AM: (files_management.py): INFO: save_metrics Line: 383 -  kappa_score : 59.06
06/14/2024-10:47:56 AM: (files_management.py): INFO: save_metrics Line: 383 -  confusion_matrix :          not_wet      wet
not_wet  86.3918  13.6082
wet      28.0864  71.9136
06/14/2024-10:47:56 AM: (files_management.py): INFO: save_metrics Line: 383 -  training_time : 9.50
06/14/2024-10:47:56 AM: (files_management.py): INFO: save_metrics Line: 383 -  prediction_time : 1.12
06/14/2024-10:47:56 AM: (files_management.py): INFO: save_metrics Line: 372 - __________________ Fold 11 with MLP_direct __________________
06/14/2024-10:47:56 AM: (files_management.py): INFO: save_metrics Line: 383 -  f1_score_macro : 66.13
06/14/2024-10:47:56 AM: (files_management.py): INFO: save_metrics Line: 383 -  f1_score_weighted : 72.08
06/14/2024-10:47:56 AM: (files_management.py): INFO: save_metrics Line: 383 -  f1_score_multiclass : 
[77.42 54.84]
06/14/2024-10:47:56 AM: (files_management.py): INFO: save_metrics Line: 383 -  accuracy_score : 69.89
06/14/2024-10:47:56 AM: (files_management.py): INFO: save_metrics Line: 383 -  precision_score_macro : 66.53
06/14/2024-10:47:56 AM: (files_management.py): INFO: save_metrics Line: 383 -  recall_score_macro : 72.44
06/14/2024-10:47:56 AM: (files_management.py): INFO: save_metrics Line: 383 -  roc_auc_score : 72.44
06/14/2024-10:47:56 AM: (files_management.py): INFO: save_metrics Line: 383 -  log_loss : 123.42
06/14/2024-10:47:56 AM: (files_management.py): INFO: save_metrics Line: 383 -  kappa_score : 35.00
06/14/2024-10:47:56 AM: (files_management.py): INFO: save_metrics Line: 383 -  confusion_matrix :          not_wet      wet
not_wet  67.6056  32.3944
wet      22.7273  77.2727
06/14/2024-10:47:56 AM: (files_management.py): INFO: save_metrics Line: 383 -  training_time : 10.12
06/14/2024-10:47:56 AM: (files_management.py): INFO: save_metrics Line: 383 -  prediction_time : 0.12
06/14/2024-10:47:56 AM: (files_management.py): INFO: save_metrics Line: 372 - __________________ Fold 12 with MLP_direct __________________
06/14/2024-10:47:56 AM: (files_management.py): INFO: save_metrics Line: 383 -  f1_score_macro : 71.85
06/14/2024-10:47:56 AM: (files_management.py): INFO: save_metrics Line: 383 -  f1_score_weighted : 72.22
06/14/2024-10:47:56 AM: (files_management.py): INFO: save_metrics Line: 383 -  f1_score_multiclass : 
[74.42 69.27]
06/14/2024-10:47:56 AM: (files_management.py): INFO: save_metrics Line: 383 -  accuracy_score : 72.08
06/14/2024-10:47:56 AM: (files_management.py): INFO: save_metrics Line: 383 -  precision_score_macro : 71.85
06/14/2024-10:47:56 AM: (files_management.py): INFO: save_metrics Line: 383 -  recall_score_macro : 72.30
06/14/2024-10:47:56 AM: (files_management.py): INFO: save_metrics Line: 383 -  roc_auc_score : 72.30
06/14/2024-10:47:56 AM: (files_management.py): INFO: save_metrics Line: 383 -  log_loss : 74.22
06/14/2024-10:47:56 AM: (files_management.py): INFO: save_metrics Line: 383 -  kappa_score : 43.87
06/14/2024-10:47:56 AM: (files_management.py): INFO: save_metrics Line: 383 -  confusion_matrix :          not_wet      wet
not_wet  70.7965  29.2035
wet      26.1905  73.8095
06/14/2024-10:47:56 AM: (files_management.py): INFO: save_metrics Line: 383 -  training_time : 5.58
06/14/2024-10:47:56 AM: (files_management.py): INFO: save_metrics Line: 383 -  prediction_time : 0.31
