06/14/2024-10:32:46 AM: (files_management.py): INFO: init_logger Line: 280 - Started
06/14/2024-10:32:46 AM: (learning_models.py): INFO: predict_dataset Line: 72 - ================== Fitting model KNN_direct ==================
06/14/2024-10:33:16 AM: (files_management.py): INFO: save_metrics Line: 372 - __________________ Fold 0 with KNN_direct __________________
06/14/2024-10:33:16 AM: (files_management.py): INFO: save_metrics Line: 383 -  f1_score_macro : 85.38
06/14/2024-10:33:16 AM: (files_management.py): INFO: save_metrics Line: 383 -  f1_score_weighted : 86.58
06/14/2024-10:33:16 AM: (files_management.py): INFO: save_metrics Line: 383 -  f1_score_multiclass : 
[89.36 81.41]
06/14/2024-10:33:16 AM: (files_management.py): INFO: save_metrics Line: 383 -  accuracy_score : 86.46
06/14/2024-10:33:16 AM: (files_management.py): INFO: save_metrics Line: 383 -  precision_score_macro : 84.88
06/14/2024-10:33:16 AM: (files_management.py): INFO: save_metrics Line: 383 -  recall_score_macro : 86.05
06/14/2024-10:33:16 AM: (files_management.py): INFO: save_metrics Line: 383 -  roc_auc_score : 86.05
06/14/2024-10:33:16 AM: (files_management.py): INFO: save_metrics Line: 383 -  log_loss : 31.16
06/14/2024-10:33:16 AM: (files_management.py): INFO: save_metrics Line: 383 -  kappa_score : 70.79
06/14/2024-10:33:16 AM: (files_management.py): INFO: save_metrics Line: 383 -  confusion_matrix :          0        1
0  87.4327  12.5673
1  15.3333  84.6667
06/14/2024-10:33:16 AM: (files_management.py): INFO: save_metrics Line: 383 -  training_time : 12.20
06/14/2024-10:33:16 AM: (files_management.py): INFO: save_metrics Line: 383 -  prediction_time : 1.56
06/14/2024-10:33:16 AM: (files_management.py): INFO: save_metrics Line: 372 - __________________ Fold 1 with KNN_direct __________________
06/14/2024-10:33:16 AM: (files_management.py): INFO: save_metrics Line: 383 -  f1_score_macro : 79.32
06/14/2024-10:33:16 AM: (files_management.py): INFO: save_metrics Line: 383 -  f1_score_weighted : 80.25
06/14/2024-10:33:16 AM: (files_management.py): INFO: save_metrics Line: 383 -  f1_score_multiclass : 
[84.16 74.48]
06/14/2024-10:33:16 AM: (files_management.py): INFO: save_metrics Line: 383 -  accuracy_score : 80.45
06/14/2024-10:33:16 AM: (files_management.py): INFO: save_metrics Line: 383 -  precision_score_macro : 80.08
06/14/2024-10:33:16 AM: (files_management.py): INFO: save_metrics Line: 383 -  recall_score_macro : 78.87
06/14/2024-10:33:16 AM: (files_management.py): INFO: save_metrics Line: 383 -  roc_auc_score : 78.87
06/14/2024-10:33:16 AM: (files_management.py): INFO: save_metrics Line: 383 -  log_loss : 52.05
06/14/2024-10:33:16 AM: (files_management.py): INFO: save_metrics Line: 383 -  kappa_score : 58.71
06/14/2024-10:33:16 AM: (files_management.py): INFO: save_metrics Line: 383 -  confusion_matrix :          0        1
0  87.0968  12.9032
1  29.3651  70.6349
06/14/2024-10:33:16 AM: (files_management.py): INFO: save_metrics Line: 383 -  training_time : 12.62
06/14/2024-10:33:16 AM: (files_management.py): INFO: save_metrics Line: 383 -  prediction_time : 0.56
06/14/2024-10:33:16 AM: (files_management.py): INFO: save_metrics Line: 372 - __________________ Fold 2 with KNN_direct __________________
06/14/2024-10:33:16 AM: (files_management.py): INFO: save_metrics Line: 383 -  f1_score_macro : 80.62
06/14/2024-10:33:16 AM: (files_management.py): INFO: save_metrics Line: 383 -  f1_score_weighted : 83.20
06/14/2024-10:33:16 AM: (files_management.py): INFO: save_metrics Line: 383 -  f1_score_multiclass : 
[87.58 73.67]
06/14/2024-10:33:16 AM: (files_management.py): INFO: save_metrics Line: 383 -  accuracy_score : 83.12
06/14/2024-10:33:16 AM: (files_management.py): INFO: save_metrics Line: 383 -  precision_score_macro : 80.34
06/14/2024-10:33:16 AM: (files_management.py): INFO: save_metrics Line: 383 -  recall_score_macro : 80.94
06/14/2024-10:33:16 AM: (files_management.py): INFO: save_metrics Line: 383 -  roc_auc_score : 80.94
06/14/2024-10:33:16 AM: (files_management.py): INFO: save_metrics Line: 383 -  log_loss : 41.82
06/14/2024-10:33:16 AM: (files_management.py): INFO: save_metrics Line: 383 -  kappa_score : 61.25
06/14/2024-10:33:16 AM: (files_management.py): INFO: save_metrics Line: 383 -  confusion_matrix :          0        1
0  86.8102  13.1898
1  24.9267  75.0733
06/14/2024-10:33:16 AM: (files_management.py): INFO: save_metrics Line: 383 -  training_time : 11.97
06/14/2024-10:33:16 AM: (files_management.py): INFO: save_metrics Line: 383 -  prediction_time : 1.91
06/14/2024-10:33:16 AM: (files_management.py): INFO: save_metrics Line: 372 - __________________ Fold 3 with KNN_direct __________________
06/14/2024-10:33:16 AM: (files_management.py): INFO: save_metrics Line: 383 -  f1_score_macro : 74.79
06/14/2024-10:33:16 AM: (files_management.py): INFO: save_metrics Line: 383 -  f1_score_weighted : 75.01
06/14/2024-10:33:16 AM: (files_management.py): INFO: save_metrics Line: 383 -  f1_score_multiclass : 
[78.06 71.52]
06/14/2024-10:33:16 AM: (files_management.py): INFO: save_metrics Line: 383 -  accuracy_score : 75.22
06/14/2024-10:33:16 AM: (files_management.py): INFO: save_metrics Line: 383 -  precision_score_macro : 75.53
06/14/2024-10:33:16 AM: (files_management.py): INFO: save_metrics Line: 383 -  recall_score_macro : 74.68
06/14/2024-10:33:16 AM: (files_management.py): INFO: save_metrics Line: 383 -  roc_auc_score : 74.68
06/14/2024-10:33:16 AM: (files_management.py): INFO: save_metrics Line: 383 -  log_loss : 79.78
06/14/2024-10:33:16 AM: (files_management.py): INFO: save_metrics Line: 383 -  kappa_score : 49.79
06/14/2024-10:33:16 AM: (files_management.py): INFO: save_metrics Line: 383 -  confusion_matrix :          0        1
0  82.7027  17.2973
1  33.3333  66.6667
06/14/2024-10:33:16 AM: (files_management.py): INFO: save_metrics Line: 383 -  training_time : 12.31
06/14/2024-10:33:16 AM: (files_management.py): INFO: save_metrics Line: 383 -  prediction_time : 0.84
06/14/2024-10:33:16 AM: (files_management.py): INFO: save_metrics Line: 372 - __________________ Fold 4 with KNN_direct __________________
06/14/2024-10:33:16 AM: (files_management.py): INFO: save_metrics Line: 383 -  f1_score_macro : 80.02
06/14/2024-10:33:16 AM: (files_management.py): INFO: save_metrics Line: 383 -  f1_score_weighted : 81.49
06/14/2024-10:33:16 AM: (files_management.py): INFO: save_metrics Line: 383 -  f1_score_multiclass : 
[84.66 75.38]
06/14/2024-10:33:16 AM: (files_management.py): INFO: save_metrics Line: 383 -  accuracy_score : 81.10
06/14/2024-10:33:16 AM: (files_management.py): INFO: save_metrics Line: 383 -  precision_score_macro : 79.40
06/14/2024-10:33:16 AM: (files_management.py): INFO: save_metrics Line: 383 -  recall_score_macro : 82.00
06/14/2024-10:33:16 AM: (files_management.py): INFO: save_metrics Line: 383 -  roc_auc_score : 82.00
06/14/2024-10:33:16 AM: (files_management.py): INFO: save_metrics Line: 383 -  log_loss : 40.04
06/14/2024-10:33:16 AM: (files_management.py): INFO: save_metrics Line: 383 -  kappa_score : 60.35
06/14/2024-10:33:16 AM: (files_management.py): INFO: save_metrics Line: 383 -  confusion_matrix :          0        1
0  79.1667  20.8333
1  15.1724  84.8276
06/14/2024-10:33:16 AM: (files_management.py): INFO: save_metrics Line: 383 -  training_time : 11.82
06/14/2024-10:33:16 AM: (files_management.py): INFO: save_metrics Line: 383 -  prediction_time : 2.19
06/14/2024-10:33:16 AM: (files_management.py): INFO: save_metrics Line: 372 - __________________ Fold 5 with KNN_direct __________________
06/14/2024-10:33:16 AM: (files_management.py): INFO: save_metrics Line: 383 -  f1_score_macro : 88.99
06/14/2024-10:33:16 AM: (files_management.py): INFO: save_metrics Line: 383 -  f1_score_weighted : 89.01
06/14/2024-10:33:16 AM: (files_management.py): INFO: save_metrics Line: 383 -  f1_score_multiclass : 
[88.55 89.43]
06/14/2024-10:33:16 AM: (files_management.py): INFO: save_metrics Line: 383 -  accuracy_score : 89.01
06/14/2024-10:33:16 AM: (files_management.py): INFO: save_metrics Line: 383 -  precision_score_macro : 88.99
06/14/2024-10:33:16 AM: (files_management.py): INFO: save_metrics Line: 383 -  recall_score_macro : 89.01
06/14/2024-10:33:16 AM: (files_management.py): INFO: save_metrics Line: 383 -  roc_auc_score : 89.01
06/14/2024-10:33:16 AM: (files_management.py): INFO: save_metrics Line: 383 -  log_loss : 32.09
06/14/2024-10:33:16 AM: (files_management.py): INFO: save_metrics Line: 383 -  kappa_score : 77.99
06/14/2024-10:33:16 AM: (files_management.py): INFO: save_metrics Line: 383 -  confusion_matrix :          0        1
0  88.8631  11.1369
1  10.8511  89.1489
06/14/2024-10:33:16 AM: (files_management.py): INFO: save_metrics Line: 383 -  training_time : 11.49
06/14/2024-10:33:16 AM: (files_management.py): INFO: save_metrics Line: 383 -  prediction_time : 1.46
06/14/2024-10:33:16 AM: (files_management.py): INFO: save_metrics Line: 372 - __________________ Fold 6 with KNN_direct __________________
06/14/2024-10:33:16 AM: (files_management.py): INFO: save_metrics Line: 383 -  f1_score_macro : 77.56
06/14/2024-10:33:16 AM: (files_management.py): INFO: save_metrics Line: 383 -  f1_score_weighted : 78.77
06/14/2024-10:33:16 AM: (files_management.py): INFO: save_metrics Line: 383 -  f1_score_multiclass : 
[82.08 73.05]
06/14/2024-10:33:16 AM: (files_management.py): INFO: save_metrics Line: 383 -  accuracy_score : 78.47
06/14/2024-10:33:16 AM: (files_management.py): INFO: save_metrics Line: 383 -  precision_score_macro : 77.16
06/14/2024-10:33:16 AM: (files_management.py): INFO: save_metrics Line: 383 -  recall_score_macro : 78.72
06/14/2024-10:33:16 AM: (files_management.py): INFO: save_metrics Line: 383 -  roc_auc_score : 78.72
06/14/2024-10:33:16 AM: (files_management.py): INFO: save_metrics Line: 383 -  log_loss : 53.70
06/14/2024-10:33:16 AM: (files_management.py): INFO: save_metrics Line: 383 -  kappa_score : 55.33
06/14/2024-10:33:16 AM: (files_management.py): INFO: save_metrics Line: 383 -  confusion_matrix :          0        1
0  77.7778  22.2222
1  20.3297  79.6703
06/14/2024-10:33:16 AM: (files_management.py): INFO: save_metrics Line: 383 -  training_time : 11.93
06/14/2024-10:33:16 AM: (files_management.py): INFO: save_metrics Line: 383 -  prediction_time : 1.80
06/14/2024-10:33:16 AM: (files_management.py): INFO: save_metrics Line: 372 - __________________ Fold 7 with KNN_direct __________________
06/14/2024-10:33:16 AM: (files_management.py): INFO: save_metrics Line: 383 -  f1_score_macro : 84.16
06/14/2024-10:33:16 AM: (files_management.py): INFO: save_metrics Line: 383 -  f1_score_weighted : 84.73
06/14/2024-10:33:16 AM: (files_management.py): INFO: save_metrics Line: 383 -  f1_score_multiclass : 
[87.   81.33]
06/14/2024-10:33:16 AM: (files_management.py): INFO: save_metrics Line: 383 -  accuracy_score : 84.67
06/14/2024-10:33:16 AM: (files_management.py): INFO: save_metrics Line: 383 -  precision_score_macro : 83.95
06/14/2024-10:33:16 AM: (files_management.py): INFO: save_metrics Line: 383 -  recall_score_macro : 84.45
06/14/2024-10:33:16 AM: (files_management.py): INFO: save_metrics Line: 383 -  roc_auc_score : 84.45
06/14/2024-10:33:16 AM: (files_management.py): INFO: save_metrics Line: 383 -  log_loss : 46.52
06/14/2024-10:33:16 AM: (files_management.py): INFO: save_metrics Line: 383 -  kappa_score : 68.34
06/14/2024-10:33:16 AM: (files_management.py): INFO: save_metrics Line: 383 -  confusion_matrix :          0        1
0  85.5670  14.4330
1  16.6667  83.3333
06/14/2024-10:33:16 AM: (files_management.py): INFO: save_metrics Line: 383 -  training_time : 13.53
06/14/2024-10:33:16 AM: (files_management.py): INFO: save_metrics Line: 383 -  prediction_time : 1.58
06/14/2024-10:33:16 AM: (files_management.py): INFO: save_metrics Line: 372 - __________________ Fold 8 with KNN_direct __________________
06/14/2024-10:33:16 AM: (files_management.py): INFO: save_metrics Line: 383 -  f1_score_macro : 81.93
06/14/2024-10:33:16 AM: (files_management.py): INFO: save_metrics Line: 383 -  f1_score_weighted : 82.38
06/14/2024-10:33:16 AM: (files_management.py): INFO: save_metrics Line: 383 -  f1_score_multiclass : 
[84.56 79.31]
06/14/2024-10:33:16 AM: (files_management.py): INFO: save_metrics Line: 383 -  accuracy_score : 82.31
06/14/2024-10:33:16 AM: (files_management.py): INFO: save_metrics Line: 383 -  precision_score_macro : 81.76
06/14/2024-10:33:16 AM: (files_management.py): INFO: save_metrics Line: 383 -  recall_score_macro : 82.21
06/14/2024-10:33:16 AM: (files_management.py): INFO: save_metrics Line: 383 -  roc_auc_score : 82.21
06/14/2024-10:33:16 AM: (files_management.py): INFO: save_metrics Line: 383 -  log_loss : 52.31
06/14/2024-10:33:16 AM: (files_management.py): INFO: save_metrics Line: 383 -  kappa_score : 63.89
06/14/2024-10:33:16 AM: (files_management.py): INFO: save_metrics Line: 383 -  confusion_matrix :          0        1
0  82.8499  17.1501
1  18.4397  81.5603
06/14/2024-10:33:16 AM: (files_management.py): INFO: save_metrics Line: 383 -  training_time : 12.72
06/14/2024-10:33:16 AM: (files_management.py): INFO: save_metrics Line: 383 -  prediction_time : 2.46
06/14/2024-10:33:16 AM: (files_management.py): INFO: save_metrics Line: 372 - __________________ Fold 9 with KNN_direct __________________
06/14/2024-10:33:16 AM: (files_management.py): INFO: save_metrics Line: 383 -  f1_score_macro : 79.44
06/14/2024-10:33:16 AM: (files_management.py): INFO: save_metrics Line: 383 -  f1_score_weighted : 79.39
06/14/2024-10:33:16 AM: (files_management.py): INFO: save_metrics Line: 383 -  f1_score_multiclass : 
[80.54 78.34]
06/14/2024-10:33:16 AM: (files_management.py): INFO: save_metrics Line: 383 -  accuracy_score : 79.50
06/14/2024-10:33:16 AM: (files_management.py): INFO: save_metrics Line: 383 -  precision_score_macro : 80.68
06/14/2024-10:33:16 AM: (files_management.py): INFO: save_metrics Line: 383 -  recall_score_macro : 79.99
06/14/2024-10:33:16 AM: (files_management.py): INFO: save_metrics Line: 383 -  roc_auc_score : 79.99
06/14/2024-10:33:16 AM: (files_management.py): INFO: save_metrics Line: 383 -  log_loss : 40.63
06/14/2024-10:33:16 AM: (files_management.py): INFO: save_metrics Line: 383 -  kappa_score : 59.34
06/14/2024-10:33:16 AM: (files_management.py): INFO: save_metrics Line: 383 -  confusion_matrix :          0        1
0  89.4737  10.5263
1  29.4915  70.5085
06/14/2024-10:33:16 AM: (files_management.py): INFO: save_metrics Line: 383 -  training_time : 13.37
06/14/2024-10:33:16 AM: (files_management.py): INFO: save_metrics Line: 383 -  prediction_time : 1.09
06/14/2024-10:33:16 AM: (files_management.py): INFO: save_metrics Line: 372 - __________________ Fold 10 with KNN_direct __________________
06/14/2024-10:33:16 AM: (files_management.py): INFO: save_metrics Line: 383 -  f1_score_macro : 79.25
06/14/2024-10:33:16 AM: (files_management.py): INFO: save_metrics Line: 383 -  f1_score_weighted : 79.81
06/14/2024-10:33:16 AM: (files_management.py): INFO: save_metrics Line: 383 -  f1_score_multiclass : 
[76.61 81.89]
06/14/2024-10:33:16 AM: (files_management.py): INFO: save_metrics Line: 383 -  accuracy_score : 79.59
06/14/2024-10:33:16 AM: (files_management.py): INFO: save_metrics Line: 383 -  precision_score_macro : 79.19
06/14/2024-10:33:16 AM: (files_management.py): INFO: save_metrics Line: 383 -  recall_score_macro : 80.53
06/14/2024-10:33:16 AM: (files_management.py): INFO: save_metrics Line: 383 -  roc_auc_score : 80.53
06/14/2024-10:33:16 AM: (files_management.py): INFO: save_metrics Line: 383 -  log_loss : 80.47
06/14/2024-10:33:16 AM: (files_management.py): INFO: save_metrics Line: 383 -  kappa_score : 58.81
06/14/2024-10:33:16 AM: (files_management.py): INFO: save_metrics Line: 383 -  confusion_matrix :          0        1
0  84.9624  15.0376
1  23.9024  76.0976
06/14/2024-10:33:16 AM: (files_management.py): INFO: save_metrics Line: 383 -  training_time : 13.89
06/14/2024-10:33:16 AM: (files_management.py): INFO: save_metrics Line: 383 -  prediction_time : 0.57
06/14/2024-10:33:16 AM: (files_management.py): INFO: save_metrics Line: 372 - __________________ Fold 11 with KNN_direct __________________
06/14/2024-10:33:16 AM: (files_management.py): INFO: save_metrics Line: 383 -  f1_score_macro : 71.56
06/14/2024-10:33:16 AM: (files_management.py): INFO: save_metrics Line: 383 -  f1_score_weighted : 71.66
06/14/2024-10:33:16 AM: (files_management.py): INFO: save_metrics Line: 383 -  f1_score_multiclass : 
[72.28 70.83]
06/14/2024-10:33:16 AM: (files_management.py): INFO: save_metrics Line: 383 -  accuracy_score : 71.57
06/14/2024-10:33:16 AM: (files_management.py): INFO: save_metrics Line: 383 -  precision_score_macro : 72.49
06/14/2024-10:33:16 AM: (files_management.py): INFO: save_metrics Line: 383 -  recall_score_macro : 72.78
06/14/2024-10:33:16 AM: (files_management.py): INFO: save_metrics Line: 383 -  roc_auc_score : 72.78
06/14/2024-10:33:16 AM: (files_management.py): INFO: save_metrics Line: 383 -  log_loss : 57.90
06/14/2024-10:33:16 AM: (files_management.py): INFO: save_metrics Line: 383 -  kappa_score : 43.94
06/14/2024-10:33:16 AM: (files_management.py): INFO: save_metrics Line: 383 -  confusion_matrix :          0        1
0  64.6018  35.3982
1  19.0476  80.9524
06/14/2024-10:33:16 AM: (files_management.py): INFO: save_metrics Line: 383 -  training_time : 14.19
06/14/2024-10:33:16 AM: (files_management.py): INFO: save_metrics Line: 383 -  prediction_time : 0.37
06/14/2024-10:33:16 AM: (files_management.py): INFO: save_metrics Line: 372 - __________________ Fold 12 with KNN_direct __________________
06/14/2024-10:33:16 AM: (files_management.py): INFO: save_metrics Line: 383 -  f1_score_macro : 68.93
06/14/2024-10:33:16 AM: (files_management.py): INFO: save_metrics Line: 383 -  f1_score_weighted : 76.32
06/14/2024-10:33:16 AM: (files_management.py): INFO: save_metrics Line: 383 -  f1_score_multiclass : 
[82.96 54.9 ]
06/14/2024-10:33:16 AM: (files_management.py): INFO: save_metrics Line: 383 -  accuracy_score : 75.27
06/14/2024-10:33:16 AM: (files_management.py): INFO: save_metrics Line: 383 -  precision_score_macro : 67.89
06/14/2024-10:33:16 AM: (files_management.py): INFO: save_metrics Line: 383 -  recall_score_macro : 71.25
06/14/2024-10:33:16 AM: (files_management.py): INFO: save_metrics Line: 383 -  roc_auc_score : 71.25
06/14/2024-10:33:16 AM: (files_management.py): INFO: save_metrics Line: 383 -  log_loss : 47.78
06/14/2024-10:33:16 AM: (files_management.py): INFO: save_metrics Line: 383 -  kappa_score : 38.30
06/14/2024-10:33:16 AM: (files_management.py): INFO: save_metrics Line: 383 -  confusion_matrix :          0        1
0  78.8732  21.1268
1  36.3636  63.6364
06/14/2024-10:33:16 AM: (files_management.py): INFO: save_metrics Line: 383 -  training_time : 14.51
06/14/2024-10:33:16 AM: (files_management.py): INFO: save_metrics Line: 383 -  prediction_time : 0.17
