06/14/2024-10:34:24 AM: (files_management.py): INFO: init_logger Line: 280 - Started
06/14/2024-10:34:24 AM: (learning_models.py): INFO: predict_dataset Line: 72 - ================== Fitting model AdaBoost_direct ==================
06/14/2024-10:34:45 AM: (files_management.py): INFO: save_metrics Line: 372 - __________________ Fold 0 with AdaBoost_direct __________________
06/14/2024-10:34:45 AM: (files_management.py): INFO: save_metrics Line: 383 -  f1_score_macro : 83.69
06/14/2024-10:34:45 AM: (files_management.py): INFO: save_metrics Line: 383 -  f1_score_weighted : 85.05
06/14/2024-10:34:45 AM: (files_management.py): INFO: save_metrics Line: 383 -  f1_score_multiclass : 
[88.22 79.16]
06/14/2024-10:34:45 AM: (files_management.py): INFO: save_metrics Line: 383 -  accuracy_score : 84.95
06/14/2024-10:34:45 AM: (files_management.py): INFO: save_metrics Line: 383 -  precision_score_macro : 83.29
06/14/2024-10:34:45 AM: (files_management.py): INFO: save_metrics Line: 383 -  recall_score_macro : 84.19
06/14/2024-10:34:45 AM: (files_management.py): INFO: save_metrics Line: 383 -  roc_auc_score : 84.19
06/14/2024-10:34:45 AM: (files_management.py): INFO: save_metrics Line: 383 -  log_loss : 68.58
06/14/2024-10:34:45 AM: (files_management.py): INFO: save_metrics Line: 383 -  kappa_score : 67.40
06/14/2024-10:34:45 AM: (files_management.py): INFO: save_metrics Line: 383 -  confusion_matrix :          0        1
0  86.7145  13.2855
1  18.3333  81.6667
06/14/2024-10:34:45 AM: (files_management.py): INFO: save_metrics Line: 383 -  training_time : 8.97
06/14/2024-10:34:45 AM: (files_management.py): INFO: save_metrics Line: 383 -  prediction_time : 1.61
06/14/2024-10:34:45 AM: (files_management.py): INFO: save_metrics Line: 372 - __________________ Fold 1 with AdaBoost_direct __________________
06/14/2024-10:34:45 AM: (files_management.py): INFO: save_metrics Line: 383 -  f1_score_macro : 80.12
06/14/2024-10:34:45 AM: (files_management.py): INFO: save_metrics Line: 383 -  f1_score_weighted : 80.96
06/14/2024-10:34:45 AM: (files_management.py): INFO: save_metrics Line: 383 -  f1_score_multiclass : 
[84.51 75.72]
06/14/2024-10:34:45 AM: (files_management.py): INFO: save_metrics Line: 383 -  accuracy_score : 81.09
06/14/2024-10:34:45 AM: (files_management.py): INFO: save_metrics Line: 383 -  precision_score_macro : 80.60
06/14/2024-10:34:45 AM: (files_management.py): INFO: save_metrics Line: 383 -  recall_score_macro : 79.79
06/14/2024-10:34:45 AM: (files_management.py): INFO: save_metrics Line: 383 -  roc_auc_score : 79.79
06/14/2024-10:34:45 AM: (files_management.py): INFO: save_metrics Line: 383 -  log_loss : 68.78
06/14/2024-10:34:45 AM: (files_management.py): INFO: save_metrics Line: 383 -  kappa_score : 60.27
06/14/2024-10:34:45 AM: (files_management.py): INFO: save_metrics Line: 383 -  confusion_matrix :          0        1
0  86.5591  13.4409
1  26.9841  73.0159
06/14/2024-10:34:45 AM: (files_management.py): INFO: save_metrics Line: 383 -  training_time : 9.99
06/14/2024-10:34:45 AM: (files_management.py): INFO: save_metrics Line: 383 -  prediction_time : 0.63
06/14/2024-10:34:45 AM: (files_management.py): INFO: save_metrics Line: 372 - __________________ Fold 2 with AdaBoost_direct __________________
06/14/2024-10:34:45 AM: (files_management.py): INFO: save_metrics Line: 383 -  f1_score_macro : 80.37
06/14/2024-10:34:45 AM: (files_management.py): INFO: save_metrics Line: 383 -  f1_score_weighted : 82.70
06/14/2024-10:34:45 AM: (files_management.py): INFO: save_metrics Line: 383 -  f1_score_multiclass : 
[86.65 74.08]
06/14/2024-10:34:45 AM: (files_management.py): INFO: save_metrics Line: 383 -  accuracy_score : 82.38
06/14/2024-10:34:45 AM: (files_management.py): INFO: save_metrics Line: 383 -  precision_score_macro : 79.53
06/14/2024-10:34:45 AM: (files_management.py): INFO: save_metrics Line: 383 -  recall_score_macro : 81.75
06/14/2024-10:34:45 AM: (files_management.py): INFO: save_metrics Line: 383 -  roc_auc_score : 81.75
06/14/2024-10:34:45 AM: (files_management.py): INFO: save_metrics Line: 383 -  log_loss : 68.67
06/14/2024-10:34:45 AM: (files_management.py): INFO: save_metrics Line: 383 -  kappa_score : 60.85
06/14/2024-10:34:45 AM: (files_management.py): INFO: save_metrics Line: 383 -  confusion_matrix :          0        1
0  83.4455  16.5545
1  19.9413  80.0587
06/14/2024-10:34:45 AM: (files_management.py): INFO: save_metrics Line: 383 -  training_time : 9.34
06/14/2024-10:34:45 AM: (files_management.py): INFO: save_metrics Line: 383 -  prediction_time : 1.99
06/14/2024-10:34:45 AM: (files_management.py): INFO: save_metrics Line: 372 - __________________ Fold 3 with AdaBoost_direct __________________
06/14/2024-10:34:45 AM: (files_management.py): INFO: save_metrics Line: 383 -  f1_score_macro : 78.56
06/14/2024-10:34:45 AM: (files_management.py): INFO: save_metrics Line: 383 -  f1_score_weighted : 78.67
06/14/2024-10:34:45 AM: (files_management.py): INFO: save_metrics Line: 383 -  f1_score_multiclass : 
[80.11 77.02]
06/14/2024-10:34:45 AM: (files_management.py): INFO: save_metrics Line: 383 -  accuracy_score : 78.67
06/14/2024-10:34:45 AM: (files_management.py): INFO: save_metrics Line: 383 -  precision_score_macro : 78.59
06/14/2024-10:34:45 AM: (files_management.py): INFO: save_metrics Line: 383 -  recall_score_macro : 78.54
06/14/2024-10:34:45 AM: (files_management.py): INFO: save_metrics Line: 383 -  roc_auc_score : 78.54
06/14/2024-10:34:45 AM: (files_management.py): INFO: save_metrics Line: 383 -  log_loss : 68.62
06/14/2024-10:34:45 AM: (files_management.py): INFO: save_metrics Line: 383 -  kappa_score : 57.13
06/14/2024-10:34:45 AM: (files_management.py): INFO: save_metrics Line: 383 -  confusion_matrix :          0        1
0  80.5405  19.4595
1  23.4568  76.5432
06/14/2024-10:34:45 AM: (files_management.py): INFO: save_metrics Line: 383 -  training_time : 9.72
06/14/2024-10:34:45 AM: (files_management.py): INFO: save_metrics Line: 383 -  prediction_time : 0.59
06/14/2024-10:34:45 AM: (files_management.py): INFO: save_metrics Line: 372 - __________________ Fold 4 with AdaBoost_direct __________________
06/14/2024-10:34:45 AM: (files_management.py): INFO: save_metrics Line: 383 -  f1_score_macro : 78.17
06/14/2024-10:34:45 AM: (files_management.py): INFO: save_metrics Line: 383 -  f1_score_weighted : 79.63
06/14/2024-10:34:45 AM: (files_management.py): INFO: save_metrics Line: 383 -  f1_score_multiclass : 
[82.77 73.56]
06/14/2024-10:34:45 AM: (files_management.py): INFO: save_metrics Line: 383 -  accuracy_score : 79.14
06/14/2024-10:34:45 AM: (files_management.py): INFO: save_metrics Line: 383 -  precision_score_macro : 77.78
06/14/2024-10:34:45 AM: (files_management.py): INFO: save_metrics Line: 383 -  recall_score_macro : 80.56
06/14/2024-10:34:45 AM: (files_management.py): INFO: save_metrics Line: 383 -  roc_auc_score : 80.56
06/14/2024-10:34:45 AM: (files_management.py): INFO: save_metrics Line: 383 -  log_loss : 68.70
06/14/2024-10:34:45 AM: (files_management.py): INFO: save_metrics Line: 383 -  kappa_score : 56.84
06/14/2024-10:34:45 AM: (files_management.py): INFO: save_metrics Line: 383 -  confusion_matrix :          0        1
0  76.0714  23.9286
1  14.9425  85.0575
06/14/2024-10:34:45 AM: (files_management.py): INFO: save_metrics Line: 383 -  training_time : 8.60
06/14/2024-10:34:45 AM: (files_management.py): INFO: save_metrics Line: 383 -  prediction_time : 2.26
06/14/2024-10:34:45 AM: (files_management.py): INFO: save_metrics Line: 372 - __________________ Fold 5 with AdaBoost_direct __________________
06/14/2024-10:34:45 AM: (files_management.py): INFO: save_metrics Line: 383 -  f1_score_macro : 86.19
06/14/2024-10:34:45 AM: (files_management.py): INFO: save_metrics Line: 383 -  f1_score_weighted : 86.23
06/14/2024-10:34:45 AM: (files_management.py): INFO: save_metrics Line: 383 -  f1_score_multiclass : 
[85.41 86.97]
06/14/2024-10:34:45 AM: (files_management.py): INFO: save_metrics Line: 383 -  accuracy_score : 86.24
06/14/2024-10:34:45 AM: (files_management.py): INFO: save_metrics Line: 383 -  precision_score_macro : 86.26
06/14/2024-10:34:45 AM: (files_management.py): INFO: save_metrics Line: 383 -  recall_score_macro : 86.15
06/14/2024-10:34:45 AM: (files_management.py): INFO: save_metrics Line: 383 -  roc_auc_score : 86.15
06/14/2024-10:34:45 AM: (files_management.py): INFO: save_metrics Line: 383 -  log_loss : 68.45
06/14/2024-10:34:45 AM: (files_management.py): INFO: save_metrics Line: 383 -  kappa_score : 72.39
06/14/2024-10:34:45 AM: (files_management.py): INFO: save_metrics Line: 383 -  confusion_matrix :          0        1
0  84.2227  15.7773
1  11.9149  88.0851
06/14/2024-10:34:45 AM: (files_management.py): INFO: save_metrics Line: 383 -  training_time : 8.90
06/14/2024-10:34:45 AM: (files_management.py): INFO: save_metrics Line: 383 -  prediction_time : 1.63
06/14/2024-10:34:45 AM: (files_management.py): INFO: save_metrics Line: 372 - __________________ Fold 6 with AdaBoost_direct __________________
06/14/2024-10:34:45 AM: (files_management.py): INFO: save_metrics Line: 383 -  f1_score_macro : 74.09
06/14/2024-10:34:45 AM: (files_management.py): INFO: save_metrics Line: 383 -  f1_score_weighted : 75.35
06/14/2024-10:34:45 AM: (files_management.py): INFO: save_metrics Line: 383 -  f1_score_multiclass : 
[78.81 69.37]
06/14/2024-10:34:45 AM: (files_management.py): INFO: save_metrics Line: 383 -  accuracy_score : 74.95
06/14/2024-10:34:45 AM: (files_management.py): INFO: save_metrics Line: 383 -  precision_score_macro : 73.88
06/14/2024-10:34:45 AM: (files_management.py): INFO: save_metrics Line: 383 -  recall_score_macro : 75.48
06/14/2024-10:34:45 AM: (files_management.py): INFO: save_metrics Line: 383 -  roc_auc_score : 75.48
06/14/2024-10:34:45 AM: (files_management.py): INFO: save_metrics Line: 383 -  log_loss : 68.62
06/14/2024-10:34:45 AM: (files_management.py): INFO: save_metrics Line: 383 -  kappa_score : 48.57
06/14/2024-10:34:45 AM: (files_management.py): INFO: save_metrics Line: 383 -  confusion_matrix :          0        1
0  73.4921  26.5079
1  22.5275  77.4725
06/14/2024-10:34:45 AM: (files_management.py): INFO: save_metrics Line: 383 -  training_time : 9.25
06/14/2024-10:34:45 AM: (files_management.py): INFO: save_metrics Line: 383 -  prediction_time : 1.82
06/14/2024-10:34:45 AM: (files_management.py): INFO: save_metrics Line: 372 - __________________ Fold 7 with AdaBoost_direct __________________
06/14/2024-10:34:45 AM: (files_management.py): INFO: save_metrics Line: 383 -  f1_score_macro : 83.87
06/14/2024-10:34:45 AM: (files_management.py): INFO: save_metrics Line: 383 -  f1_score_weighted : 84.53
06/14/2024-10:34:45 AM: (files_management.py): INFO: save_metrics Line: 383 -  f1_score_multiclass : 
[87.18 80.56]
06/14/2024-10:34:45 AM: (files_management.py): INFO: save_metrics Line: 383 -  accuracy_score : 84.55
06/14/2024-10:34:45 AM: (files_management.py): INFO: save_metrics Line: 383 -  precision_score_macro : 83.96
06/14/2024-10:34:45 AM: (files_management.py): INFO: save_metrics Line: 383 -  recall_score_macro : 83.78
06/14/2024-10:34:45 AM: (files_management.py): INFO: save_metrics Line: 383 -  roc_auc_score : 83.78
06/14/2024-10:34:45 AM: (files_management.py): INFO: save_metrics Line: 383 -  log_loss : 68.64
06/14/2024-10:34:45 AM: (files_management.py): INFO: save_metrics Line: 383 -  kappa_score : 67.74
06/14/2024-10:34:45 AM: (files_management.py): INFO: save_metrics Line: 383 -  confusion_matrix :          0        1
0  87.6289  12.3711
1  20.0617  79.9383
06/14/2024-10:34:45 AM: (files_management.py): INFO: save_metrics Line: 383 -  training_time : 7.95
06/14/2024-10:34:45 AM: (files_management.py): INFO: save_metrics Line: 383 -  prediction_time : 1.56
06/14/2024-10:34:45 AM: (files_management.py): INFO: save_metrics Line: 372 - __________________ Fold 8 with AdaBoost_direct __________________
06/14/2024-10:34:45 AM: (files_management.py): INFO: save_metrics Line: 383 -  f1_score_macro : 81.27
06/14/2024-10:34:45 AM: (files_management.py): INFO: save_metrics Line: 383 -  f1_score_weighted : 81.67
06/14/2024-10:34:45 AM: (files_management.py): INFO: save_metrics Line: 383 -  f1_score_multiclass : 
[83.68 78.85]
06/14/2024-10:34:45 AM: (files_management.py): INFO: save_metrics Line: 383 -  accuracy_score : 81.58
06/14/2024-10:34:45 AM: (files_management.py): INFO: save_metrics Line: 383 -  precision_score_macro : 81.07
06/14/2024-10:34:45 AM: (files_management.py): INFO: save_metrics Line: 383 -  recall_score_macro : 81.73
06/14/2024-10:34:45 AM: (files_management.py): INFO: save_metrics Line: 383 -  roc_auc_score : 81.73
06/14/2024-10:34:45 AM: (files_management.py): INFO: save_metrics Line: 383 -  log_loss : 68.53
06/14/2024-10:34:45 AM: (files_management.py): INFO: save_metrics Line: 383 -  kappa_score : 62.59
06/14/2024-10:34:45 AM: (files_management.py): INFO: save_metrics Line: 383 -  confusion_matrix :          0        1
0  80.8323  19.1677
1  17.3759  82.6241
06/14/2024-10:34:45 AM: (files_management.py): INFO: save_metrics Line: 383 -  training_time : 7.73
06/14/2024-10:34:45 AM: (files_management.py): INFO: save_metrics Line: 383 -  prediction_time : 2.21
06/14/2024-10:34:45 AM: (files_management.py): INFO: save_metrics Line: 372 - __________________ Fold 9 with AdaBoost_direct __________________
06/14/2024-10:34:45 AM: (files_management.py): INFO: save_metrics Line: 383 -  f1_score_macro : 78.25
06/14/2024-10:34:45 AM: (files_management.py): INFO: save_metrics Line: 383 -  f1_score_weighted : 78.25
06/14/2024-10:34:45 AM: (files_management.py): INFO: save_metrics Line: 383 -  f1_score_multiclass : 
[78.37 78.14]
06/14/2024-10:34:45 AM: (files_management.py): INFO: save_metrics Line: 383 -  accuracy_score : 78.25
06/14/2024-10:34:45 AM: (files_management.py): INFO: save_metrics Line: 383 -  precision_score_macro : 78.53
06/14/2024-10:34:45 AM: (files_management.py): INFO: save_metrics Line: 383 -  recall_score_macro : 78.49
06/14/2024-10:34:45 AM: (files_management.py): INFO: save_metrics Line: 383 -  roc_auc_score : 78.49
06/14/2024-10:34:45 AM: (files_management.py): INFO: save_metrics Line: 383 -  log_loss : 68.67
06/14/2024-10:34:45 AM: (files_management.py): INFO: save_metrics Line: 383 -  kappa_score : 56.65
06/14/2024-10:34:45 AM: (files_management.py): INFO: save_metrics Line: 383 -  confusion_matrix :          0        1
0  83.0827  16.9173
1  26.1017  73.8983
06/14/2024-10:34:45 AM: (files_management.py): INFO: save_metrics Line: 383 -  training_time : 8.11
06/14/2024-10:34:45 AM: (files_management.py): INFO: save_metrics Line: 383 -  prediction_time : 1.11
06/14/2024-10:34:45 AM: (files_management.py): INFO: save_metrics Line: 372 - __________________ Fold 10 with AdaBoost_direct __________________
06/14/2024-10:34:45 AM: (files_management.py): INFO: save_metrics Line: 383 -  f1_score_macro : 78.48
06/14/2024-10:34:45 AM: (files_management.py): INFO: save_metrics Line: 383 -  f1_score_weighted : 78.94
06/14/2024-10:34:45 AM: (files_management.py): INFO: save_metrics Line: 383 -  f1_score_multiclass : 
[76.32 80.65]
06/14/2024-10:34:45 AM: (files_management.py): INFO: save_metrics Line: 383 -  accuracy_score : 78.70
06/14/2024-10:34:45 AM: (files_management.py): INFO: save_metrics Line: 383 -  precision_score_macro : 78.83
06/14/2024-10:34:45 AM: (files_management.py): INFO: save_metrics Line: 383 -  recall_score_macro : 80.19
06/14/2024-10:34:45 AM: (files_management.py): INFO: save_metrics Line: 383 -  roc_auc_score : 80.19
06/14/2024-10:34:45 AM: (files_management.py): INFO: save_metrics Line: 383 -  log_loss : 68.50
06/14/2024-10:34:45 AM: (files_management.py): INFO: save_metrics Line: 383 -  kappa_score : 57.50
06/14/2024-10:34:45 AM: (files_management.py): INFO: save_metrics Line: 383 -  confusion_matrix :          0        1
0  87.2180  12.7820
1  26.8293  73.1707
06/14/2024-10:34:45 AM: (files_management.py): INFO: save_metrics Line: 383 -  training_time : 8.24
06/14/2024-10:34:45 AM: (files_management.py): INFO: save_metrics Line: 383 -  prediction_time : 0.67
06/14/2024-10:34:45 AM: (files_management.py): INFO: save_metrics Line: 372 - __________________ Fold 11 with AdaBoost_direct __________________
06/14/2024-10:34:45 AM: (files_management.py): INFO: save_metrics Line: 383 -  f1_score_macro : 71.56
06/14/2024-10:34:45 AM: (files_management.py): INFO: save_metrics Line: 383 -  f1_score_weighted : 71.66
06/14/2024-10:34:45 AM: (files_management.py): INFO: save_metrics Line: 383 -  f1_score_multiclass : 
[72.28 70.83]
06/14/2024-10:34:45 AM: (files_management.py): INFO: save_metrics Line: 383 -  accuracy_score : 71.57
06/14/2024-10:34:45 AM: (files_management.py): INFO: save_metrics Line: 383 -  precision_score_macro : 72.49
06/14/2024-10:34:45 AM: (files_management.py): INFO: save_metrics Line: 383 -  recall_score_macro : 72.78
06/14/2024-10:34:45 AM: (files_management.py): INFO: save_metrics Line: 383 -  roc_auc_score : 72.78
06/14/2024-10:34:45 AM: (files_management.py): INFO: save_metrics Line: 383 -  log_loss : 68.84
06/14/2024-10:34:45 AM: (files_management.py): INFO: save_metrics Line: 383 -  kappa_score : 43.94
06/14/2024-10:34:45 AM: (files_management.py): INFO: save_metrics Line: 383 -  confusion_matrix :          0        1
0  64.6018  35.3982
1  19.0476  80.9524
06/14/2024-10:34:45 AM: (files_management.py): INFO: save_metrics Line: 383 -  training_time : 8.58
06/14/2024-10:34:45 AM: (files_management.py): INFO: save_metrics Line: 383 -  prediction_time : 0.41
06/14/2024-10:34:45 AM: (files_management.py): INFO: save_metrics Line: 372 - __________________ Fold 12 with AdaBoost_direct __________________
06/14/2024-10:34:45 AM: (files_management.py): INFO: save_metrics Line: 383 -  f1_score_macro : 75.48
06/14/2024-10:34:45 AM: (files_management.py): INFO: save_metrics Line: 383 -  f1_score_weighted : 80.76
06/14/2024-10:34:45 AM: (files_management.py): INFO: save_metrics Line: 383 -  f1_score_multiclass : 
[85.5  65.45]
06/14/2024-10:34:45 AM: (files_management.py): INFO: save_metrics Line: 383 -  accuracy_score : 79.57
06/14/2024-10:34:45 AM: (files_management.py): INFO: save_metrics Line: 383 -  precision_score_macro : 73.94
06/14/2024-10:34:45 AM: (files_management.py): INFO: save_metrics Line: 383 -  recall_score_macro : 80.35
06/14/2024-10:34:45 AM: (files_management.py): INFO: save_metrics Line: 383 -  roc_auc_score : 80.35
06/14/2024-10:34:45 AM: (files_management.py): INFO: save_metrics Line: 383 -  log_loss : 68.88
06/14/2024-10:34:45 AM: (files_management.py): INFO: save_metrics Line: 383 -  kappa_score : 51.76
06/14/2024-10:34:45 AM: (files_management.py): INFO: save_metrics Line: 383 -  confusion_matrix :          0        1
0  78.8732  21.1268
1  18.1818  81.8182
06/14/2024-10:34:45 AM: (files_management.py): INFO: save_metrics Line: 383 -  training_time : 8.06
06/14/2024-10:34:45 AM: (files_management.py): INFO: save_metrics Line: 383 -  prediction_time : 0.23
