06/14/2024-10:31:02 AM: (files_management.py): INFO: init_logger Line: 280 - Started
06/14/2024-10:34:49 : (files_management.py): INFO: report_metric_from_log Line: 140 - ================== Final report ==================
06/14/2024-10:34:49 : (files_management.py): INFO: report_metric_from_log Line: 142 - __________________ Model : KNN_direct __________________
06/14/2024-10:34:49 : (files_management.py): INFO: report_metric_from_log Line: 150 - f1_score_weighted : 80.66153846153846 +/- 4.5511314673535965
06/14/2024-10:34:49 : (files_management.py): INFO: report_metric_from_log Line: 150 - accuracy_score : 80.51846153846154 +/- 4.6139785037574805
06/14/2024-10:34:49 : (files_management.py): INFO: report_metric_from_log Line: 150 - recall_score_macro : 80.11384615384615 +/- 4.862524729557902
06/14/2024-10:34:49 : (files_management.py): INFO: report_metric_from_log Line: 150 - kappa_score : 58.98692307692307 +/- 10.271233454964918
06/14/2024-10:34:49 : (files_management.py): INFO: report_metric_from_log Line: 156 - confusion_matrix :
           0          1
0  82.782923  17.217077
1  22.555623  77.444377
06/14/2024-10:34:49 : (files_management.py): INFO: report_metric_from_log Line: 142 - __________________ Model : RandomForest_direct __________________
06/14/2024-10:34:49 : (files_management.py): INFO: report_metric_from_log Line: 150 - f1_score_weighted : 81.48538461538462 +/- 4.77685544359405
06/14/2024-10:34:49 : (files_management.py): INFO: report_metric_from_log Line: 150 - accuracy_score : 81.24846153846154 +/- 4.8300053291161005
06/14/2024-10:34:49 : (files_management.py): INFO: report_metric_from_log Line: 150 - recall_score_macro : 81.75538461538461 +/- 4.487474217426884
06/14/2024-10:34:49 : (files_management.py): INFO: report_metric_from_log Line: 150 - kappa_score : 61.25846153846154 +/- 9.693514760001497
06/14/2024-10:34:49 : (files_management.py): INFO: report_metric_from_log Line: 156 - confusion_matrix :
           0          1
0  80.550354  19.449646
1  17.039462  82.960538
06/14/2024-10:34:49 : (files_management.py): INFO: report_metric_from_log Line: 142 - __________________ Model : MLP_direct __________________
06/14/2024-10:34:49 : (files_management.py): INFO: report_metric_from_log Line: 150 - f1_score_weighted : 78.50923076923077 +/- 3.5275148400461163
06/14/2024-10:34:49 : (files_management.py): INFO: report_metric_from_log Line: 150 - accuracy_score : 78.28692307692307 +/- 3.537457549873887
06/14/2024-10:34:49 : (files_management.py): INFO: report_metric_from_log Line: 150 - recall_score_macro : 78.32923076923076 +/- 3.390383371874633
06/14/2024-10:34:49 : (files_management.py): INFO: report_metric_from_log Line: 150 - kappa_score : 54.87692307692308 +/- 7.036316108497275
06/14/2024-10:34:49 : (files_management.py): INFO: report_metric_from_log Line: 156 - confusion_matrix :
           0          1
0  78.549277  21.450723
1  21.891762  78.108238
06/14/2024-10:34:49 : (files_management.py): INFO: report_metric_from_log Line: 142 - __________________ Model : SVMrbf_direct __________________
06/14/2024-10:34:49 : (files_management.py): ERROR: report_metric_from_log Line: 160 - No results found for model SVMrbf_direct. Skipping metrics.
06/14/2024-10:34:49 : (files_management.py): INFO: report_metric_from_log Line: 142 - __________________ Model : LogisticR_direct __________________
06/14/2024-10:34:49 : (files_management.py): INFO: report_metric_from_log Line: 150 - f1_score_weighted : 80.89846153846155 +/- 4.853331680646489
06/14/2024-10:34:49 : (files_management.py): INFO: report_metric_from_log Line: 150 - accuracy_score : 80.74076923076925 +/- 4.855462366541358
06/14/2024-10:34:49 : (files_management.py): INFO: report_metric_from_log Line: 150 - recall_score_macro : 80.63230769230769 +/- 4.574560346838142
06/14/2024-10:34:49 : (files_management.py): INFO: report_metric_from_log Line: 150 - kappa_score : 59.76 +/- 9.522174929322366
06/14/2024-10:34:49 : (files_management.py): INFO: report_metric_from_log Line: 156 - confusion_matrix :
           0          1
0  81.984100  18.015900
1  20.720415  79.279585
06/14/2024-10:34:49 : (files_management.py): INFO: report_metric_from_log Line: 142 - __________________ Model : AdaBoost_direct __________________
06/14/2024-10:34:49 : (files_management.py): INFO: report_metric_from_log Line: 150 - f1_score_weighted : 80.33846153846154 +/- 3.8450284507376855
06/14/2024-10:34:49 : (files_management.py): INFO: report_metric_from_log Line: 150 - accuracy_score : 80.12615384615385 +/- 3.8957364040932654
06/14/2024-10:34:49 : (files_management.py): INFO: report_metric_from_log Line: 150 - recall_score_macro : 80.29076923076923 +/- 3.42063975468931
06/14/2024-10:34:49 : (files_management.py): INFO: report_metric_from_log Line: 150 - kappa_score : 58.74076923076924 +/- 7.581509349969084
06/14/2024-10:34:49 : (files_management.py): INFO: report_metric_from_log Line: 156 - confusion_matrix :
           0          1
0  81.021746  18.978254
1  20.438338  79.561662
06/14/2024-10:34:49 : (files_management.py): INFO: report_metric_from_log Line: 165 - ================== End report ==================
