07/02/2024-01:50:56 PM: (files_management.py): INFO: init_logger Line: 297 - Started
07/02/2024-01:50:56 PM: (learning_models.py): INFO: predict_dataset Line: 54 - ================== Fitting model LogisticR_direct ==================
07/02/2024-01:51:14 PM: (files_management.py): INFO: save_metrics Line: 395 - __________________ Fold 0 with LogisticR_direct __________________
07/02/2024-01:51:14 PM: (files_management.py): INFO: save_metrics Line: 406 -  f1_score_macro : 79.55
07/02/2024-01:51:14 PM: (files_management.py): INFO: save_metrics Line: 406 -  f1_score_weighted : 80.18
07/02/2024-01:51:14 PM: (files_management.py): INFO: save_metrics Line: 406 -  f1_score_multiclass : 
[83.59 75.51]
07/02/2024-01:51:14 PM: (files_management.py): INFO: save_metrics Line: 406 -  accuracy_score : 80.35
07/02/2024-01:51:14 PM: (files_management.py): INFO: save_metrics Line: 406 -  precision_score_macro : 80.21
07/02/2024-01:51:14 PM: (files_management.py): INFO: save_metrics Line: 406 -  recall_score_macro : 79.19
07/02/2024-01:51:14 PM: (files_management.py): INFO: save_metrics Line: 406 -  roc_auc_score : 79.19
07/02/2024-01:51:14 PM: (files_management.py): INFO: save_metrics Line: 406 -  log_loss : 43.31
07/02/2024-01:51:14 PM: (files_management.py): INFO: save_metrics Line: 406 -  kappa_score : 59.17
07/02/2024-01:51:14 PM: (files_management.py): INFO: save_metrics Line: 406 -  confusion_matrix :          0        1
0  86.5911  13.4089
1  28.2018  71.7982
07/02/2024-01:51:14 PM: (files_management.py): INFO: save_metrics Line: 406 -  training_time : 12.46
07/02/2024-01:51:14 PM: (files_management.py): INFO: save_metrics Line: 406 -  prediction_time : 2.74
07/02/2024-01:51:14 PM: (files_management.py): INFO: save_metrics Line: 395 - __________________ Fold 1 with LogisticR_direct __________________
07/02/2024-01:51:14 PM: (files_management.py): INFO: save_metrics Line: 406 -  f1_score_macro : 77.75
07/02/2024-01:51:14 PM: (files_management.py): INFO: save_metrics Line: 406 -  f1_score_weighted : 78.00
07/02/2024-01:51:14 PM: (files_management.py): INFO: save_metrics Line: 406 -  f1_score_multiclass : 
[80.65 74.85]
07/02/2024-01:51:14 PM: (files_management.py): INFO: save_metrics Line: 406 -  accuracy_score : 78.13
07/02/2024-01:51:14 PM: (files_management.py): INFO: save_metrics Line: 406 -  precision_score_macro : 78.23
07/02/2024-01:51:14 PM: (files_management.py): INFO: save_metrics Line: 406 -  recall_score_macro : 77.58
07/02/2024-01:51:14 PM: (files_management.py): INFO: save_metrics Line: 406 -  roc_auc_score : 77.58
07/02/2024-01:51:14 PM: (files_management.py): INFO: save_metrics Line: 406 -  log_loss : 48.85
07/02/2024-01:51:14 PM: (files_management.py): INFO: save_metrics Line: 406 -  kappa_score : 55.59
07/02/2024-01:51:14 PM: (files_management.py): INFO: save_metrics Line: 406 -  confusion_matrix :          0        1
0  83.8678  16.1322
1  28.7037  71.2963
07/02/2024-01:51:14 PM: (files_management.py): INFO: save_metrics Line: 406 -  training_time : 12.67
07/02/2024-01:51:14 PM: (files_management.py): INFO: save_metrics Line: 406 -  prediction_time : 2.87
07/02/2024-01:51:14 PM: (files_management.py): INFO: save_metrics Line: 395 - __________________ Fold 2 with LogisticR_direct __________________
07/02/2024-01:51:14 PM: (files_management.py): INFO: save_metrics Line: 406 -  f1_score_macro : 81.43
07/02/2024-01:51:14 PM: (files_management.py): INFO: save_metrics Line: 406 -  f1_score_weighted : 81.43
07/02/2024-01:51:14 PM: (files_management.py): INFO: save_metrics Line: 406 -  f1_score_multiclass : 
[82.57 80.3 ]
07/02/2024-01:51:14 PM: (files_management.py): INFO: save_metrics Line: 406 -  accuracy_score : 81.50
07/02/2024-01:51:14 PM: (files_management.py): INFO: save_metrics Line: 406 -  precision_score_macro : 82.06
07/02/2024-01:51:14 PM: (files_management.py): INFO: save_metrics Line: 406 -  recall_score_macro : 81.54
07/02/2024-01:51:14 PM: (files_management.py): INFO: save_metrics Line: 406 -  roc_auc_score : 81.54
07/02/2024-01:51:14 PM: (files_management.py): INFO: save_metrics Line: 406 -  log_loss : 41.38
07/02/2024-01:51:14 PM: (files_management.py): INFO: save_metrics Line: 406 -  kappa_score : 63.03
07/02/2024-01:51:14 PM: (files_management.py): INFO: save_metrics Line: 406 -  confusion_matrix :          0        1
0  88.1029  11.8971
1  25.0265  74.9735
07/02/2024-01:51:14 PM: (files_management.py): INFO: save_metrics Line: 406 -  training_time : 12.15
07/02/2024-01:51:14 PM: (files_management.py): INFO: save_metrics Line: 406 -  prediction_time : 2.50
07/02/2024-01:51:14 PM: (files_management.py): INFO: save_metrics Line: 395 - __________________ Fold 3 with LogisticR_direct __________________
07/02/2024-01:51:14 PM: (files_management.py): INFO: save_metrics Line: 406 -  f1_score_macro : 79.01
07/02/2024-01:51:14 PM: (files_management.py): INFO: save_metrics Line: 406 -  f1_score_weighted : 79.13
07/02/2024-01:51:14 PM: (files_management.py): INFO: save_metrics Line: 406 -  f1_score_multiclass : 
[81.55 76.46]
07/02/2024-01:51:14 PM: (files_management.py): INFO: save_metrics Line: 406 -  accuracy_score : 79.32
07/02/2024-01:51:14 PM: (files_management.py): INFO: save_metrics Line: 406 -  precision_score_macro : 80.01
07/02/2024-01:51:14 PM: (files_management.py): INFO: save_metrics Line: 406 -  recall_score_macro : 78.92
07/02/2024-01:51:14 PM: (files_management.py): INFO: save_metrics Line: 406 -  roc_auc_score : 78.92
07/02/2024-01:51:14 PM: (files_management.py): INFO: save_metrics Line: 406 -  log_loss : 45.50
07/02/2024-01:51:14 PM: (files_management.py): INFO: save_metrics Line: 406 -  kappa_score : 58.25
07/02/2024-01:51:14 PM: (files_management.py): INFO: save_metrics Line: 406 -  confusion_matrix :          0        1
0  87.3621  12.6379
1  29.5154  70.4846
07/02/2024-01:51:14 PM: (files_management.py): INFO: save_metrics Line: 406 -  training_time : 12.97
07/02/2024-01:51:14 PM: (files_management.py): INFO: save_metrics Line: 406 -  prediction_time : 2.88
07/02/2024-01:51:14 PM: (files_management.py): INFO: save_metrics Line: 395 - __________________ Fold 4 with LogisticR_direct __________________
07/02/2024-01:51:14 PM: (files_management.py): INFO: save_metrics Line: 406 -  f1_score_macro : 81.74
07/02/2024-01:51:14 PM: (files_management.py): INFO: save_metrics Line: 406 -  f1_score_weighted : 82.51
07/02/2024-01:51:14 PM: (files_management.py): INFO: save_metrics Line: 406 -  f1_score_multiclass : 
[85.78 77.7 ]
07/02/2024-01:51:14 PM: (files_management.py): INFO: save_metrics Line: 406 -  accuracy_score : 82.63
07/02/2024-01:51:14 PM: (files_management.py): INFO: save_metrics Line: 406 -  precision_score_macro : 82.26
07/02/2024-01:51:14 PM: (files_management.py): INFO: save_metrics Line: 406 -  recall_score_macro : 81.38
07/02/2024-01:51:14 PM: (files_management.py): INFO: save_metrics Line: 406 -  roc_auc_score : 81.38
07/02/2024-01:51:14 PM: (files_management.py): INFO: save_metrics Line: 406 -  log_loss : 40.31
07/02/2024-01:51:14 PM: (files_management.py): INFO: save_metrics Line: 406 -  kappa_score : 63.51
07/02/2024-01:51:14 PM: (files_management.py): INFO: save_metrics Line: 406 -  confusion_matrix :          0        1
0  87.9048  12.0952
1  25.1404  74.8596
07/02/2024-01:51:14 PM: (files_management.py): INFO: save_metrics Line: 406 -  training_time : 13.04
07/02/2024-01:51:14 PM: (files_management.py): INFO: save_metrics Line: 406 -  prediction_time : 2.68
07/02/2024-01:51:14 PM: (files_management.py): INFO: save_metrics Line: 395 - __________________ Fold 5 with LogisticR_direct __________________
07/02/2024-01:51:14 PM: (files_management.py): INFO: save_metrics Line: 406 -  f1_score_macro : 79.33
07/02/2024-01:51:14 PM: (files_management.py): INFO: save_metrics Line: 406 -  f1_score_weighted : 80.81
07/02/2024-01:51:14 PM: (files_management.py): INFO: save_metrics Line: 406 -  f1_score_multiclass : 
[85.5  73.17]
07/02/2024-01:51:14 PM: (files_management.py): INFO: save_metrics Line: 406 -  accuracy_score : 81.17
07/02/2024-01:51:14 PM: (files_management.py): INFO: save_metrics Line: 406 -  precision_score_macro : 80.80
07/02/2024-01:51:14 PM: (files_management.py): INFO: save_metrics Line: 406 -  recall_score_macro : 78.54
07/02/2024-01:51:14 PM: (files_management.py): INFO: save_metrics Line: 406 -  roc_auc_score : 78.54
07/02/2024-01:51:14 PM: (files_management.py): INFO: save_metrics Line: 406 -  log_loss : 42.79
07/02/2024-01:51:14 PM: (files_management.py): INFO: save_metrics Line: 406 -  kappa_score : 58.82
07/02/2024-01:51:14 PM: (files_management.py): INFO: save_metrics Line: 406 -  confusion_matrix :          0        1
0  89.4969  10.5031
1  32.4207  67.5793
07/02/2024-01:51:14 PM: (files_management.py): INFO: save_metrics Line: 406 -  training_time : 12.83
07/02/2024-01:51:14 PM: (files_management.py): INFO: save_metrics Line: 406 -  prediction_time : 2.73
07/02/2024-01:51:14 PM: (files_management.py): INFO: save_metrics Line: 395 - __________________ Fold 6 with LogisticR_direct __________________
07/02/2024-01:51:14 PM: (files_management.py): INFO: save_metrics Line: 406 -  f1_score_macro : 80.55
07/02/2024-01:51:14 PM: (files_management.py): INFO: save_metrics Line: 406 -  f1_score_weighted : 81.40
07/02/2024-01:51:14 PM: (files_management.py): INFO: save_metrics Line: 406 -  f1_score_multiclass : 
[84.67 76.43]
07/02/2024-01:51:14 PM: (files_management.py): INFO: save_metrics Line: 406 -  accuracy_score : 81.43
07/02/2024-01:51:14 PM: (files_management.py): INFO: save_metrics Line: 406 -  precision_score_macro : 80.65
07/02/2024-01:51:14 PM: (files_management.py): INFO: save_metrics Line: 406 -  recall_score_macro : 80.46
07/02/2024-01:51:14 PM: (files_management.py): INFO: save_metrics Line: 406 -  roc_auc_score : 80.46
07/02/2024-01:51:14 PM: (files_management.py): INFO: save_metrics Line: 406 -  log_loss : 40.20
07/02/2024-01:51:14 PM: (files_management.py): INFO: save_metrics Line: 406 -  kappa_score : 61.11
07/02/2024-01:51:14 PM: (files_management.py): INFO: save_metrics Line: 406 -  confusion_matrix :          0        1
0  85.1718  14.8282
1  24.2466  75.7534
07/02/2024-01:51:14 PM: (files_management.py): INFO: save_metrics Line: 406 -  training_time : 12.71
07/02/2024-01:51:14 PM: (files_management.py): INFO: save_metrics Line: 406 -  prediction_time : 2.70
