07/02/2024-01:57:34 PM: (files_management.py): INFO: init_logger Line: 297 - Started
07/02/2024-01:57:36 : (files_management.py): INFO: report_metric_from_log Line: 150 - ================== Final report ==================
07/02/2024-01:57:36 : (files_management.py): INFO: report_metric_from_log Line: 152 - __________________ Model : KNN_direct __________________
07/02/2024-01:57:36 : (files_management.py): INFO: report_metric_from_log Line: 160 - f1_score_macro : 79.17571428571429 +/- 1.213823441419209
07/02/2024-01:57:36 : (files_management.py): INFO: report_metric_from_log Line: 160 - f1_score_weighted : 79.81142857142858 +/- 1.3379881333173158
07/02/2024-01:57:36 : (files_management.py): INFO: report_metric_from_log Line: 163 - f1_score_multiclass : [83.09428571 75.25857143]
07/02/2024-01:57:36 : (files_management.py): INFO: report_metric_from_log Line: 160 - accuracy_score : 80.01714285714286 +/- 1.2950754449696207
07/02/2024-01:57:36 : (files_management.py): INFO: report_metric_from_log Line: 160 - precision_score_macro : 80.08571428571429 +/- 1.0269491174327567
07/02/2024-01:57:36 : (files_management.py): INFO: report_metric_from_log Line: 160 - recall_score_macro : 78.88428571428572 +/- 1.262286555001979
07/02/2024-01:57:36 : (files_management.py): INFO: report_metric_from_log Line: 160 - roc_auc_score : 78.88428571428572 +/- 1.262286555001979
07/02/2024-01:57:36 : (files_management.py): INFO: report_metric_from_log Line: 160 - log_loss : 60.91714285714287 +/- 9.62525356146263
07/02/2024-01:57:36 : (files_management.py): INFO: report_metric_from_log Line: 160 - kappa_score : 58.511428571428574 +/- 2.363565276510578
07/02/2024-01:57:36 : (files_management.py): INFO: report_metric_from_log Line: 166 - confusion_matrix :
           0          1
0  87.289243  12.710757
1  29.521443  70.478557
07/02/2024-01:57:36 : (files_management.py): INFO: report_metric_from_log Line: 152 - __________________ Model : LogisticR_direct __________________
07/02/2024-01:57:36 : (files_management.py): INFO: report_metric_from_log Line: 160 - f1_score_macro : 79.93000000000002 +/- 1.3893369436019263
07/02/2024-01:57:36 : (files_management.py): INFO: report_metric_from_log Line: 160 - f1_score_weighted : 80.51714285714286 +/- 1.4590575655510771
07/02/2024-01:57:36 : (files_management.py): INFO: report_metric_from_log Line: 163 - f1_score_multiclass : [83.49857143 76.36571429]
07/02/2024-01:57:36 : (files_management.py): INFO: report_metric_from_log Line: 160 - accuracy_score : 80.66999999999999 +/- 1.4300049949962734
07/02/2024-01:57:36 : (files_management.py): INFO: report_metric_from_log Line: 160 - precision_score_macro : 80.61999999999999 +/- 1.2869232411342304
07/02/2024-01:57:36 : (files_management.py): INFO: report_metric_from_log Line: 160 - recall_score_macro : 79.6842857142857 +/- 1.48179290188664
07/02/2024-01:57:36 : (files_management.py): INFO: report_metric_from_log Line: 160 - roc_auc_score : 79.6842857142857 +/- 1.48179290188664
07/02/2024-01:57:36 : (files_management.py): INFO: report_metric_from_log Line: 160 - log_loss : 43.19571428571429 +/- 2.8765051073573753
07/02/2024-01:57:36 : (files_management.py): INFO: report_metric_from_log Line: 160 - kappa_score : 59.970000000000006 +/- 2.752853065457728
07/02/2024-01:57:36 : (files_management.py): INFO: report_metric_from_log Line: 166 - confusion_matrix :
           0          1
0  86.946586  13.053414
1  27.575914  72.424086
07/02/2024-01:57:36 : (files_management.py): INFO: report_metric_from_log Line: 152 - __________________ Model : AdaBoost_direct __________________
07/02/2024-01:57:36 : (files_management.py): INFO: report_metric_from_log Line: 160 - f1_score_macro : 79.02 +/- 1.854284613691068
07/02/2024-01:57:36 : (files_management.py): INFO: report_metric_from_log Line: 160 - f1_score_weighted : 79.58 +/- 2.007934261872138
07/02/2024-01:57:36 : (files_management.py): INFO: report_metric_from_log Line: 163 - f1_score_multiclass : [82.50142857 75.53857143]
07/02/2024-01:57:36 : (files_management.py): INFO: report_metric_from_log Line: 160 - accuracy_score : 79.69000000000001 +/- 1.96094729294652
07/02/2024-01:57:36 : (files_management.py): INFO: report_metric_from_log Line: 160 - precision_score_macro : 79.47857142857143 +/- 1.7059344198702224
07/02/2024-01:57:36 : (files_management.py): INFO: report_metric_from_log Line: 160 - recall_score_macro : 78.88857142857144 +/- 1.9033311292980781
07/02/2024-01:57:36 : (files_management.py): INFO: report_metric_from_log Line: 160 - roc_auc_score : 78.88857142857144 +/- 1.9033311292980781
07/02/2024-01:57:36 : (files_management.py): INFO: report_metric_from_log Line: 160 - log_loss : 68.67142857142856 +/- 0.03562846832382738
07/02/2024-01:57:36 : (files_management.py): INFO: report_metric_from_log Line: 160 - kappa_score : 58.12714285714286 +/- 3.658784787665024
07/02/2024-01:57:36 : (files_management.py): INFO: report_metric_from_log Line: 166 - confusion_matrix :
           0          1
0  85.139000  14.861000
1  27.359629  72.640371
07/02/2024-01:57:36 : (files_management.py): INFO: report_metric_from_log Line: 175 - ================== End report ==================
