06/14/2024-10:33:16 AM: (files_management.py): INFO: init_logger Line: 280 - Started
06/14/2024-10:33:16 AM: (learning_models.py): INFO: predict_dataset Line: 72 - ================== Fitting model RandomForest_direct ==================
06/14/2024-10:33:52 AM: (files_management.py): INFO: save_metrics Line: 372 - __________________ Fold 0 with RandomForest_direct __________________
06/14/2024-10:33:52 AM: (files_management.py): INFO: save_metrics Line: 383 -  f1_score_macro : 86.45
06/14/2024-10:33:52 AM: (files_management.py): INFO: save_metrics Line: 383 -  f1_score_weighted : 87.46
06/14/2024-10:33:52 AM: (files_management.py): INFO: save_metrics Line: 383 -  f1_score_multiclass : 
[89.8 83.1]
06/14/2024-10:33:52 AM: (files_management.py): INFO: save_metrics Line: 383 -  accuracy_score : 87.28
06/14/2024-10:33:52 AM: (files_management.py): INFO: save_metrics Line: 383 -  precision_score_macro : 85.72
06/14/2024-10:33:52 AM: (files_management.py): INFO: save_metrics Line: 383 -  recall_score_macro : 87.75
06/14/2024-10:33:52 AM: (files_management.py): INFO: save_metrics Line: 383 -  roc_auc_score : 87.75
06/14/2024-10:33:52 AM: (files_management.py): INFO: save_metrics Line: 383 -  log_loss : 30.63
06/14/2024-10:33:52 AM: (files_management.py): INFO: save_metrics Line: 383 -  kappa_score : 72.98
06/14/2024-10:33:52 AM: (files_management.py): INFO: save_metrics Line: 383 -  confusion_matrix :          0        1
0  86.1759  13.8241
1  10.6667  89.3333
06/14/2024-10:33:52 AM: (files_management.py): INFO: save_metrics Line: 383 -  training_time : 15.58
06/14/2024-10:33:52 AM: (files_management.py): INFO: save_metrics Line: 383 -  prediction_time : 1.53
06/14/2024-10:33:52 AM: (files_management.py): INFO: save_metrics Line: 372 - __________________ Fold 1 with RandomForest_direct __________________
06/14/2024-10:33:52 AM: (files_management.py): INFO: save_metrics Line: 383 -  f1_score_macro : 81.62
06/14/2024-10:33:52 AM: (files_management.py): INFO: save_metrics Line: 383 -  f1_score_weighted : 82.34
06/14/2024-10:33:52 AM: (files_management.py): INFO: save_metrics Line: 383 -  f1_score_multiclass : 
[85.33 77.91]
06/14/2024-10:33:52 AM: (files_management.py): INFO: save_metrics Line: 383 -  accuracy_score : 82.37
06/14/2024-10:33:52 AM: (files_management.py): INFO: save_metrics Line: 383 -  precision_score_macro : 81.76
06/14/2024-10:33:52 AM: (files_management.py): INFO: save_metrics Line: 383 -  recall_score_macro : 81.50
06/14/2024-10:33:52 AM: (files_management.py): INFO: save_metrics Line: 383 -  roc_auc_score : 81.50
06/14/2024-10:33:52 AM: (files_management.py): INFO: save_metrics Line: 383 -  log_loss : 39.96
06/14/2024-10:33:52 AM: (files_management.py): INFO: save_metrics Line: 383 -  kappa_score : 63.25
06/14/2024-10:33:52 AM: (files_management.py): INFO: save_metrics Line: 383 -  confusion_matrix :          0        1
0  86.0215  13.9785
1  23.0159  76.9841
06/14/2024-10:33:52 AM: (files_management.py): INFO: save_metrics Line: 383 -  training_time : 16.73
06/14/2024-10:33:52 AM: (files_management.py): INFO: save_metrics Line: 383 -  prediction_time : 0.56
06/14/2024-10:33:52 AM: (files_management.py): INFO: save_metrics Line: 372 - __________________ Fold 2 with RandomForest_direct __________________
06/14/2024-10:33:52 AM: (files_management.py): INFO: save_metrics Line: 383 -  f1_score_macro : 80.29
06/14/2024-10:33:52 AM: (files_management.py): INFO: save_metrics Line: 383 -  f1_score_weighted : 82.67
06/14/2024-10:33:52 AM: (files_management.py): INFO: save_metrics Line: 383 -  f1_score_multiclass : 
[86.71 73.87]
06/14/2024-10:33:52 AM: (files_management.py): INFO: save_metrics Line: 383 -  accuracy_score : 82.38
06/14/2024-10:33:52 AM: (files_management.py): INFO: save_metrics Line: 383 -  precision_score_macro : 79.50
06/14/2024-10:33:52 AM: (files_management.py): INFO: save_metrics Line: 383 -  recall_score_macro : 81.51
06/14/2024-10:33:52 AM: (files_management.py): INFO: save_metrics Line: 383 -  roc_auc_score : 81.51
06/14/2024-10:33:52 AM: (files_management.py): INFO: save_metrics Line: 383 -  log_loss : 38.43
06/14/2024-10:33:52 AM: (files_management.py): INFO: save_metrics Line: 383 -  kappa_score : 60.67
06/14/2024-10:33:52 AM: (files_management.py): INFO: save_metrics Line: 383 -  confusion_matrix :          0        1
0  83.8493  16.1507
1  20.8211  79.1789
06/14/2024-10:33:52 AM: (files_management.py): INFO: save_metrics Line: 383 -  training_time : 16.06
06/14/2024-10:33:52 AM: (files_management.py): INFO: save_metrics Line: 383 -  prediction_time : 1.66
06/14/2024-10:33:52 AM: (files_management.py): INFO: save_metrics Line: 372 - __________________ Fold 3 with RandomForest_direct __________________
06/14/2024-10:33:52 AM: (files_management.py): INFO: save_metrics Line: 383 -  f1_score_macro : 77.14
06/14/2024-10:33:52 AM: (files_management.py): INFO: save_metrics Line: 383 -  f1_score_weighted : 77.24
06/14/2024-10:33:52 AM: (files_management.py): INFO: save_metrics Line: 383 -  f1_score_multiclass : 
[78.59 75.69]
06/14/2024-10:33:52 AM: (files_management.py): INFO: save_metrics Line: 383 -  accuracy_score : 77.23
06/14/2024-10:33:52 AM: (files_management.py): INFO: save_metrics Line: 383 -  precision_score_macro : 77.13
06/14/2024-10:33:52 AM: (files_management.py): INFO: save_metrics Line: 383 -  recall_score_macro : 77.15
06/14/2024-10:33:52 AM: (files_management.py): INFO: save_metrics Line: 383 -  roc_auc_score : 77.15
06/14/2024-10:33:52 AM: (files_management.py): INFO: save_metrics Line: 383 -  log_loss : 45.97
06/14/2024-10:33:52 AM: (files_management.py): INFO: save_metrics Line: 383 -  kappa_score : 54.28
06/14/2024-10:33:52 AM: (files_management.py): INFO: save_metrics Line: 383 -  confusion_matrix :          0        1
0  78.3784  21.6216
1  24.0741  75.9259
06/14/2024-10:33:52 AM: (files_management.py): INFO: save_metrics Line: 383 -  training_time : 17.11
06/14/2024-10:33:52 AM: (files_management.py): INFO: save_metrics Line: 383 -  prediction_time : 0.67
06/14/2024-10:33:52 AM: (files_management.py): INFO: save_metrics Line: 372 - __________________ Fold 4 with RandomForest_direct __________________
06/14/2024-10:33:52 AM: (files_management.py): INFO: save_metrics Line: 383 -  f1_score_macro : 80.07
06/14/2024-10:33:52 AM: (files_management.py): INFO: save_metrics Line: 383 -  f1_score_weighted : 81.27
06/14/2024-10:33:52 AM: (files_management.py): INFO: save_metrics Line: 383 -  f1_score_multiclass : 
[83.85 76.28]
06/14/2024-10:33:52 AM: (files_management.py): INFO: save_metrics Line: 383 -  accuracy_score : 80.78
06/14/2024-10:33:52 AM: (files_management.py): INFO: save_metrics Line: 383 -  precision_score_macro : 79.92
06/14/2024-10:33:52 AM: (files_management.py): INFO: save_metrics Line: 383 -  recall_score_macro : 83.14
06/14/2024-10:33:52 AM: (files_management.py): INFO: save_metrics Line: 383 -  roc_auc_score : 83.14
06/14/2024-10:33:52 AM: (files_management.py): INFO: save_metrics Line: 383 -  log_loss : 41.36
06/14/2024-10:33:52 AM: (files_management.py): INFO: save_metrics Line: 383 -  kappa_score : 60.80
06/14/2024-10:33:52 AM: (files_management.py): INFO: save_metrics Line: 383 -  confusion_matrix :          0        1
0  75.7143  24.2857
1   9.4253  90.5747
06/14/2024-10:33:52 AM: (files_management.py): INFO: save_metrics Line: 383 -  training_time : 16.15
06/14/2024-10:33:52 AM: (files_management.py): INFO: save_metrics Line: 383 -  prediction_time : 2.03
06/14/2024-10:33:52 AM: (files_management.py): INFO: save_metrics Line: 372 - __________________ Fold 5 with RandomForest_direct __________________
06/14/2024-10:33:52 AM: (files_management.py): INFO: save_metrics Line: 383 -  f1_score_macro : 89.09
06/14/2024-10:33:52 AM: (files_management.py): INFO: save_metrics Line: 383 -  f1_score_weighted : 89.11
06/14/2024-10:33:52 AM: (files_management.py): INFO: save_metrics Line: 383 -  f1_score_multiclass : 
[88.47 89.71]
06/14/2024-10:33:52 AM: (files_management.py): INFO: save_metrics Line: 383 -  accuracy_score : 89.12
06/14/2024-10:33:52 AM: (files_management.py): INFO: save_metrics Line: 383 -  precision_score_macro : 89.16
06/14/2024-10:33:52 AM: (files_management.py): INFO: save_metrics Line: 383 -  recall_score_macro : 89.05
06/14/2024-10:33:52 AM: (files_management.py): INFO: save_metrics Line: 383 -  roc_auc_score : 89.05
06/14/2024-10:33:52 AM: (files_management.py): INFO: save_metrics Line: 383 -  log_loss : 28.82
06/14/2024-10:33:52 AM: (files_management.py): INFO: save_metrics Line: 383 -  kappa_score : 78.18
06/14/2024-10:33:52 AM: (files_management.py): INFO: save_metrics Line: 383 -  confusion_matrix :          0        1
0  87.2390  12.7610
1   9.1489  90.8511
06/14/2024-10:33:52 AM: (files_management.py): INFO: save_metrics Line: 383 -  training_time : 14.66
06/14/2024-10:33:52 AM: (files_management.py): INFO: save_metrics Line: 383 -  prediction_time : 1.96
06/14/2024-10:33:52 AM: (files_management.py): INFO: save_metrics Line: 372 - __________________ Fold 6 with RandomForest_direct __________________
06/14/2024-10:33:52 AM: (files_management.py): INFO: save_metrics Line: 383 -  f1_score_macro : 77.09
06/14/2024-10:33:52 AM: (files_management.py): INFO: save_metrics Line: 383 -  f1_score_weighted : 78.06
06/14/2024-10:33:52 AM: (files_management.py): INFO: save_metrics Line: 383 -  f1_score_multiclass : 
[80.73 73.44]
06/14/2024-10:33:52 AM: (files_management.py): INFO: save_metrics Line: 383 -  accuracy_score : 77.67
06/14/2024-10:33:52 AM: (files_management.py): INFO: save_metrics Line: 383 -  precision_score_macro : 77.06
06/14/2024-10:33:52 AM: (files_management.py): INFO: save_metrics Line: 383 -  recall_score_macro : 79.08
06/14/2024-10:33:52 AM: (files_management.py): INFO: save_metrics Line: 383 -  roc_auc_score : 79.08
06/14/2024-10:33:52 AM: (files_management.py): INFO: save_metrics Line: 383 -  log_loss : 47.79
06/14/2024-10:33:52 AM: (files_management.py): INFO: save_metrics Line: 383 -  kappa_score : 54.72
06/14/2024-10:33:52 AM: (files_management.py): INFO: save_metrics Line: 383 -  confusion_matrix :          0        1
0  73.8095  26.1905
1  15.6593  84.3407
06/14/2024-10:33:52 AM: (files_management.py): INFO: save_metrics Line: 383 -  training_time : 15.76
06/14/2024-10:33:52 AM: (files_management.py): INFO: save_metrics Line: 383 -  prediction_time : 1.63
06/14/2024-10:33:52 AM: (files_management.py): INFO: save_metrics Line: 372 - __________________ Fold 7 with RandomForest_direct __________________
06/14/2024-10:33:52 AM: (files_management.py): INFO: save_metrics Line: 383 -  f1_score_macro : 85.73
06/14/2024-10:33:52 AM: (files_management.py): INFO: save_metrics Line: 383 -  f1_score_weighted : 86.22
06/14/2024-10:33:52 AM: (files_management.py): INFO: save_metrics Line: 383 -  f1_score_multiclass : 
[88.19 83.28]
06/14/2024-10:33:52 AM: (files_management.py): INFO: save_metrics Line: 383 -  accuracy_score : 86.16
06/14/2024-10:33:52 AM: (files_management.py): INFO: save_metrics Line: 383 -  precision_score_macro : 85.46
06/14/2024-10:33:52 AM: (files_management.py): INFO: save_metrics Line: 383 -  recall_score_macro : 86.15
06/14/2024-10:33:52 AM: (files_management.py): INFO: save_metrics Line: 383 -  roc_auc_score : 86.15
06/14/2024-10:33:52 AM: (files_management.py): INFO: save_metrics Line: 383 -  log_loss : 35.95
06/14/2024-10:33:52 AM: (files_management.py): INFO: save_metrics Line: 383 -  kappa_score : 71.49
06/14/2024-10:33:52 AM: (files_management.py): INFO: save_metrics Line: 383 -  confusion_matrix :          0        1
0  86.1856  13.8144
1  13.8889  86.1111
06/14/2024-10:33:52 AM: (files_management.py): INFO: save_metrics Line: 383 -  training_time : 16.49
06/14/2024-10:33:52 AM: (files_management.py): INFO: save_metrics Line: 383 -  prediction_time : 1.44
06/14/2024-10:33:52 AM: (files_management.py): INFO: save_metrics Line: 372 - __________________ Fold 8 with RandomForest_direct __________________
06/14/2024-10:33:52 AM: (files_management.py): INFO: save_metrics Line: 383 -  f1_score_macro : 82.47
06/14/2024-10:33:52 AM: (files_management.py): INFO: save_metrics Line: 383 -  f1_score_weighted : 82.80
06/14/2024-10:33:52 AM: (files_management.py): INFO: save_metrics Line: 383 -  f1_score_multiclass : 
[84.41 80.53]
06/14/2024-10:33:52 AM: (files_management.py): INFO: save_metrics Line: 383 -  accuracy_score : 82.68
06/14/2024-10:33:52 AM: (files_management.py): INFO: save_metrics Line: 383 -  precision_score_macro : 82.33
06/14/2024-10:33:52 AM: (files_management.py): INFO: save_metrics Line: 383 -  recall_score_macro : 83.19
06/14/2024-10:33:52 AM: (files_management.py): INFO: save_metrics Line: 383 -  roc_auc_score : 83.19
06/14/2024-10:33:52 AM: (files_management.py): INFO: save_metrics Line: 383 -  log_loss : 45.13
06/14/2024-10:33:52 AM: (files_management.py): INFO: save_metrics Line: 383 -  kappa_score : 65.06
06/14/2024-10:33:52 AM: (files_management.py): INFO: save_metrics Line: 383 -  confusion_matrix :          0        1
0  80.2018  19.7982
1  13.8298  86.1702
06/14/2024-10:33:52 AM: (files_management.py): INFO: save_metrics Line: 383 -  training_time : 14.88
06/14/2024-10:33:52 AM: (files_management.py): INFO: save_metrics Line: 383 -  prediction_time : 2.00
06/14/2024-10:33:52 AM: (files_management.py): INFO: save_metrics Line: 372 - __________________ Fold 9 with RandomForest_direct __________________
06/14/2024-10:33:52 AM: (files_management.py): INFO: save_metrics Line: 383 -  f1_score_macro : 82.35
06/14/2024-10:33:52 AM: (files_management.py): INFO: save_metrics Line: 383 -  f1_score_weighted : 82.36
06/14/2024-10:33:52 AM: (files_management.py): INFO: save_metrics Line: 383 -  f1_score_multiclass : 
[82.1 82.6]
06/14/2024-10:33:52 AM: (files_management.py): INFO: save_metrics Line: 383 -  accuracy_score : 82.35
06/14/2024-10:33:52 AM: (files_management.py): INFO: save_metrics Line: 383 -  precision_score_macro : 82.43
06/14/2024-10:33:52 AM: (files_management.py): INFO: save_metrics Line: 383 -  recall_score_macro : 82.50
06/14/2024-10:33:52 AM: (files_management.py): INFO: save_metrics Line: 383 -  roc_auc_score : 82.50
06/14/2024-10:33:52 AM: (files_management.py): INFO: save_metrics Line: 383 -  log_loss : 38.11
06/14/2024-10:33:52 AM: (files_management.py): INFO: save_metrics Line: 383 -  kappa_score : 64.75
06/14/2024-10:33:52 AM: (files_management.py): INFO: save_metrics Line: 383 -  confusion_matrix :          0        1
0  85.3383  14.6617
1  20.3390  79.6610
06/14/2024-10:33:52 AM: (files_management.py): INFO: save_metrics Line: 383 -  training_time : 16.63
06/14/2024-10:33:52 AM: (files_management.py): INFO: save_metrics Line: 383 -  prediction_time : 0.90
06/14/2024-10:33:52 AM: (files_management.py): INFO: save_metrics Line: 372 - __________________ Fold 10 with RandomForest_direct __________________
06/14/2024-10:33:52 AM: (files_management.py): INFO: save_metrics Line: 383 -  f1_score_macro : 79.85
06/14/2024-10:33:52 AM: (files_management.py): INFO: save_metrics Line: 383 -  f1_score_weighted : 80.40
06/14/2024-10:33:52 AM: (files_management.py): INFO: save_metrics Line: 383 -  f1_score_multiclass : 
[77.29 82.41]
06/14/2024-10:33:52 AM: (files_management.py): INFO: save_metrics Line: 383 -  accuracy_score : 80.18
06/14/2024-10:33:52 AM: (files_management.py): INFO: save_metrics Line: 383 -  precision_score_macro : 79.79
06/14/2024-10:33:52 AM: (files_management.py): INFO: save_metrics Line: 383 -  recall_score_macro : 81.15
06/14/2024-10:33:52 AM: (files_management.py): INFO: save_metrics Line: 383 -  roc_auc_score : 81.15
06/14/2024-10:33:52 AM: (files_management.py): INFO: save_metrics Line: 383 -  log_loss : 59.32
06/14/2024-10:33:52 AM: (files_management.py): INFO: save_metrics Line: 383 -  kappa_score : 60.00
06/14/2024-10:33:52 AM: (files_management.py): INFO: save_metrics Line: 383 -  confusion_matrix :          0        1
0  85.7143  14.2857
1  23.4146  76.5854
06/14/2024-10:33:52 AM: (files_management.py): INFO: save_metrics Line: 383 -  training_time : 16.71
06/14/2024-10:33:52 AM: (files_management.py): INFO: save_metrics Line: 383 -  prediction_time : 0.68
06/14/2024-10:33:52 AM: (files_management.py): INFO: save_metrics Line: 372 - __________________ Fold 11 with RandomForest_direct __________________
06/14/2024-10:33:52 AM: (files_management.py): INFO: save_metrics Line: 383 -  f1_score_macro : 69.54
06/14/2024-10:33:52 AM: (files_management.py): INFO: save_metrics Line: 383 -  f1_score_weighted : 69.57
06/14/2024-10:33:52 AM: (files_management.py): INFO: save_metrics Line: 383 -  f1_score_multiclass : 
[69.7  69.39]
06/14/2024-10:33:52 AM: (files_management.py): INFO: save_metrics Line: 383 -  accuracy_score : 69.54
06/14/2024-10:33:52 AM: (files_management.py): INFO: save_metrics Line: 383 -  precision_score_macro : 70.95
06/14/2024-10:33:52 AM: (files_management.py): INFO: save_metrics Line: 383 -  recall_score_macro : 71.01
06/14/2024-10:33:52 AM: (files_management.py): INFO: save_metrics Line: 383 -  roc_auc_score : 71.01
06/14/2024-10:33:52 AM: (files_management.py): INFO: save_metrics Line: 383 -  log_loss : 75.90
06/14/2024-10:33:52 AM: (files_management.py): INFO: save_metrics Line: 383 -  kappa_score : 40.29
06/14/2024-10:33:52 AM: (files_management.py): INFO: save_metrics Line: 383 -  confusion_matrix :          0        1
0  61.0619  38.9381
1  19.0476  80.9524
06/14/2024-10:33:52 AM: (files_management.py): INFO: save_metrics Line: 383 -  training_time : 17.55
06/14/2024-10:33:52 AM: (files_management.py): INFO: save_metrics Line: 383 -  prediction_time : 0.26
06/14/2024-10:33:52 AM: (files_management.py): INFO: save_metrics Line: 372 - __________________ Fold 12 with RandomForest_direct __________________
06/14/2024-10:33:52 AM: (files_management.py): INFO: save_metrics Line: 383 -  f1_score_macro : 74.45
06/14/2024-10:33:52 AM: (files_management.py): INFO: save_metrics Line: 383 -  f1_score_weighted : 79.81
06/14/2024-10:33:52 AM: (files_management.py): INFO: save_metrics Line: 383 -  f1_score_multiclass : 
[84.62 64.29]
06/14/2024-10:33:52 AM: (files_management.py): INFO: save_metrics Line: 383 -  accuracy_score : 78.49
06/14/2024-10:33:52 AM: (files_management.py): INFO: save_metrics Line: 383 -  precision_score_macro : 73.08
06/14/2024-10:33:52 AM: (files_management.py): INFO: save_metrics Line: 383 -  recall_score_macro : 79.64
06/14/2024-10:33:52 AM: (files_management.py): INFO: save_metrics Line: 383 -  roc_auc_score : 79.64
06/14/2024-10:33:52 AM: (files_management.py): INFO: save_metrics Line: 383 -  log_loss : 46.23
06/14/2024-10:33:52 AM: (files_management.py): INFO: save_metrics Line: 383 -  kappa_score : 49.89
06/14/2024-10:33:52 AM: (files_management.py): INFO: save_metrics Line: 383 -  confusion_matrix :          0        1
0  77.4648  22.5352
1  18.1818  81.8182
06/14/2024-10:33:52 AM: (files_management.py): INFO: save_metrics Line: 383 -  training_time : 17.38
06/14/2024-10:33:52 AM: (files_management.py): INFO: save_metrics Line: 383 -  prediction_time : 0.19
