06/14/2024-10:20:34 AM: (files_management.py): INFO: init_logger Line: 280 - Started
06/14/2024-10:20:34 AM: (learning_models.py): INFO: predict_dataset Line: 72 - ================== Fitting model KNN_direct ==================
06/14/2024-10:20:58 AM: (files_management.py): INFO: save_metrics Line: 372 - __________________ Fold 0 with KNN_direct __________________
06/14/2024-10:20:58 AM: (files_management.py): INFO: save_metrics Line: 383 -  f1_score_macro : 83.52
06/14/2024-10:20:58 AM: (files_management.py): INFO: save_metrics Line: 383 -  f1_score_weighted : 83.52
06/14/2024-10:20:58 AM: (files_management.py): INFO: save_metrics Line: 383 -  f1_score_multiclass : 
[83.73 83.31]
06/14/2024-10:20:58 AM: (files_management.py): INFO: save_metrics Line: 383 -  accuracy_score : 83.53
06/14/2024-10:20:58 AM: (files_management.py): INFO: save_metrics Line: 383 -  precision_score_macro : 83.67
06/14/2024-10:20:58 AM: (files_management.py): INFO: save_metrics Line: 383 -  recall_score_macro : 83.61
06/14/2024-10:20:58 AM: (files_management.py): INFO: save_metrics Line: 383 -  roc_auc_score : 83.61
06/14/2024-10:20:58 AM: (files_management.py): INFO: save_metrics Line: 383 -  log_loss : 39.91
06/14/2024-10:20:58 AM: (files_management.py): INFO: save_metrics Line: 383 -  kappa_score : 67.09
06/14/2024-10:20:58 AM: (files_management.py): INFO: save_metrics Line: 383 -  confusion_matrix :          0        1
0  86.9615  13.0385
1  19.7411  80.2589
06/14/2024-10:20:58 AM: (files_management.py): INFO: save_metrics Line: 383 -  training_time : 9.97
06/14/2024-10:20:58 AM: (files_management.py): INFO: save_metrics Line: 383 -  prediction_time : 3.15
06/14/2024-10:20:58 AM: (files_management.py): INFO: save_metrics Line: 372 - __________________ Fold 1 with KNN_direct __________________
06/14/2024-10:20:58 AM: (files_management.py): INFO: save_metrics Line: 383 -  f1_score_macro : 78.54
06/14/2024-10:20:58 AM: (files_management.py): INFO: save_metrics Line: 383 -  f1_score_weighted : 80.32
06/14/2024-10:20:58 AM: (files_management.py): INFO: save_metrics Line: 383 -  f1_score_multiclass : 
[84.92 72.16]
06/14/2024-10:20:58 AM: (files_management.py): INFO: save_metrics Line: 383 -  accuracy_score : 80.44
06/14/2024-10:20:58 AM: (files_management.py): INFO: save_metrics Line: 383 -  precision_score_macro : 78.93
06/14/2024-10:20:58 AM: (files_management.py): INFO: save_metrics Line: 383 -  recall_score_macro : 78.22
06/14/2024-10:20:58 AM: (files_management.py): INFO: save_metrics Line: 383 -  roc_auc_score : 78.22
06/14/2024-10:20:58 AM: (files_management.py): INFO: save_metrics Line: 383 -  log_loss : 58.91
06/14/2024-10:20:58 AM: (files_management.py): INFO: save_metrics Line: 383 -  kappa_score : 57.10
06/14/2024-10:20:58 AM: (files_management.py): INFO: save_metrics Line: 383 -  confusion_matrix :          0        1
0  86.1759  13.8241
1  29.7297  70.2703
06/14/2024-10:20:58 AM: (files_management.py): INFO: save_metrics Line: 383 -  training_time : 10.88
06/14/2024-10:20:58 AM: (files_management.py): INFO: save_metrics Line: 383 -  prediction_time : 3.28
06/14/2024-10:20:58 AM: (files_management.py): INFO: save_metrics Line: 372 - __________________ Fold 2 with KNN_direct __________________
06/14/2024-10:20:58 AM: (files_management.py): INFO: save_metrics Line: 383 -  f1_score_macro : 76.41
06/14/2024-10:20:58 AM: (files_management.py): INFO: save_metrics Line: 383 -  f1_score_weighted : 77.22
06/14/2024-10:20:58 AM: (files_management.py): INFO: save_metrics Line: 383 -  f1_score_multiclass : 
[80.39 72.43]
06/14/2024-10:20:58 AM: (files_management.py): INFO: save_metrics Line: 383 -  accuracy_score : 77.08
06/14/2024-10:20:58 AM: (files_management.py): INFO: save_metrics Line: 383 -  precision_score_macro : 76.19
06/14/2024-10:20:58 AM: (files_management.py): INFO: save_metrics Line: 383 -  recall_score_macro : 76.84
06/14/2024-10:20:58 AM: (files_management.py): INFO: save_metrics Line: 383 -  roc_auc_score : 76.84
06/14/2024-10:20:58 AM: (files_management.py): INFO: save_metrics Line: 383 -  log_loss : 62.74
06/14/2024-10:20:58 AM: (files_management.py): INFO: save_metrics Line: 383 -  kappa_score : 52.88
06/14/2024-10:20:58 AM: (files_management.py): INFO: save_metrics Line: 383 -  confusion_matrix :          0        1
0  78.0072  21.9928
1  24.3207  75.6793
06/14/2024-10:20:58 AM: (files_management.py): INFO: save_metrics Line: 383 -  training_time : 10.17
06/14/2024-10:20:58 AM: (files_management.py): INFO: save_metrics Line: 383 -  prediction_time : 3.23
06/14/2024-10:20:58 AM: (files_management.py): INFO: save_metrics Line: 372 - __________________ Fold 3 with KNN_direct __________________
06/14/2024-10:20:58 AM: (files_management.py): INFO: save_metrics Line: 383 -  f1_score_macro : 84.76
06/14/2024-10:20:58 AM: (files_management.py): INFO: save_metrics Line: 383 -  f1_score_weighted : 84.80
06/14/2024-10:20:58 AM: (files_management.py): INFO: save_metrics Line: 383 -  f1_score_multiclass : 
[84.22 85.3 ]
06/14/2024-10:20:58 AM: (files_management.py): INFO: save_metrics Line: 383 -  accuracy_score : 84.78
06/14/2024-10:20:58 AM: (files_management.py): INFO: save_metrics Line: 383 -  precision_score_macro : 84.81
06/14/2024-10:20:58 AM: (files_management.py): INFO: save_metrics Line: 383 -  recall_score_macro : 85.02
06/14/2024-10:20:58 AM: (files_management.py): INFO: save_metrics Line: 383 -  roc_auc_score : 85.02
06/14/2024-10:20:58 AM: (files_management.py): INFO: save_metrics Line: 383 -  log_loss : 42.30
06/14/2024-10:20:58 AM: (files_management.py): INFO: save_metrics Line: 383 -  kappa_score : 69.57
06/14/2024-10:20:58 AM: (files_management.py): INFO: save_metrics Line: 383 -  confusion_matrix :          0        1
0  88.0723  11.9277
1  18.0412  81.9588
06/14/2024-10:20:58 AM: (files_management.py): INFO: save_metrics Line: 383 -  training_time : 9.40
06/14/2024-10:20:58 AM: (files_management.py): INFO: save_metrics Line: 383 -  prediction_time : 2.99
06/14/2024-10:20:58 AM: (files_management.py): INFO: save_metrics Line: 372 - __________________ Fold 4 with KNN_direct __________________
06/14/2024-10:20:58 AM: (files_management.py): INFO: save_metrics Line: 383 -  f1_score_macro : 81.31
06/14/2024-10:20:58 AM: (files_management.py): INFO: save_metrics Line: 383 -  f1_score_weighted : 81.75
06/14/2024-10:20:58 AM: (files_management.py): INFO: save_metrics Line: 383 -  f1_score_multiclass : 
[84.5  78.12]
06/14/2024-10:20:58 AM: (files_management.py): INFO: save_metrics Line: 383 -  accuracy_score : 81.86
06/14/2024-10:20:58 AM: (files_management.py): INFO: save_metrics Line: 383 -  precision_score_macro : 81.81
06/14/2024-10:20:58 AM: (files_management.py): INFO: save_metrics Line: 383 -  recall_score_macro : 81.04
06/14/2024-10:20:58 AM: (files_management.py): INFO: save_metrics Line: 383 -  roc_auc_score : 81.04
06/14/2024-10:20:58 AM: (files_management.py): INFO: save_metrics Line: 383 -  log_loss : 44.04
06/14/2024-10:20:58 AM: (files_management.py): INFO: save_metrics Line: 383 -  kappa_score : 62.68
06/14/2024-10:20:58 AM: (files_management.py): INFO: save_metrics Line: 383 -  confusion_matrix :          0        1
0  87.1032  12.8968
1  25.0326  74.9674
06/14/2024-10:20:58 AM: (files_management.py): INFO: save_metrics Line: 383 -  training_time : 10.29
06/14/2024-10:20:58 AM: (files_management.py): INFO: save_metrics Line: 383 -  prediction_time : 3.06
06/14/2024-10:20:58 AM: (files_management.py): INFO: save_metrics Line: 372 - __________________ Fold 5 with KNN_direct __________________
06/14/2024-10:20:58 AM: (files_management.py): INFO: save_metrics Line: 383 -  f1_score_macro : 81.15
06/14/2024-10:20:58 AM: (files_management.py): INFO: save_metrics Line: 383 -  f1_score_weighted : 81.61
06/14/2024-10:20:58 AM: (files_management.py): INFO: save_metrics Line: 383 -  f1_score_multiclass : 
[84.37 77.92]
06/14/2024-10:20:58 AM: (files_management.py): INFO: save_metrics Line: 383 -  accuracy_score : 81.70
06/14/2024-10:20:58 AM: (files_management.py): INFO: save_metrics Line: 383 -  precision_score_macro : 81.54
06/14/2024-10:20:58 AM: (files_management.py): INFO: save_metrics Line: 383 -  recall_score_macro : 80.90
06/14/2024-10:20:58 AM: (files_management.py): INFO: save_metrics Line: 383 -  roc_auc_score : 80.90
06/14/2024-10:20:58 AM: (files_management.py): INFO: save_metrics Line: 383 -  log_loss : 40.56
06/14/2024-10:20:58 AM: (files_management.py): INFO: save_metrics Line: 383 -  kappa_score : 62.33
06/14/2024-10:20:58 AM: (files_management.py): INFO: save_metrics Line: 383 -  confusion_matrix :          0        1
0  86.5079  13.4921
1  24.7028  75.2972
06/14/2024-10:20:58 AM: (files_management.py): INFO: save_metrics Line: 383 -  training_time : 10.75
06/14/2024-10:20:58 AM: (files_management.py): INFO: save_metrics Line: 383 -  prediction_time : 3.11
06/14/2024-10:20:58 AM: (files_management.py): INFO: save_metrics Line: 372 - __________________ Fold 6 with KNN_direct __________________
06/14/2024-10:20:58 AM: (files_management.py): INFO: save_metrics Line: 383 -  f1_score_macro : 78.22
06/14/2024-10:20:58 AM: (files_management.py): INFO: save_metrics Line: 383 -  f1_score_weighted : 79.36
06/14/2024-10:20:58 AM: (files_management.py): INFO: save_metrics Line: 383 -  f1_score_multiclass : 
[82.55 73.89]
06/14/2024-10:20:58 AM: (files_management.py): INFO: save_metrics Line: 383 -  accuracy_score : 79.08
06/14/2024-10:20:58 AM: (files_management.py): INFO: save_metrics Line: 383 -  precision_score_macro : 77.81
06/14/2024-10:20:58 AM: (files_management.py): INFO: save_metrics Line: 383 -  recall_score_macro : 79.38
06/14/2024-10:20:58 AM: (files_management.py): INFO: save_metrics Line: 383 -  roc_auc_score : 79.38
06/14/2024-10:20:58 AM: (files_management.py): INFO: save_metrics Line: 383 -  log_loss : 50.19
06/14/2024-10:20:58 AM: (files_management.py): INFO: save_metrics Line: 383 -  kappa_score : 56.63
06/14/2024-10:20:58 AM: (files_management.py): INFO: save_metrics Line: 383 -  confusion_matrix :          0        1
0  78.2465  21.7535
1  19.4879  80.5121
06/14/2024-10:20:58 AM: (files_management.py): INFO: save_metrics Line: 383 -  training_time : 10.46
06/14/2024-10:20:58 AM: (files_management.py): INFO: save_metrics Line: 383 -  prediction_time : 3.67
06/14/2024-10:20:58 AM: (files_management.py): INFO: save_metrics Line: 372 - __________________ Fold 7 with KNN_direct __________________
06/14/2024-10:20:58 AM: (files_management.py): INFO: save_metrics Line: 383 -  f1_score_macro : 81.03
06/14/2024-10:20:58 AM: (files_management.py): INFO: save_metrics Line: 383 -  f1_score_weighted : 81.27
06/14/2024-10:20:58 AM: (files_management.py): INFO: save_metrics Line: 383 -  f1_score_multiclass : 
[83.12 78.94]
06/14/2024-10:20:58 AM: (files_management.py): INFO: save_metrics Line: 383 -  accuracy_score : 81.26
06/14/2024-10:20:58 AM: (files_management.py): INFO: save_metrics Line: 383 -  precision_score_macro : 81.00
06/14/2024-10:20:58 AM: (files_management.py): INFO: save_metrics Line: 383 -  recall_score_macro : 81.07
06/14/2024-10:20:58 AM: (files_management.py): INFO: save_metrics Line: 383 -  roc_auc_score : 81.07
06/14/2024-10:20:58 AM: (files_management.py): INFO: save_metrics Line: 383 -  log_loss : 58.92
06/14/2024-10:20:58 AM: (files_management.py): INFO: save_metrics Line: 383 -  kappa_score : 62.07
06/14/2024-10:20:58 AM: (files_management.py): INFO: save_metrics Line: 383 -  confusion_matrix :          0        1
0  82.7482  17.2518
1  20.6068  79.3932
06/14/2024-10:20:58 AM: (files_management.py): INFO: save_metrics Line: 383 -  training_time : 7.99
06/14/2024-10:20:58 AM: (files_management.py): INFO: save_metrics Line: 383 -  prediction_time : 2.31
