06/14/2024-10:33:52 AM: (files_management.py): INFO: init_logger Line: 280 - Started
06/14/2024-10:33:52 AM: (learning_models.py): INFO: predict_dataset Line: 72 - ================== Fitting model MLP_direct ==================
06/14/2024-10:34:18 AM: (files_management.py): INFO: save_metrics Line: 372 - __________________ Fold 0 with MLP_direct __________________
06/14/2024-10:34:18 AM: (files_management.py): INFO: save_metrics Line: 383 -  f1_score_macro : 82.52
06/14/2024-10:34:18 AM: (files_management.py): INFO: save_metrics Line: 383 -  f1_score_weighted : 83.93
06/14/2024-10:34:18 AM: (files_management.py): INFO: save_metrics Line: 383 -  f1_score_multiclass : 
[87.21 77.83]
06/14/2024-10:34:18 AM: (files_management.py): INFO: save_metrics Line: 383 -  accuracy_score : 83.78
06/14/2024-10:34:18 AM: (files_management.py): INFO: save_metrics Line: 383 -  precision_score_macro : 82.03
06/14/2024-10:34:18 AM: (files_management.py): INFO: save_metrics Line: 383 -  recall_score_macro : 83.22
06/14/2024-10:34:18 AM: (files_management.py): INFO: save_metrics Line: 383 -  roc_auc_score : 83.22
06/14/2024-10:34:18 AM: (files_management.py): INFO: save_metrics Line: 383 -  log_loss : 42.83
06/14/2024-10:34:18 AM: (files_management.py): INFO: save_metrics Line: 383 -  kappa_score : 65.08
06/14/2024-10:34:18 AM: (files_management.py): INFO: save_metrics Line: 383 -  confusion_matrix :          0        1
0  85.0987  14.9013
1  18.6667  81.3333
06/14/2024-10:34:18 AM: (files_management.py): INFO: save_metrics Line: 383 -  training_time : 11.58
06/14/2024-10:34:18 AM: (files_management.py): INFO: save_metrics Line: 383 -  prediction_time : 1.79
06/14/2024-10:34:18 AM: (files_management.py): INFO: save_metrics Line: 372 - __________________ Fold 1 with MLP_direct __________________
06/14/2024-10:34:18 AM: (files_management.py): INFO: save_metrics Line: 383 -  f1_score_macro : 80.13
06/14/2024-10:34:18 AM: (files_management.py): INFO: save_metrics Line: 383 -  f1_score_weighted : 80.81
06/14/2024-10:34:18 AM: (files_management.py): INFO: save_metrics Line: 383 -  f1_score_multiclass : 
[83.7  76.56]
06/14/2024-10:34:18 AM: (files_management.py): INFO: save_metrics Line: 383 -  accuracy_score : 80.77
06/14/2024-10:34:18 AM: (files_management.py): INFO: save_metrics Line: 383 -  precision_score_macro : 80.00
06/14/2024-10:34:18 AM: (files_management.py): INFO: save_metrics Line: 383 -  recall_score_macro : 80.29
06/14/2024-10:34:18 AM: (files_management.py): INFO: save_metrics Line: 383 -  roc_auc_score : 80.29
06/14/2024-10:34:18 AM: (files_management.py): INFO: save_metrics Line: 383 -  log_loss : 42.88
06/14/2024-10:34:18 AM: (files_management.py): INFO: save_metrics Line: 383 -  kappa_score : 60.26
06/14/2024-10:34:18 AM: (files_management.py): INFO: save_metrics Line: 383 -  confusion_matrix :          0        1
0  82.7957  17.2043
1  22.2222  77.7778
06/14/2024-10:34:18 AM: (files_management.py): INFO: save_metrics Line: 383 -  training_time : 3.67
06/14/2024-10:34:18 AM: (files_management.py): INFO: save_metrics Line: 383 -  prediction_time : 0.74
06/14/2024-10:34:18 AM: (files_management.py): INFO: save_metrics Line: 372 - __________________ Fold 2 with MLP_direct __________________
06/14/2024-10:34:18 AM: (files_management.py): INFO: save_metrics Line: 383 -  f1_score_macro : 76.15
06/14/2024-10:34:18 AM: (files_management.py): INFO: save_metrics Line: 383 -  f1_score_weighted : 78.87
06/14/2024-10:34:18 AM: (files_management.py): INFO: save_metrics Line: 383 -  f1_score_multiclass : 
[83.5 68.8]
06/14/2024-10:34:18 AM: (files_management.py): INFO: save_metrics Line: 383 -  accuracy_score : 78.41
06/14/2024-10:34:18 AM: (files_management.py): INFO: save_metrics Line: 383 -  precision_score_macro : 75.39
06/14/2024-10:34:18 AM: (files_management.py): INFO: save_metrics Line: 383 -  recall_score_macro : 77.67
06/14/2024-10:34:18 AM: (files_management.py): INFO: save_metrics Line: 383 -  roc_auc_score : 77.67
06/14/2024-10:34:18 AM: (files_management.py): INFO: save_metrics Line: 383 -  log_loss : 77.89
06/14/2024-10:34:18 AM: (files_management.py): INFO: save_metrics Line: 383 -  kappa_score : 52.50
06/14/2024-10:34:18 AM: (files_management.py): INFO: save_metrics Line: 383 -  confusion_matrix :          0        1
0  79.6770  20.3230
1  24.3402  75.6598
06/14/2024-10:34:18 AM: (files_management.py): INFO: save_metrics Line: 383 -  training_time : 14.15
06/14/2024-10:34:18 AM: (files_management.py): INFO: save_metrics Line: 383 -  prediction_time : 1.86
06/14/2024-10:34:18 AM: (files_management.py): INFO: save_metrics Line: 372 - __________________ Fold 3 with MLP_direct __________________
06/14/2024-10:34:18 AM: (files_management.py): INFO: save_metrics Line: 383 -  f1_score_macro : 78.10
06/14/2024-10:34:18 AM: (files_management.py): INFO: save_metrics Line: 383 -  f1_score_weighted : 78.11
06/14/2024-10:34:18 AM: (files_management.py): INFO: save_metrics Line: 383 -  f1_score_multiclass : 
[78.29 77.91]
06/14/2024-10:34:18 AM: (files_management.py): INFO: save_metrics Line: 383 -  accuracy_score : 78.10
06/14/2024-10:34:18 AM: (files_management.py): INFO: save_metrics Line: 383 -  precision_score_macro : 78.33
06/14/2024-10:34:18 AM: (files_management.py): INFO: save_metrics Line: 383 -  recall_score_macro : 78.39
06/14/2024-10:34:18 AM: (files_management.py): INFO: save_metrics Line: 383 -  roc_auc_score : 78.39
06/14/2024-10:34:18 AM: (files_management.py): INFO: save_metrics Line: 383 -  log_loss : 82.99
06/14/2024-10:34:18 AM: (files_management.py): INFO: save_metrics Line: 383 -  kappa_score : 56.34
06/14/2024-10:34:18 AM: (files_management.py): INFO: save_metrics Line: 383 -  confusion_matrix :          0        1
0  74.0541  25.9459
1  17.2840  82.7160
06/14/2024-10:34:18 AM: (files_management.py): INFO: save_metrics Line: 383 -  training_time : 15.01
06/14/2024-10:34:18 AM: (files_management.py): INFO: save_metrics Line: 383 -  prediction_time : 0.54
06/14/2024-10:34:18 AM: (files_management.py): INFO: save_metrics Line: 372 - __________________ Fold 4 with MLP_direct __________________
06/14/2024-10:34:18 AM: (files_management.py): INFO: save_metrics Line: 383 -  f1_score_macro : 73.83
06/14/2024-10:34:18 AM: (files_management.py): INFO: save_metrics Line: 383 -  f1_score_weighted : 75.32
06/14/2024-10:34:18 AM: (files_management.py): INFO: save_metrics Line: 383 -  f1_score_multiclass : 
[78.51 69.15]
06/14/2024-10:34:18 AM: (files_management.py): INFO: save_metrics Line: 383 -  accuracy_score : 74.67
06/14/2024-10:34:18 AM: (files_management.py): INFO: save_metrics Line: 383 -  precision_score_macro : 74.07
06/14/2024-10:34:18 AM: (files_management.py): INFO: save_metrics Line: 383 -  recall_score_macro : 76.73
06/14/2024-10:34:18 AM: (files_management.py): INFO: save_metrics Line: 383 -  roc_auc_score : 76.73
06/14/2024-10:34:18 AM: (files_management.py): INFO: save_metrics Line: 383 -  log_loss : 79.44
06/14/2024-10:34:18 AM: (files_management.py): INFO: save_metrics Line: 383 -  kappa_score : 48.68
06/14/2024-10:34:18 AM: (files_management.py): INFO: save_metrics Line: 383 -  confusion_matrix :          0        1
0  70.2381  29.7619
1  16.7816  83.2184
06/14/2024-10:34:18 AM: (files_management.py): INFO: save_metrics Line: 383 -  training_time : 13.74
06/14/2024-10:34:18 AM: (files_management.py): INFO: save_metrics Line: 383 -  prediction_time : 2.01
06/14/2024-10:34:18 AM: (files_management.py): INFO: save_metrics Line: 372 - __________________ Fold 5 with MLP_direct __________________
06/14/2024-10:34:18 AM: (files_management.py): INFO: save_metrics Line: 383 -  f1_score_macro : 84.26
06/14/2024-10:34:18 AM: (files_management.py): INFO: save_metrics Line: 383 -  f1_score_weighted : 84.33
06/14/2024-10:34:18 AM: (files_management.py): INFO: save_metrics Line: 383 -  f1_score_multiclass : 
[82.46 86.06]
06/14/2024-10:34:18 AM: (files_management.py): INFO: save_metrics Line: 383 -  accuracy_score : 84.46
06/14/2024-10:34:18 AM: (files_management.py): INFO: save_metrics Line: 383 -  precision_score_macro : 85.27
06/14/2024-10:34:18 AM: (files_management.py): INFO: save_metrics Line: 383 -  recall_score_macro : 84.12
06/14/2024-10:34:18 AM: (files_management.py): INFO: save_metrics Line: 383 -  roc_auc_score : 84.12
06/14/2024-10:34:18 AM: (files_management.py): INFO: save_metrics Line: 383 -  log_loss : 46.24
06/14/2024-10:34:18 AM: (files_management.py): INFO: save_metrics Line: 383 -  kappa_score : 68.67
06/14/2024-10:34:18 AM: (files_management.py): INFO: save_metrics Line: 383 -  confusion_matrix :          0        1
0  76.3341  23.6659
1   8.0851  91.9149
06/14/2024-10:34:18 AM: (files_management.py): INFO: save_metrics Line: 383 -  training_time : 13.57
06/14/2024-10:34:18 AM: (files_management.py): INFO: save_metrics Line: 383 -  prediction_time : 1.51
06/14/2024-10:34:18 AM: (files_management.py): INFO: save_metrics Line: 372 - __________________ Fold 6 with MLP_direct __________________
06/14/2024-10:34:18 AM: (files_management.py): INFO: save_metrics Line: 383 -  f1_score_macro : 74.57
06/14/2024-10:34:18 AM: (files_management.py): INFO: save_metrics Line: 383 -  f1_score_weighted : 76.22
06/14/2024-10:34:18 AM: (files_management.py): INFO: save_metrics Line: 383 -  f1_score_multiclass : 
[80.71 68.44]
06/14/2024-10:34:18 AM: (files_management.py): INFO: save_metrics Line: 383 -  accuracy_score : 76.06
06/14/2024-10:34:18 AM: (files_management.py): INFO: save_metrics Line: 383 -  precision_score_macro : 74.30
06/14/2024-10:34:18 AM: (files_management.py): INFO: save_metrics Line: 383 -  recall_score_macro : 74.96
06/14/2024-10:34:18 AM: (files_management.py): INFO: save_metrics Line: 383 -  roc_auc_score : 74.96
06/14/2024-10:34:18 AM: (files_management.py): INFO: save_metrics Line: 383 -  log_loss : 70.09
06/14/2024-10:34:18 AM: (files_management.py): INFO: save_metrics Line: 383 -  kappa_score : 49.19
06/14/2024-10:34:18 AM: (files_management.py): INFO: save_metrics Line: 383 -  confusion_matrix :          0        1
0  79.0476  20.9524
1  29.1209  70.8791
06/14/2024-10:34:18 AM: (files_management.py): INFO: save_metrics Line: 383 -  training_time : 8.12
06/14/2024-10:34:18 AM: (files_management.py): INFO: save_metrics Line: 383 -  prediction_time : 2.23
06/14/2024-10:34:18 AM: (files_management.py): INFO: save_metrics Line: 372 - __________________ Fold 7 with MLP_direct __________________
06/14/2024-10:34:18 AM: (files_management.py): INFO: save_metrics Line: 383 -  f1_score_macro : 79.18
06/14/2024-10:34:18 AM: (files_management.py): INFO: save_metrics Line: 383 -  f1_score_weighted : 79.85
06/14/2024-10:34:18 AM: (files_management.py): INFO: save_metrics Line: 383 -  f1_score_multiclass : 
[82.55 75.81]
06/14/2024-10:34:18 AM: (files_management.py): INFO: save_metrics Line: 383 -  accuracy_score : 79.73
06/14/2024-10:34:18 AM: (files_management.py): INFO: save_metrics Line: 383 -  precision_score_macro : 78.94
06/14/2024-10:34:18 AM: (files_management.py): INFO: save_metrics Line: 383 -  recall_score_macro : 79.66
06/14/2024-10:34:18 AM: (files_management.py): INFO: save_metrics Line: 383 -  roc_auc_score : 79.66
06/14/2024-10:34:18 AM: (files_management.py): INFO: save_metrics Line: 383 -  log_loss : 86.47
06/14/2024-10:34:18 AM: (files_management.py): INFO: save_metrics Line: 383 -  kappa_score : 58.42
06/14/2024-10:34:18 AM: (files_management.py): INFO: save_metrics Line: 383 -  confusion_matrix :         0       1
0  80.000  20.000
1  20.679  79.321
06/14/2024-10:34:18 AM: (files_management.py): INFO: save_metrics Line: 383 -  training_time : 12.75
06/14/2024-10:34:18 AM: (files_management.py): INFO: save_metrics Line: 383 -  prediction_time : 1.86
06/14/2024-10:34:18 AM: (files_management.py): INFO: save_metrics Line: 372 - __________________ Fold 8 with MLP_direct __________________
06/14/2024-10:34:18 AM: (files_management.py): INFO: save_metrics Line: 383 -  f1_score_macro : 77.39
06/14/2024-10:34:18 AM: (files_management.py): INFO: save_metrics Line: 383 -  f1_score_weighted : 77.87
06/14/2024-10:34:18 AM: (files_management.py): INFO: save_metrics Line: 383 -  f1_score_multiclass : 
[80.21 74.58]
06/14/2024-10:34:18 AM: (files_management.py): INFO: save_metrics Line: 383 -  accuracy_score : 77.75
06/14/2024-10:34:18 AM: (files_management.py): INFO: save_metrics Line: 383 -  precision_score_macro : 77.24
06/14/2024-10:34:18 AM: (files_management.py): INFO: save_metrics Line: 383 -  recall_score_macro : 77.86
06/14/2024-10:34:18 AM: (files_management.py): INFO: save_metrics Line: 383 -  roc_auc_score : 77.86
06/14/2024-10:34:18 AM: (files_management.py): INFO: save_metrics Line: 383 -  log_loss : 99.17
06/14/2024-10:34:18 AM: (files_management.py): INFO: save_metrics Line: 383 -  kappa_score : 54.88
06/14/2024-10:34:18 AM: (files_management.py): INFO: save_metrics Line: 383 -  confusion_matrix :          0        1
0  77.1753  22.8247
1  21.4539  78.5461
06/14/2024-10:34:18 AM: (files_management.py): INFO: save_metrics Line: 383 -  training_time : 10.88
06/14/2024-10:34:18 AM: (files_management.py): INFO: save_metrics Line: 383 -  prediction_time : 1.96
06/14/2024-10:34:18 AM: (files_management.py): INFO: save_metrics Line: 372 - __________________ Fold 9 with MLP_direct __________________
06/14/2024-10:34:18 AM: (files_management.py): INFO: save_metrics Line: 383 -  f1_score_macro : 75.66
06/14/2024-10:34:18 AM: (files_management.py): INFO: save_metrics Line: 383 -  f1_score_weighted : 75.58
06/14/2024-10:34:18 AM: (files_management.py): INFO: save_metrics Line: 383 -  f1_score_multiclass : 
[77.18 74.14]
06/14/2024-10:34:18 AM: (files_management.py): INFO: save_metrics Line: 383 -  accuracy_score : 75.76
06/14/2024-10:34:18 AM: (files_management.py): INFO: save_metrics Line: 383 -  precision_score_macro : 77.06
06/14/2024-10:34:18 AM: (files_management.py): INFO: save_metrics Line: 383 -  recall_score_macro : 76.28
06/14/2024-10:34:18 AM: (files_management.py): INFO: save_metrics Line: 383 -  roc_auc_score : 76.28
06/14/2024-10:34:18 AM: (files_management.py): INFO: save_metrics Line: 383 -  log_loss : 71.90
06/14/2024-10:34:18 AM: (files_management.py): INFO: save_metrics Line: 383 -  kappa_score : 51.95
06/14/2024-10:34:18 AM: (files_management.py): INFO: save_metrics Line: 383 -  confusion_matrix :          0        1
0  86.4662  13.5338
1  33.8983  66.1017
06/14/2024-10:34:18 AM: (files_management.py): INFO: save_metrics Line: 383 -  training_time : 10.37
06/14/2024-10:34:18 AM: (files_management.py): INFO: save_metrics Line: 383 -  prediction_time : 0.80
06/14/2024-10:34:18 AM: (files_management.py): INFO: save_metrics Line: 372 - __________________ Fold 10 with MLP_direct __________________
06/14/2024-10:34:18 AM: (files_management.py): INFO: save_metrics Line: 383 -  f1_score_macro : 77.58
06/14/2024-10:34:18 AM: (files_management.py): INFO: save_metrics Line: 383 -  f1_score_weighted : 78.31
06/14/2024-10:34:18 AM: (files_management.py): INFO: save_metrics Line: 383 -  f1_score_multiclass : 
[74.13 81.03]
06/14/2024-10:34:18 AM: (files_management.py): INFO: save_metrics Line: 383 -  accuracy_score : 78.11
06/14/2024-10:34:18 AM: (files_management.py): INFO: save_metrics Line: 383 -  precision_score_macro : 77.34
06/14/2024-10:34:18 AM: (files_management.py): INFO: save_metrics Line: 383 -  recall_score_macro : 78.39
06/14/2024-10:34:18 AM: (files_management.py): INFO: save_metrics Line: 383 -  roc_auc_score : 78.39
06/14/2024-10:34:18 AM: (files_management.py): INFO: save_metrics Line: 383 -  log_loss : 89.09
06/14/2024-10:34:18 AM: (files_management.py): INFO: save_metrics Line: 383 -  kappa_score : 55.31
06/14/2024-10:34:18 AM: (files_management.py): INFO: save_metrics Line: 383 -  confusion_matrix :          0        1
0  79.6992  20.3008
1  22.9268  77.0732
06/14/2024-10:34:18 AM: (files_management.py): INFO: save_metrics Line: 383 -  training_time : 9.81
06/14/2024-10:34:18 AM: (files_management.py): INFO: save_metrics Line: 383 -  prediction_time : 0.43
06/14/2024-10:34:18 AM: (files_management.py): INFO: save_metrics Line: 372 - __________________ Fold 11 with MLP_direct __________________
06/14/2024-10:34:18 AM: (files_management.py): INFO: save_metrics Line: 383 -  f1_score_macro : 70.15
06/14/2024-10:34:18 AM: (files_management.py): INFO: save_metrics Line: 383 -  f1_score_weighted : 70.66
06/14/2024-10:34:18 AM: (files_management.py): INFO: save_metrics Line: 383 -  f1_score_multiclass : 
[73.64 66.67]
06/14/2024-10:34:18 AM: (files_management.py): INFO: save_metrics Line: 383 -  accuracy_score : 70.56
06/14/2024-10:34:18 AM: (files_management.py): INFO: save_metrics Line: 383 -  precision_score_macro : 70.07
06/14/2024-10:34:18 AM: (files_management.py): INFO: save_metrics Line: 383 -  recall_score_macro : 70.36
06/14/2024-10:34:18 AM: (files_management.py): INFO: save_metrics Line: 383 -  roc_auc_score : 70.36
06/14/2024-10:34:18 AM: (files_management.py): INFO: save_metrics Line: 383 -  log_loss : 69.46
06/14/2024-10:34:18 AM: (files_management.py): INFO: save_metrics Line: 383 -  kappa_score : 40.36
06/14/2024-10:34:18 AM: (files_management.py): INFO: save_metrics Line: 383 -  confusion_matrix :          0        1
0  71.6814  28.3186
1  30.9524  69.0476
06/14/2024-10:34:18 AM: (files_management.py): INFO: save_metrics Line: 383 -  training_time : 5.35
06/14/2024-10:34:18 AM: (files_management.py): INFO: save_metrics Line: 383 -  prediction_time : 0.40
06/14/2024-10:34:18 AM: (files_management.py): INFO: save_metrics Line: 372 - __________________ Fold 12 with MLP_direct __________________
06/14/2024-10:34:18 AM: (files_management.py): INFO: save_metrics Line: 383 -  f1_score_macro : 75.48
06/14/2024-10:34:18 AM: (files_management.py): INFO: save_metrics Line: 383 -  f1_score_weighted : 80.76
06/14/2024-10:34:18 AM: (files_management.py): INFO: save_metrics Line: 383 -  f1_score_multiclass : 
[85.5  65.45]
06/14/2024-10:34:18 AM: (files_management.py): INFO: save_metrics Line: 383 -  accuracy_score : 79.57
06/14/2024-10:34:18 AM: (files_management.py): INFO: save_metrics Line: 383 -  precision_score_macro : 73.94
06/14/2024-10:34:18 AM: (files_management.py): INFO: save_metrics Line: 383 -  recall_score_macro : 80.35
06/14/2024-10:34:18 AM: (files_management.py): INFO: save_metrics Line: 383 -  roc_auc_score : 80.35
06/14/2024-10:34:18 AM: (files_management.py): INFO: save_metrics Line: 383 -  log_loss : 53.23
06/14/2024-10:34:18 AM: (files_management.py): INFO: save_metrics Line: 383 -  kappa_score : 51.76
06/14/2024-10:34:18 AM: (files_management.py): INFO: save_metrics Line: 383 -  confusion_matrix :          0        1
0  78.8732  21.1268
1  18.1818  81.8182
06/14/2024-10:34:18 AM: (files_management.py): INFO: save_metrics Line: 383 -  training_time : 5.28
06/14/2024-10:34:18 AM: (files_management.py): INFO: save_metrics Line: 383 -  prediction_time : 0.17
