06/14/2024-10:44:37 AM: (files_management.py): INFO: init_logger Line: 280 - Started
06/14/2024-10:46:24 AM: (files_management.py): INFO: logger_dataset Line: 303 - ================== Study information ==================
06/14/2024-10:46:24 AM: (files_management.py): INFO: logger_dataset Line: 305 - __________________ Dataset information __________________
06/14/2024-10:46:24 AM: (files_management.py): INFO: logger_dataset Line: 309 - Number of samples: 9125
06/14/2024-10:46:24 AM: (files_management.py): INFO: logger_dataset Line: 310 - Dimensions of input: (15, 15, 9)
06/14/2024-10:46:24 AM: (files_management.py): INFO: logger_dataset Line: 315 - Overall label distribution: 0: 5433 (59.54%), 1: 3692 (40.46%)
06/14/2024-10:46:24 AM: (files_management.py): INFO: logger_dataset Line: 316 - Massives: ['ARAVIS' 'BAUGES' 'BEAUFORTAIN' 'BELLEDONNE' 'CHARTEUSE'
 'GRANDES-ROUSSES' 'HTE-MAURIE' 'HTE-TARENT' 'MAURIENNE' 'MONT-BLANC'
 'THABOR' 'VANOISE' 'VERCORS']
06/14/2024-10:46:24 AM: (files_management.py): INFO: logger_dataset Line: 317 - Samples per massif:
06/14/2024-10:46:24 AM: (files_management.py): INFO: logger_dataset Line: 325 -   ARAVIS: 994 samples (Targets: 0: 630 (63.38%), 1: 364 (36.62%))
06/14/2024-10:46:24 AM: (files_management.py): INFO: logger_dataset Line: 325 -   BAUGES: 857 samples (Targets: 0: 557 (64.99%), 1: 300 (35.01%))
06/14/2024-10:46:24 AM: (files_management.py): INFO: logger_dataset Line: 325 -   BEAUFORTAIN: 1275 samples (Targets: 0: 840 (65.88%), 1: 435 (34.12%))
06/14/2024-10:46:24 AM: (files_management.py): INFO: logger_dataset Line: 325 -   BELLEDONNE: 901 samples (Targets: 0: 431 (47.84%), 1: 470 (52.16%))
06/14/2024-10:46:24 AM: (files_management.py): INFO: logger_dataset Line: 325 -   CHARTEUSE: 809 samples (Targets: 0: 485 (59.95%), 1: 324 (40.05%))
06/14/2024-10:46:24 AM: (files_management.py): INFO: logger_dataset Line: 325 -   GRANDES-ROUSSES: 347 samples (Targets: 0: 185 (53.31%), 1: 162 (46.69%))
06/14/2024-10:46:24 AM: (files_management.py): INFO: logger_dataset Line: 325 -   HTE-MAURIE: 312 samples (Targets: 0: 186 (59.62%), 1: 126 (40.38%))
06/14/2024-10:46:24 AM: (files_management.py): INFO: logger_dataset Line: 325 -   HTE-TARENT: 338 samples (Targets: 0: 133 (39.35%), 1: 205 (60.65%))
06/14/2024-10:46:24 AM: (files_management.py): INFO: logger_dataset Line: 325 -   MAURIENNE: 1084 samples (Targets: 0: 743 (68.54%), 1: 341 (31.46%))
06/14/2024-10:46:24 AM: (files_management.py): INFO: logger_dataset Line: 325 -   MONT-BLANC: 561 samples (Targets: 0: 266 (47.42%), 1: 295 (52.58%))
06/14/2024-10:46:24 AM: (files_management.py): INFO: logger_dataset Line: 325 -   THABOR: 93 samples (Targets: 0: 71 (76.34%), 1: 22 (23.66%))
06/14/2024-10:46:24 AM: (files_management.py): INFO: logger_dataset Line: 325 -   VANOISE: 1357 samples (Targets: 0: 793 (58.44%), 1: 564 (41.56%))
06/14/2024-10:46:24 AM: (files_management.py): INFO: logger_dataset Line: 325 -   VERCORS: 197 samples (Targets: 0: 113 (57.36%), 1: 84 (42.64%))
06/14/2024-10:46:24 AM: (files_management.py): INFO: logger_dataset Line: 327 - __________________ Folds information __________________
06/14/2024-10:46:24 AM: (files_management.py): INFO: logger_fold Line: 352 - ------------------ Fold: 0 ------------------
06/14/2024-10:46:24 AM: (files_management.py): INFO: logger_fold Line: 362 -     - Distribution class train: 0: 3328 (50.00%), 1: 3328 (50.00%)
06/14/2024-10:46:24 AM: (files_management.py): INFO: logger_fold Line: 363 -     - Distribution class test: 0: 630 (63.38%), 1: 364 (36.62%)
06/14/2024-10:46:24 AM: (files_management.py): INFO: logger_fold Line: 364 -     - Train size: 87.01%
06/14/2024-10:46:24 AM: (files_management.py): INFO: logger_fold Line: 365 -     - Massif in train: ['BAUGES' 'BEAUFORTAIN' 'BELLEDONNE' 'CHARTEUSE' 'GRANDES-ROUSSES'
 'HTE-MAURIE' 'HTE-TARENT' 'MAURIENNE' 'MONT-BLANC' 'THABOR' 'VANOISE'
 'VERCORS']
06/14/2024-10:46:24 AM: (files_management.py): INFO: logger_fold Line: 366 -     - Massif in test: ['ARAVIS']
06/14/2024-10:46:24 AM: (files_management.py): INFO: logger_fold Line: 352 - ------------------ Fold: 1 ------------------
06/14/2024-10:46:24 AM: (files_management.py): INFO: logger_fold Line: 362 -     - Distribution class train: 0: 3128 (50.00%), 1: 3128 (50.00%)
06/14/2024-10:46:24 AM: (files_management.py): INFO: logger_fold Line: 363 -     - Distribution class test: 0: 793 (58.44%), 1: 564 (41.56%)
06/14/2024-10:46:24 AM: (files_management.py): INFO: logger_fold Line: 364 -     - Train size: 82.18%
06/14/2024-10:46:24 AM: (files_management.py): INFO: logger_fold Line: 365 -     - Massif in train: ['ARAVIS' 'BAUGES' 'BEAUFORTAIN' 'BELLEDONNE' 'CHARTEUSE'
 'GRANDES-ROUSSES' 'HTE-MAURIE' 'HTE-TARENT' 'MAURIENNE' 'MONT-BLANC'
 'THABOR' 'VERCORS']
06/14/2024-10:46:24 AM: (files_management.py): INFO: logger_fold Line: 366 -     - Massif in test: ['VANOISE']
06/14/2024-10:46:24 AM: (files_management.py): INFO: logger_fold Line: 352 - ------------------ Fold: 2 ------------------
06/14/2024-10:46:24 AM: (files_management.py): INFO: logger_fold Line: 362 -     - Distribution class train: 0: 3487 (50.00%), 1: 3487 (50.00%)
06/14/2024-10:46:24 AM: (files_management.py): INFO: logger_fold Line: 363 -     - Distribution class test: 0: 133 (39.35%), 1: 205 (60.65%)
06/14/2024-10:46:24 AM: (files_management.py): INFO: logger_fold Line: 364 -     - Train size: 95.38%
06/14/2024-10:46:24 AM: (files_management.py): INFO: logger_fold Line: 365 -     - Massif in train: ['ARAVIS' 'BAUGES' 'BEAUFORTAIN' 'BELLEDONNE' 'CHARTEUSE'
 'GRANDES-ROUSSES' 'HTE-MAURIE' 'MAURIENNE' 'MONT-BLANC' 'THABOR'
 'VANOISE' 'VERCORS']
06/14/2024-10:46:24 AM: (files_management.py): INFO: logger_fold Line: 366 -     - Massif in test: ['HTE-TARENT']
06/14/2024-10:46:24 AM: (files_management.py): INFO: logger_fold Line: 352 - ------------------ Fold: 3 ------------------
06/14/2024-10:46:24 AM: (files_management.py): INFO: logger_fold Line: 362 -     - Distribution class train: 0: 3222 (50.00%), 1: 3222 (50.00%)
06/14/2024-10:46:24 AM: (files_management.py): INFO: logger_fold Line: 363 -     - Distribution class test: 0: 431 (47.84%), 1: 470 (52.16%)
06/14/2024-10:46:24 AM: (files_management.py): INFO: logger_fold Line: 364 -     - Train size: 87.73%
06/14/2024-10:46:24 AM: (files_management.py): INFO: logger_fold Line: 365 -     - Massif in train: ['ARAVIS' 'BAUGES' 'BEAUFORTAIN' 'CHARTEUSE' 'GRANDES-ROUSSES'
 'HTE-MAURIE' 'HTE-TARENT' 'MAURIENNE' 'MONT-BLANC' 'THABOR' 'VANOISE'
 'VERCORS']
06/14/2024-10:46:24 AM: (files_management.py): INFO: logger_fold Line: 366 -     - Massif in test: ['BELLEDONNE']
06/14/2024-10:46:24 AM: (files_management.py): INFO: logger_fold Line: 352 - ------------------ Fold: 4 ------------------
06/14/2024-10:46:24 AM: (files_management.py): INFO: logger_fold Line: 362 -     - Distribution class train: 0: 3392 (50.00%), 1: 3392 (50.00%)
06/14/2024-10:46:24 AM: (files_management.py): INFO: logger_fold Line: 363 -     - Distribution class test: 0: 557 (64.99%), 1: 300 (35.01%)
06/14/2024-10:46:24 AM: (files_management.py): INFO: logger_fold Line: 364 -     - Train size: 88.78%
06/14/2024-10:46:24 AM: (files_management.py): INFO: logger_fold Line: 365 -     - Massif in train: ['ARAVIS' 'BEAUFORTAIN' 'BELLEDONNE' 'CHARTEUSE' 'GRANDES-ROUSSES'
 'HTE-MAURIE' 'HTE-TARENT' 'MAURIENNE' 'MONT-BLANC' 'THABOR' 'VANOISE'
 'VERCORS']
06/14/2024-10:46:24 AM: (files_management.py): INFO: logger_fold Line: 366 -     - Massif in test: ['BAUGES']
06/14/2024-10:46:24 AM: (files_management.py): INFO: logger_fold Line: 352 - ------------------ Fold: 5 ------------------
06/14/2024-10:46:24 AM: (files_management.py): INFO: logger_fold Line: 362 -     - Distribution class train: 0: 3397 (50.00%), 1: 3397 (50.00%)
06/14/2024-10:46:24 AM: (files_management.py): INFO: logger_fold Line: 363 -     - Distribution class test: 0: 266 (47.42%), 1: 295 (52.58%)
06/14/2024-10:46:24 AM: (files_management.py): INFO: logger_fold Line: 364 -     - Train size: 92.37%
06/14/2024-10:46:24 AM: (files_management.py): INFO: logger_fold Line: 365 -     - Massif in train: ['ARAVIS' 'BAUGES' 'BEAUFORTAIN' 'BELLEDONNE' 'CHARTEUSE'
 'GRANDES-ROUSSES' 'HTE-MAURIE' 'HTE-TARENT' 'MAURIENNE' 'THABOR'
 'VANOISE' 'VERCORS']
06/14/2024-10:46:24 AM: (files_management.py): INFO: logger_fold Line: 366 -     - Massif in test: ['MONT-BLANC']
06/14/2024-10:46:24 AM: (files_management.py): INFO: logger_fold Line: 352 - ------------------ Fold: 6 ------------------
06/14/2024-10:46:24 AM: (files_management.py): INFO: logger_fold Line: 362 -     - Distribution class train: 0: 3257 (50.00%), 1: 3257 (50.00%)
06/14/2024-10:46:24 AM: (files_management.py): INFO: logger_fold Line: 363 -     - Distribution class test: 0: 840 (65.88%), 1: 435 (34.12%)
06/14/2024-10:46:24 AM: (files_management.py): INFO: logger_fold Line: 364 -     - Train size: 83.63%
06/14/2024-10:46:24 AM: (files_management.py): INFO: logger_fold Line: 365 -     - Massif in train: ['ARAVIS' 'BAUGES' 'BELLEDONNE' 'CHARTEUSE' 'GRANDES-ROUSSES' 'HTE-MAURIE'
 'HTE-TARENT' 'MAURIENNE' 'MONT-BLANC' 'THABOR' 'VANOISE' 'VERCORS']
06/14/2024-10:46:24 AM: (files_management.py): INFO: logger_fold Line: 366 -     - Massif in test: ['BEAUFORTAIN']
06/14/2024-10:46:24 AM: (files_management.py): INFO: logger_fold Line: 352 - ------------------ Fold: 7 ------------------
06/14/2024-10:46:24 AM: (files_management.py): INFO: logger_fold Line: 362 -     - Distribution class train: 0: 3530 (50.00%), 1: 3530 (50.00%)
06/14/2024-10:46:24 AM: (files_management.py): INFO: logger_fold Line: 363 -     - Distribution class test: 0: 185 (53.31%), 1: 162 (46.69%)
06/14/2024-10:46:24 AM: (files_management.py): INFO: logger_fold Line: 364 -     - Train size: 95.32%
06/14/2024-10:46:24 AM: (files_management.py): INFO: logger_fold Line: 365 -     - Massif in train: ['ARAVIS' 'BAUGES' 'BEAUFORTAIN' 'BELLEDONNE' 'CHARTEUSE' 'HTE-MAURIE'
 'HTE-TARENT' 'MAURIENNE' 'MONT-BLANC' 'THABOR' 'VANOISE' 'VERCORS']
06/14/2024-10:46:24 AM: (files_management.py): INFO: logger_fold Line: 366 -     - Massif in test: ['GRANDES-ROUSSES']
06/14/2024-10:46:24 AM: (files_management.py): INFO: logger_fold Line: 352 - ------------------ Fold: 8 ------------------
06/14/2024-10:46:24 AM: (files_management.py): INFO: logger_fold Line: 362 -     - Distribution class train: 0: 3351 (50.00%), 1: 3351 (50.00%)
06/14/2024-10:46:24 AM: (files_management.py): INFO: logger_fold Line: 363 -     - Distribution class test: 0: 743 (68.54%), 1: 341 (31.46%)
06/14/2024-10:46:24 AM: (files_management.py): INFO: logger_fold Line: 364 -     - Train size: 86.08%
06/14/2024-10:46:24 AM: (files_management.py): INFO: logger_fold Line: 365 -     - Massif in train: ['ARAVIS' 'BAUGES' 'BEAUFORTAIN' 'BELLEDONNE' 'CHARTEUSE'
 'GRANDES-ROUSSES' 'HTE-MAURIE' 'HTE-TARENT' 'MONT-BLANC' 'THABOR'
 'VANOISE' 'VERCORS']
06/14/2024-10:46:24 AM: (files_management.py): INFO: logger_fold Line: 366 -     - Massif in test: ['MAURIENNE']
06/14/2024-10:46:24 AM: (files_management.py): INFO: logger_fold Line: 352 - ------------------ Fold: 9 ------------------
06/14/2024-10:46:24 AM: (files_management.py): INFO: logger_fold Line: 362 -     - Distribution class train: 0: 3566 (50.00%), 1: 3566 (50.00%)
06/14/2024-10:46:24 AM: (files_management.py): INFO: logger_fold Line: 363 -     - Distribution class test: 0: 186 (59.62%), 1: 126 (40.38%)
06/14/2024-10:46:24 AM: (files_management.py): INFO: logger_fold Line: 364 -     - Train size: 95.81%
06/14/2024-10:46:24 AM: (files_management.py): INFO: logger_fold Line: 365 -     - Massif in train: ['ARAVIS' 'BAUGES' 'BEAUFORTAIN' 'BELLEDONNE' 'CHARTEUSE'
 'GRANDES-ROUSSES' 'HTE-TARENT' 'MAURIENNE' 'MONT-BLANC' 'THABOR'
 'VANOISE' 'VERCORS']
06/14/2024-10:46:24 AM: (files_management.py): INFO: logger_fold Line: 366 -     - Massif in test: ['HTE-MAURIE']
06/14/2024-10:46:24 AM: (files_management.py): INFO: logger_fold Line: 352 - ------------------ Fold: 10 ------------------
06/14/2024-10:46:24 AM: (files_management.py): INFO: logger_fold Line: 362 -     - Distribution class train: 0: 3368 (50.00%), 1: 3368 (50.00%)
06/14/2024-10:46:24 AM: (files_management.py): INFO: logger_fold Line: 363 -     - Distribution class test: 0: 485 (59.95%), 1: 324 (40.05%)
06/14/2024-10:46:24 AM: (files_management.py): INFO: logger_fold Line: 364 -     - Train size: 89.28%
06/14/2024-10:46:24 AM: (files_management.py): INFO: logger_fold Line: 365 -     - Massif in train: ['ARAVIS' 'BAUGES' 'BEAUFORTAIN' 'BELLEDONNE' 'GRANDES-ROUSSES'
 'HTE-MAURIE' 'HTE-TARENT' 'MAURIENNE' 'MONT-BLANC' 'THABOR' 'VANOISE'
 'VERCORS']
06/14/2024-10:46:24 AM: (files_management.py): INFO: logger_fold Line: 366 -     - Massif in test: ['CHARTEUSE']
06/14/2024-10:46:24 AM: (files_management.py): INFO: logger_fold Line: 352 - ------------------ Fold: 11 ------------------
06/14/2024-10:46:24 AM: (files_management.py): INFO: logger_fold Line: 362 -     - Distribution class train: 0: 3670 (50.00%), 1: 3670 (50.00%)
06/14/2024-10:46:24 AM: (files_management.py): INFO: logger_fold Line: 363 -     - Distribution class test: 0: 71 (76.34%), 1: 22 (23.66%)
06/14/2024-10:46:24 AM: (files_management.py): INFO: logger_fold Line: 364 -     - Train size: 98.75%
06/14/2024-10:46:24 AM: (files_management.py): INFO: logger_fold Line: 365 -     - Massif in train: ['ARAVIS' 'BAUGES' 'BEAUFORTAIN' 'BELLEDONNE' 'CHARTEUSE'
 'GRANDES-ROUSSES' 'HTE-MAURIE' 'HTE-TARENT' 'MAURIENNE' 'MONT-BLANC'
 'VANOISE' 'VERCORS']
06/14/2024-10:46:24 AM: (files_management.py): INFO: logger_fold Line: 366 -     - Massif in test: ['THABOR']
06/14/2024-10:46:24 AM: (files_management.py): INFO: logger_fold Line: 352 - ------------------ Fold: 12 ------------------
06/14/2024-10:46:24 AM: (files_management.py): INFO: logger_fold Line: 362 -     - Distribution class train: 0: 3608 (50.00%), 1: 3608 (50.00%)
06/14/2024-10:46:24 AM: (files_management.py): INFO: logger_fold Line: 363 -     - Distribution class test: 0: 113 (57.36%), 1: 84 (42.64%)
06/14/2024-10:46:24 AM: (files_management.py): INFO: logger_fold Line: 364 -     - Train size: 97.34%
06/14/2024-10:46:24 AM: (files_management.py): INFO: logger_fold Line: 365 -     - Massif in train: ['ARAVIS' 'BAUGES' 'BEAUFORTAIN' 'BELLEDONNE' 'CHARTEUSE'
 'GRANDES-ROUSSES' 'HTE-MAURIE' 'HTE-TARENT' 'MAURIENNE' 'MONT-BLANC'
 'THABOR' 'VANOISE']
06/14/2024-10:46:24 AM: (files_management.py): INFO: logger_fold Line: 366 -     - Massif in test: ['VERCORS']
