07/02/2024-01:56:14 PM: (files_management.py): INFO: init_logger Line: 297 - Started
07/02/2024-01:56:14 PM: (learning_models.py): INFO: predict_dataset Line: 54 - ================== Fitting model AdaBoost_direct ==================
07/02/2024-01:56:26 PM: (files_management.py): INFO: save_metrics Line: 395 - __________________ Fold 0 with AdaBoost_direct __________________
07/02/2024-01:56:26 PM: (files_management.py): INFO: save_metrics Line: 406 -  f1_score_macro : 79.49
07/02/2024-01:56:26 PM: (files_management.py): INFO: save_metrics Line: 406 -  f1_score_weighted : 80.12
07/02/2024-01:56:26 PM: (files_management.py): INFO: save_metrics Line: 406 -  f1_score_multiclass : 
[83.55 75.43]
07/02/2024-01:56:26 PM: (files_management.py): INFO: save_metrics Line: 406 -  accuracy_score : 80.29
07/02/2024-01:56:26 PM: (files_management.py): INFO: save_metrics Line: 406 -  precision_score_macro : 80.16
07/02/2024-01:56:26 PM: (files_management.py): INFO: save_metrics Line: 406 -  recall_score_macro : 79.13
07/02/2024-01:56:26 PM: (files_management.py): INFO: save_metrics Line: 406 -  roc_auc_score : 79.13
07/02/2024-01:56:26 PM: (files_management.py): INFO: save_metrics Line: 406 -  log_loss : 68.65
07/02/2024-01:56:26 PM: (files_management.py): INFO: save_metrics Line: 406 -  kappa_score : 59.05
07/02/2024-01:56:26 PM: (files_management.py): INFO: save_metrics Line: 406 -  confusion_matrix :          0        1
0  86.5911  13.4089
1  28.3312  71.6688
07/02/2024-01:56:26 PM: (files_management.py): INFO: save_metrics Line: 406 -  training_time : 9.79
07/02/2024-01:56:26 PM: (files_management.py): INFO: save_metrics Line: 406 -  prediction_time : 2.50
07/02/2024-01:56:26 PM: (files_management.py): INFO: save_metrics Line: 395 - __________________ Fold 1 with AdaBoost_direct __________________
07/02/2024-01:56:26 PM: (files_management.py): INFO: save_metrics Line: 406 -  f1_score_macro : 75.32
07/02/2024-01:56:26 PM: (files_management.py): INFO: save_metrics Line: 406 -  f1_score_weighted : 75.61
07/02/2024-01:56:26 PM: (files_management.py): INFO: save_metrics Line: 406 -  f1_score_multiclass : 
[78.58 72.06]
07/02/2024-01:56:26 PM: (files_management.py): INFO: save_metrics Line: 406 -  accuracy_score : 75.75
07/02/2024-01:56:26 PM: (files_management.py): INFO: save_metrics Line: 406 -  precision_score_macro : 75.79
07/02/2024-01:56:26 PM: (files_management.py): INFO: save_metrics Line: 406 -  recall_score_macro : 75.17
07/02/2024-01:56:26 PM: (files_management.py): INFO: save_metrics Line: 406 -  roc_auc_score : 75.17
07/02/2024-01:56:26 PM: (files_management.py): INFO: save_metrics Line: 406 -  log_loss : 68.68
07/02/2024-01:56:26 PM: (files_management.py): INFO: save_metrics Line: 406 -  kappa_score : 50.75
07/02/2024-01:56:26 PM: (files_management.py): INFO: save_metrics Line: 406 -  confusion_matrix :          0        1
0  81.8270  18.1730
1  31.4815  68.5185
07/02/2024-01:56:26 PM: (files_management.py): INFO: save_metrics Line: 406 -  training_time : 9.48
07/02/2024-01:56:26 PM: (files_management.py): INFO: save_metrics Line: 406 -  prediction_time : 2.56
07/02/2024-01:56:26 PM: (files_management.py): INFO: save_metrics Line: 395 - __________________ Fold 2 with AdaBoost_direct __________________
07/02/2024-01:56:26 PM: (files_management.py): INFO: save_metrics Line: 406 -  f1_score_macro : 80.72
07/02/2024-01:56:26 PM: (files_management.py): INFO: save_metrics Line: 406 -  f1_score_weighted : 80.71
07/02/2024-01:56:26 PM: (files_management.py): INFO: save_metrics Line: 406 -  f1_score_multiclass : 
[81.59 79.84]
07/02/2024-01:56:26 PM: (files_management.py): INFO: save_metrics Line: 406 -  accuracy_score : 80.76
07/02/2024-01:56:26 PM: (files_management.py): INFO: save_metrics Line: 406 -  precision_score_macro : 81.07
07/02/2024-01:56:26 PM: (files_management.py): INFO: save_metrics Line: 406 -  recall_score_macro : 80.78
07/02/2024-01:56:26 PM: (files_management.py): INFO: save_metrics Line: 406 -  roc_auc_score : 80.78
07/02/2024-01:56:26 PM: (files_management.py): INFO: save_metrics Line: 406 -  log_loss : 68.64
07/02/2024-01:56:26 PM: (files_management.py): INFO: save_metrics Line: 406 -  kappa_score : 61.53
07/02/2024-01:56:26 PM: (files_management.py): INFO: save_metrics Line: 406 -  confusion_matrix :          0        1
0  85.7449  14.2551
1  24.1782  75.8218
07/02/2024-01:56:26 PM: (files_management.py): INFO: save_metrics Line: 406 -  training_time : 9.71
07/02/2024-01:56:26 PM: (files_management.py): INFO: save_metrics Line: 406 -  prediction_time : 2.56
07/02/2024-01:56:26 PM: (files_management.py): INFO: save_metrics Line: 395 - __________________ Fold 3 with AdaBoost_direct __________________
07/02/2024-01:56:26 PM: (files_management.py): INFO: save_metrics Line: 406 -  f1_score_macro : 77.44
07/02/2024-01:56:26 PM: (files_management.py): INFO: save_metrics Line: 406 -  f1_score_weighted : 77.57
07/02/2024-01:56:26 PM: (files_management.py): INFO: save_metrics Line: 406 -  f1_score_multiclass : 
[80.26 74.63]
07/02/2024-01:56:26 PM: (files_management.py): INFO: save_metrics Line: 406 -  accuracy_score : 77.80
07/02/2024-01:56:26 PM: (files_management.py): INFO: save_metrics Line: 406 -  precision_score_macro : 78.50
07/02/2024-01:56:26 PM: (files_management.py): INFO: save_metrics Line: 406 -  recall_score_macro : 77.38
07/02/2024-01:56:26 PM: (files_management.py): INFO: save_metrics Line: 406 -  roc_auc_score : 77.38
07/02/2024-01:56:26 PM: (files_management.py): INFO: save_metrics Line: 406 -  log_loss : 68.66
07/02/2024-01:56:26 PM: (files_management.py): INFO: save_metrics Line: 406 -  kappa_score : 55.17
07/02/2024-01:56:27 PM: (files_management.py): INFO: save_metrics Line: 406 -  confusion_matrix :          0        1
0  86.2588  13.7412
1  31.4978  68.5022
07/02/2024-01:56:27 PM: (files_management.py): INFO: save_metrics Line: 406 -  training_time : 7.03
07/02/2024-01:56:27 PM: (files_management.py): INFO: save_metrics Line: 406 -  prediction_time : 2.67
07/02/2024-01:56:27 PM: (files_management.py): INFO: save_metrics Line: 395 - __________________ Fold 4 with AdaBoost_direct __________________
07/02/2024-01:56:27 PM: (files_management.py): INFO: save_metrics Line: 406 -  f1_score_macro : 80.88
07/02/2024-01:56:27 PM: (files_management.py): INFO: save_metrics Line: 406 -  f1_score_weighted : 81.63
07/02/2024-01:56:27 PM: (files_management.py): INFO: save_metrics Line: 406 -  f1_score_multiclass : 
[84.76 77.01]
07/02/2024-01:56:27 PM: (files_management.py): INFO: save_metrics Line: 406 -  accuracy_score : 81.67
07/02/2024-01:56:27 PM: (files_management.py): INFO: save_metrics Line: 406 -  precision_score_macro : 81.04
07/02/2024-01:56:27 PM: (files_management.py): INFO: save_metrics Line: 406 -  recall_score_macro : 80.75
07/02/2024-01:56:27 PM: (files_management.py): INFO: save_metrics Line: 406 -  roc_auc_score : 80.75
07/02/2024-01:56:27 PM: (files_management.py): INFO: save_metrics Line: 406 -  log_loss : 68.74
07/02/2024-01:56:27 PM: (files_management.py): INFO: save_metrics Line: 406 -  kappa_score : 61.77
07/02/2024-01:56:27 PM: (files_management.py): INFO: save_metrics Line: 406 -  confusion_matrix :          0        1
0  85.5238  14.4762
1  24.0169  75.9831
07/02/2024-01:56:27 PM: (files_management.py): INFO: save_metrics Line: 406 -  training_time : 9.89
07/02/2024-01:56:27 PM: (files_management.py): INFO: save_metrics Line: 406 -  prediction_time : 2.36
07/02/2024-01:56:27 PM: (files_management.py): INFO: save_metrics Line: 395 - __________________ Fold 5 with AdaBoost_direct __________________
07/02/2024-01:56:27 PM: (files_management.py): INFO: save_metrics Line: 406 -  f1_score_macro : 79.13
07/02/2024-01:56:27 PM: (files_management.py): INFO: save_metrics Line: 406 -  f1_score_weighted : 80.49
07/02/2024-01:56:27 PM: (files_management.py): INFO: save_metrics Line: 406 -  f1_score_multiclass : 
[84.82 73.44]
07/02/2024-01:56:27 PM: (files_management.py): INFO: save_metrics Line: 406 -  accuracy_score : 80.68
07/02/2024-01:56:27 PM: (files_management.py): INFO: save_metrics Line: 406 -  precision_score_macro : 79.78
07/02/2024-01:56:27 PM: (files_management.py): INFO: save_metrics Line: 406 -  recall_score_macro : 78.67
07/02/2024-01:56:27 PM: (files_management.py): INFO: save_metrics Line: 406 -  roc_auc_score : 78.67
07/02/2024-01:56:27 PM: (files_management.py): INFO: save_metrics Line: 406 -  log_loss : 68.63
07/02/2024-01:56:27 PM: (files_management.py): INFO: save_metrics Line: 406 -  kappa_score : 58.30
07/02/2024-01:56:27 PM: (files_management.py): INFO: save_metrics Line: 406 -  confusion_matrix :          0        1
0  87.0256  12.9744
1  29.6830  70.3170
07/02/2024-01:56:27 PM: (files_management.py): INFO: save_metrics Line: 406 -  training_time : 9.85
07/02/2024-01:56:27 PM: (files_management.py): INFO: save_metrics Line: 406 -  prediction_time : 2.46
07/02/2024-01:56:27 PM: (files_management.py): INFO: save_metrics Line: 395 - __________________ Fold 6 with AdaBoost_direct __________________
07/02/2024-01:56:27 PM: (files_management.py): INFO: save_metrics Line: 406 -  f1_score_macro : 80.16
07/02/2024-01:56:27 PM: (files_management.py): INFO: save_metrics Line: 406 -  f1_score_weighted : 80.93
07/02/2024-01:56:27 PM: (files_management.py): INFO: save_metrics Line: 406 -  f1_score_multiclass : 
[83.95 76.36]
07/02/2024-01:56:27 PM: (files_management.py): INFO: save_metrics Line: 406 -  accuracy_score : 80.88
07/02/2024-01:56:27 PM: (files_management.py): INFO: save_metrics Line: 406 -  precision_score_macro : 80.01
07/02/2024-01:56:27 PM: (files_management.py): INFO: save_metrics Line: 406 -  recall_score_macro : 80.34
07/02/2024-01:56:27 PM: (files_management.py): INFO: save_metrics Line: 406 -  roc_auc_score : 80.34
07/02/2024-01:56:27 PM: (files_management.py): INFO: save_metrics Line: 406 -  log_loss : 68.70
07/02/2024-01:56:27 PM: (files_management.py): INFO: save_metrics Line: 406 -  kappa_score : 60.32
07/02/2024-01:56:27 PM: (files_management.py): INFO: save_metrics Line: 406 -  confusion_matrix :          0        1
0  83.0018  16.9982
1  22.3288  77.6712
07/02/2024-01:56:27 PM: (files_management.py): INFO: save_metrics Line: 406 -  training_time : 9.61
07/02/2024-01:56:27 PM: (files_management.py): INFO: save_metrics Line: 406 -  prediction_time : 2.51
